{"level":30,"time":1673047103838,"pid":6700,"hostname":"DESKTOP-II87B4O","msg":"Loading commands..."}
{"level":20,"time":1673047103859,"pid":6700,"hostname":"DESKTOP-II87B4O","msg":"Skipping command announce. Disabled!"}
{"level":20,"time":1673047103968,"pid":6700,"hostname":"DESKTOP-II87B4O","msg":"Skipping command roles-menu. Disabled!"}
{"level":20,"time":1673047104108,"pid":6700,"hostname":"DESKTOP-II87B4O","msg":"Skipping command logging. Disabled!"}
{"level":20,"time":1673047104123,"pid":6700,"hostname":"DESKTOP-II87B4O","msg":"Skipping command starboard. Disabled!"}
{"level":20,"time":1673047104126,"pid":6700,"hostname":"DESKTOP-II87B4O","msg":"Skipping command verify. Disabled!"}
{"level":20,"time":1673047104143,"pid":6700,"hostname":"DESKTOP-II87B4O","msg":"Skipping command trick-or-treat. Disabled!"}
{"level":20,"time":1673047104144,"pid":6700,"hostname":"DESKTOP-II87B4O","msg":"Skipping slash command trick-or-treat. Disabled!"}
{"level":20,"time":1673047104954,"pid":6700,"hostname":"DESKTOP-II87B4O","msg":"Skipping command changelog. Disabled!"}
{"level":20,"time":1673047104962,"pid":6700,"hostname":"DESKTOP-II87B4O","msg":"Skipping slash command avatar. Disabled!"}
{"level":20,"time":1673047104963,"pid":6700,"hostname":"DESKTOP-II87B4O","msg":"Skipping slash command botinvite. Disabled!"}
{"level":20,"time":1673047104966,"pid":6700,"hostname":"DESKTOP-II87B4O","msg":"Skipping slash command botstats. Disabled!"}
{"level":20,"time":1673047104968,"pid":6700,"hostname":"DESKTOP-II87B4O","msg":"Skipping slash command channelinfo. Disabled!"}
{"level":20,"time":1673047104970,"pid":6700,"hostname":"DESKTOP-II87B4O","msg":"Skipping slash command emojiinfo. Disabled!"}
{"level":20,"time":1673047104984,"pid":6700,"hostname":"DESKTOP-II87B4O","msg":"Skipping slash command guildinfo. Disabled!"}
{"level":20,"time":1673047104985,"pid":6700,"hostname":"DESKTOP-II87B4O","msg":"Skipping slash command uptime. Disabled!"}
{"level":20,"time":1673047104987,"pid":6700,"hostname":"DESKTOP-II87B4O","msg":"Skipping slash command userinfo. Disabled!"}
{"level":20,"time":1673047104990,"pid":6700,"hostname":"DESKTOP-II87B4O","msg":"Skipping command bot. Disabled!"}
{"level":20,"time":1673047104991,"pid":6700,"hostname":"DESKTOP-II87B4O","msg":"Skipping command info. Disabled!"}
{"level":20,"time":1673047105011,"pid":6700,"hostname":"DESKTOP-II87B4O","msg":"Skipping command channel. Disabled!"}
{"level":20,"time":1673047105015,"pid":6700,"hostname":"DESKTOP-II87B4O","msg":"Skipping slash command deafen. Disabled!"}
{"level":20,"time":1673047105016,"pid":6700,"hostname":"DESKTOP-II87B4O","msg":"Skipping slash command disconnect. Disabled!"}
{"level":20,"time":1673047105018,"pid":6700,"hostname":"DESKTOP-II87B4O","msg":"Skipping slash command move. Disabled!"}
{"level":20,"time":1673047105019,"pid":6700,"hostname":"DESKTOP-II87B4O","msg":"Skipping slash command purge. Disabled!"}
{"level":20,"time":1673047105020,"pid":6700,"hostname":"DESKTOP-II87B4O","msg":"Skipping slash command purgeattach. Disabled!"}
{"level":20,"time":1673047105022,"pid":6700,"hostname":"DESKTOP-II87B4O","msg":"Skipping slash command purgebots. Disabled!"}
{"level":20,"time":1673047105023,"pid":6700,"hostname":"DESKTOP-II87B4O","msg":"Skipping slash command purgelinks. Disabled!"}
{"level":20,"time":1673047105024,"pid":6700,"hostname":"DESKTOP-II87B4O","msg":"Skipping slash command purgetoken. Disabled!"}
{"level":20,"time":1673047105025,"pid":6700,"hostname":"DESKTOP-II87B4O","msg":"Skipping slash command purgeuser. Disabled!"}
{"level":20,"time":1673047105026,"pid":6700,"hostname":"DESKTOP-II87B4O","msg":"Skipping slash command undeafen. Disabled!"}
{"level":20,"time":1673047105028,"pid":6700,"hostname":"DESKTOP-II87B4O","msg":"Skipping slash command vmute. Disabled!"}
{"level":20,"time":1673047105029,"pid":6700,"hostname":"DESKTOP-II87B4O","msg":"Skipping slash command vunmute. Disabled!"}
{"level":20,"time":1673047105031,"pid":6700,"hostname":"DESKTOP-II87B4O","msg":"Skipping command role. Disabled!"}
{"level":20,"time":1673047105033,"pid":6700,"hostname":"DESKTOP-II87B4O","msg":"Skipping command purge. Disabled!"}
{"level":20,"time":1673047105035,"pid":6700,"hostname":"DESKTOP-II87B4O","msg":"Skipping command voice. Disabled!"}
{"level":20,"time":1673047105046,"pid":6700,"hostname":"DESKTOP-II87B4O","msg":"Skipping command blacklist. Disabled!"}
{"level":20,"time":1673047105047,"pid":6700,"hostname":"DESKTOP-II87B4O","msg":"Skipping command emit. Disabled!"}
{"level":20,"time":1673047105047,"pid":6700,"hostname":"DESKTOP-II87B4O","msg":"Skipping slash command emit. Disabled!"}
{"level":20,"time":1673047105048,"pid":6700,"hostname":"DESKTOP-II87B4O","msg":"Skipping slash command eval. Disabled!"}
{"level":20,"time":1673047105049,"pid":6700,"hostname":"DESKTOP-II87B4O","msg":"Skipping slash command leaveserver. Disabled!"}
{"level":20,"time":1673047105050,"pid":6700,"hostname":"DESKTOP-II87B4O","msg":"Skipping slash command listservers. Disabled!"}
{"level":20,"time":1673047105067,"pid":6700,"hostname":"DESKTOP-II87B4O","msg":"Skipping command afk. Disabled!"}
{"level":30,"time":1673047105093,"pid":6700,"hostname":"DESKTOP-II87B4O","msg":"Loaded 96 commands"}
{"level":30,"time":1673047105093,"pid":6700,"hostname":"DESKTOP-II87B4O","msg":"Loaded 87 slash commands"}
{"level":30,"time":1673047105093,"pid":6700,"hostname":"DESKTOP-II87B4O","msg":"Loading contexts..."}
{"level":30,"time":1673047105095,"pid":6700,"hostname":"DESKTOP-II87B4O","msg":"Loaded 0 USER contexts"}
{"level":30,"time":1673047105095,"pid":6700,"hostname":"DESKTOP-II87B4O","msg":"Loaded 0 MESSAGE contexts"}
{"level":30,"time":1673047105095,"pid":6700,"hostname":"DESKTOP-II87B4O","msg":"Loading events..."}
{"level":30,"time":1673047105175,"pid":6700,"hostname":"DESKTOP-II87B4O","msg":"Loaded 25 events. Success (25) Failed (0)"}
{"level":30,"time":1673047105175,"pid":6700,"hostname":"DESKTOP-II87B4O","msg":"Connecting to MongoDb..."}
{"level":30,"time":1673047105204,"pid":6700,"hostname":"DESKTOP-II87B4O","msg":"Downtime alerts started on 25999"}
{"level":50,"time":1673047105280,"pid":6700,"hostname":"DESKTOP-II87B4O","err":{"type":"Error","message":"querySrv ENOTFOUND _mongodb._tcp.cluster0.exh6ogn.mongodb.net","stack":"Error: querySrv ENOTFOUND _mongodb._tcp.cluster0.exh6ogn.mongodb.net\n    at QueryReqWrap.onresolve [as oncomplete] (node:internal/dns/callback_resolver:47:19)","code":"ENOTFOUND","syscall":"querySrv","hostname":"_mongodb._tcp.cluster0.exh6ogn.mongodb.net"},"msg":"Mongoose: Failed to connect to database: querySrv ENOTFOUND _mongodb._tcp.cluster0.exh6ogn.mongodb.net"}
{"level":30,"time":1673047108595,"pid":528,"hostname":"DESKTOP-II87B4O","msg":"Loading commands..."}
{"level":20,"time":1673047108618,"pid":528,"hostname":"DESKTOP-II87B4O","msg":"Skipping command announce. Disabled!"}
{"level":20,"time":1673047108711,"pid":528,"hostname":"DESKTOP-II87B4O","msg":"Skipping command roles-menu. Disabled!"}
{"level":20,"time":1673047108826,"pid":528,"hostname":"DESKTOP-II87B4O","msg":"Skipping command logging. Disabled!"}
{"level":20,"time":1673047108835,"pid":528,"hostname":"DESKTOP-II87B4O","msg":"Skipping command starboard. Disabled!"}
{"level":20,"time":1673047108838,"pid":528,"hostname":"DESKTOP-II87B4O","msg":"Skipping command verify. Disabled!"}
{"level":20,"time":1673047108855,"pid":528,"hostname":"DESKTOP-II87B4O","msg":"Skipping command trick-or-treat. Disabled!"}
{"level":20,"time":1673047108855,"pid":528,"hostname":"DESKTOP-II87B4O","msg":"Skipping slash command trick-or-treat. Disabled!"}
{"level":20,"time":1673047109520,"pid":528,"hostname":"DESKTOP-II87B4O","msg":"Skipping command changelog. Disabled!"}
{"level":20,"time":1673047109527,"pid":528,"hostname":"DESKTOP-II87B4O","msg":"Skipping slash command avatar. Disabled!"}
{"level":20,"time":1673047109529,"pid":528,"hostname":"DESKTOP-II87B4O","msg":"Skipping slash command botinvite. Disabled!"}
{"level":20,"time":1673047109533,"pid":528,"hostname":"DESKTOP-II87B4O","msg":"Skipping slash command botstats. Disabled!"}
{"level":20,"time":1673047109536,"pid":528,"hostname":"DESKTOP-II87B4O","msg":"Skipping slash command channelinfo. Disabled!"}
{"level":20,"time":1673047109538,"pid":528,"hostname":"DESKTOP-II87B4O","msg":"Skipping slash command emojiinfo. Disabled!"}
{"level":20,"time":1673047109554,"pid":528,"hostname":"DESKTOP-II87B4O","msg":"Skipping slash command guildinfo. Disabled!"}
{"level":20,"time":1673047109556,"pid":528,"hostname":"DESKTOP-II87B4O","msg":"Skipping slash command uptime. Disabled!"}
{"level":20,"time":1673047109559,"pid":528,"hostname":"DESKTOP-II87B4O","msg":"Skipping slash command userinfo. Disabled!"}
{"level":20,"time":1673047109567,"pid":528,"hostname":"DESKTOP-II87B4O","msg":"Skipping command bot. Disabled!"}
{"level":20,"time":1673047109569,"pid":528,"hostname":"DESKTOP-II87B4O","msg":"Skipping command info. Disabled!"}
{"level":20,"time":1673047109591,"pid":528,"hostname":"DESKTOP-II87B4O","msg":"Skipping command channel. Disabled!"}
{"level":20,"time":1673047109594,"pid":528,"hostname":"DESKTOP-II87B4O","msg":"Skipping slash command deafen. Disabled!"}
{"level":20,"time":1673047109597,"pid":528,"hostname":"DESKTOP-II87B4O","msg":"Skipping slash command disconnect. Disabled!"}
{"level":20,"time":1673047109600,"pid":528,"hostname":"DESKTOP-II87B4O","msg":"Skipping slash command move. Disabled!"}
{"level":20,"time":1673047109601,"pid":528,"hostname":"DESKTOP-II87B4O","msg":"Skipping slash command purge. Disabled!"}
{"level":20,"time":1673047109601,"pid":528,"hostname":"DESKTOP-II87B4O","msg":"Skipping slash command purgeattach. Disabled!"}
{"level":20,"time":1673047109602,"pid":528,"hostname":"DESKTOP-II87B4O","msg":"Skipping slash command purgebots. Disabled!"}
{"level":20,"time":1673047109603,"pid":528,"hostname":"DESKTOP-II87B4O","msg":"Skipping slash command purgelinks. Disabled!"}
{"level":20,"time":1673047109604,"pid":528,"hostname":"DESKTOP-II87B4O","msg":"Skipping slash command purgetoken. Disabled!"}
{"level":20,"time":1673047109605,"pid":528,"hostname":"DESKTOP-II87B4O","msg":"Skipping slash command purgeuser. Disabled!"}
{"level":20,"time":1673047109607,"pid":528,"hostname":"DESKTOP-II87B4O","msg":"Skipping slash command undeafen. Disabled!"}
{"level":20,"time":1673047109609,"pid":528,"hostname":"DESKTOP-II87B4O","msg":"Skipping slash command vmute. Disabled!"}
{"level":20,"time":1673047109611,"pid":528,"hostname":"DESKTOP-II87B4O","msg":"Skipping slash command vunmute. Disabled!"}
{"level":20,"time":1673047109615,"pid":528,"hostname":"DESKTOP-II87B4O","msg":"Skipping command role. Disabled!"}
{"level":20,"time":1673047109618,"pid":528,"hostname":"DESKTOP-II87B4O","msg":"Skipping command purge. Disabled!"}
{"level":20,"time":1673047109621,"pid":528,"hostname":"DESKTOP-II87B4O","msg":"Skipping command voice. Disabled!"}
{"level":20,"time":1673047109636,"pid":528,"hostname":"DESKTOP-II87B4O","msg":"Skipping command blacklist. Disabled!"}
{"level":20,"time":1673047109637,"pid":528,"hostname":"DESKTOP-II87B4O","msg":"Skipping command emit. Disabled!"}
{"level":20,"time":1673047109637,"pid":528,"hostname":"DESKTOP-II87B4O","msg":"Skipping slash command emit. Disabled!"}
{"level":20,"time":1673047109639,"pid":528,"hostname":"DESKTOP-II87B4O","msg":"Skipping slash command eval. Disabled!"}
{"level":20,"time":1673047109639,"pid":528,"hostname":"DESKTOP-II87B4O","msg":"Skipping slash command leaveserver. Disabled!"}
{"level":20,"time":1673047109640,"pid":528,"hostname":"DESKTOP-II87B4O","msg":"Skipping slash command listservers. Disabled!"}
{"level":20,"time":1673047109663,"pid":528,"hostname":"DESKTOP-II87B4O","msg":"Skipping command afk. Disabled!"}
{"level":30,"time":1673047109682,"pid":528,"hostname":"DESKTOP-II87B4O","msg":"Loaded 96 commands"}
{"level":30,"time":1673047109682,"pid":528,"hostname":"DESKTOP-II87B4O","msg":"Loaded 87 slash commands"}
{"level":30,"time":1673047109682,"pid":528,"hostname":"DESKTOP-II87B4O","msg":"Loading contexts..."}
{"level":30,"time":1673047109684,"pid":528,"hostname":"DESKTOP-II87B4O","msg":"Loaded 0 USER contexts"}
{"level":30,"time":1673047109684,"pid":528,"hostname":"DESKTOP-II87B4O","msg":"Loaded 0 MESSAGE contexts"}
{"level":30,"time":1673047109684,"pid":528,"hostname":"DESKTOP-II87B4O","msg":"Loading events..."}
{"level":30,"time":1673047109765,"pid":528,"hostname":"DESKTOP-II87B4O","msg":"Loaded 25 events. Success (25) Failed (0)"}
{"level":30,"time":1673047109766,"pid":528,"hostname":"DESKTOP-II87B4O","msg":"Connecting to MongoDb..."}
{"level":30,"time":1673047109790,"pid":528,"hostname":"DESKTOP-II87B4O","msg":"Downtime alerts started on 25999"}
{"level":50,"time":1673047109869,"pid":528,"hostname":"DESKTOP-II87B4O","err":{"type":"Error","message":"querySrv ENOTFOUND _mongodb._tcp.cluster0.exh6ogn.mongodb.net","stack":"Error: querySrv ENOTFOUND _mongodb._tcp.cluster0.exh6ogn.mongodb.net\n    at QueryReqWrap.onresolve [as oncomplete] (node:internal/dns/callback_resolver:47:19)","code":"ENOTFOUND","syscall":"querySrv","hostname":"_mongodb._tcp.cluster0.exh6ogn.mongodb.net"},"msg":"Mongoose: Failed to connect to database: querySrv ENOTFOUND _mongodb._tcp.cluster0.exh6ogn.mongodb.net"}
{"level":30,"time":1673047134317,"pid":1960,"hostname":"DESKTOP-II87B4O","msg":"Loading commands..."}
{"level":20,"time":1673047134337,"pid":1960,"hostname":"DESKTOP-II87B4O","msg":"Skipping command announce. Disabled!"}
{"level":20,"time":1673047134411,"pid":1960,"hostname":"DESKTOP-II87B4O","msg":"Skipping command roles-menu. Disabled!"}
{"level":20,"time":1673047134503,"pid":1960,"hostname":"DESKTOP-II87B4O","msg":"Skipping command logging. Disabled!"}
{"level":20,"time":1673047134517,"pid":1960,"hostname":"DESKTOP-II87B4O","msg":"Skipping command starboard. Disabled!"}
{"level":20,"time":1673047134519,"pid":1960,"hostname":"DESKTOP-II87B4O","msg":"Skipping command verify. Disabled!"}
{"level":20,"time":1673047134534,"pid":1960,"hostname":"DESKTOP-II87B4O","msg":"Skipping command trick-or-treat. Disabled!"}
{"level":20,"time":1673047134534,"pid":1960,"hostname":"DESKTOP-II87B4O","msg":"Skipping slash command trick-or-treat. Disabled!"}
{"level":20,"time":1673047135183,"pid":1960,"hostname":"DESKTOP-II87B4O","msg":"Skipping command changelog. Disabled!"}
{"level":20,"time":1673047135192,"pid":1960,"hostname":"DESKTOP-II87B4O","msg":"Skipping slash command avatar. Disabled!"}
{"level":20,"time":1673047135193,"pid":1960,"hostname":"DESKTOP-II87B4O","msg":"Skipping slash command botinvite. Disabled!"}
{"level":20,"time":1673047135196,"pid":1960,"hostname":"DESKTOP-II87B4O","msg":"Skipping slash command botstats. Disabled!"}
{"level":20,"time":1673047135199,"pid":1960,"hostname":"DESKTOP-II87B4O","msg":"Skipping slash command channelinfo. Disabled!"}
{"level":20,"time":1673047135201,"pid":1960,"hostname":"DESKTOP-II87B4O","msg":"Skipping slash command emojiinfo. Disabled!"}
{"level":20,"time":1673047135216,"pid":1960,"hostname":"DESKTOP-II87B4O","msg":"Skipping slash command guildinfo. Disabled!"}
{"level":20,"time":1673047135217,"pid":1960,"hostname":"DESKTOP-II87B4O","msg":"Skipping slash command uptime. Disabled!"}
{"level":20,"time":1673047135219,"pid":1960,"hostname":"DESKTOP-II87B4O","msg":"Skipping slash command userinfo. Disabled!"}
{"level":20,"time":1673047135222,"pid":1960,"hostname":"DESKTOP-II87B4O","msg":"Skipping command bot. Disabled!"}
{"level":20,"time":1673047135224,"pid":1960,"hostname":"DESKTOP-II87B4O","msg":"Skipping command info. Disabled!"}
{"level":20,"time":1673047135242,"pid":1960,"hostname":"DESKTOP-II87B4O","msg":"Skipping command channel. Disabled!"}
{"level":20,"time":1673047135247,"pid":1960,"hostname":"DESKTOP-II87B4O","msg":"Skipping slash command deafen. Disabled!"}
{"level":20,"time":1673047135248,"pid":1960,"hostname":"DESKTOP-II87B4O","msg":"Skipping slash command disconnect. Disabled!"}
{"level":20,"time":1673047135250,"pid":1960,"hostname":"DESKTOP-II87B4O","msg":"Skipping slash command move. Disabled!"}
{"level":20,"time":1673047135251,"pid":1960,"hostname":"DESKTOP-II87B4O","msg":"Skipping slash command purge. Disabled!"}
{"level":20,"time":1673047135252,"pid":1960,"hostname":"DESKTOP-II87B4O","msg":"Skipping slash command purgeattach. Disabled!"}
{"level":20,"time":1673047135253,"pid":1960,"hostname":"DESKTOP-II87B4O","msg":"Skipping slash command purgebots. Disabled!"}
{"level":20,"time":1673047135254,"pid":1960,"hostname":"DESKTOP-II87B4O","msg":"Skipping slash command purgelinks. Disabled!"}
{"level":20,"time":1673047135255,"pid":1960,"hostname":"DESKTOP-II87B4O","msg":"Skipping slash command purgetoken. Disabled!"}
{"level":20,"time":1673047135256,"pid":1960,"hostname":"DESKTOP-II87B4O","msg":"Skipping slash command purgeuser. Disabled!"}
{"level":20,"time":1673047135257,"pid":1960,"hostname":"DESKTOP-II87B4O","msg":"Skipping slash command undeafen. Disabled!"}
{"level":20,"time":1673047135260,"pid":1960,"hostname":"DESKTOP-II87B4O","msg":"Skipping slash command vmute. Disabled!"}
{"level":20,"time":1673047135263,"pid":1960,"hostname":"DESKTOP-II87B4O","msg":"Skipping slash command vunmute. Disabled!"}
{"level":20,"time":1673047135266,"pid":1960,"hostname":"DESKTOP-II87B4O","msg":"Skipping command role. Disabled!"}
{"level":20,"time":1673047135268,"pid":1960,"hostname":"DESKTOP-II87B4O","msg":"Skipping command purge. Disabled!"}
{"level":20,"time":1673047135270,"pid":1960,"hostname":"DESKTOP-II87B4O","msg":"Skipping command voice. Disabled!"}
{"level":20,"time":1673047135283,"pid":1960,"hostname":"DESKTOP-II87B4O","msg":"Skipping command blacklist. Disabled!"}
{"level":20,"time":1673047135284,"pid":1960,"hostname":"DESKTOP-II87B4O","msg":"Skipping command emit. Disabled!"}
{"level":20,"time":1673047135284,"pid":1960,"hostname":"DESKTOP-II87B4O","msg":"Skipping slash command emit. Disabled!"}
{"level":20,"time":1673047135285,"pid":1960,"hostname":"DESKTOP-II87B4O","msg":"Skipping slash command eval. Disabled!"}
{"level":20,"time":1673047135286,"pid":1960,"hostname":"DESKTOP-II87B4O","msg":"Skipping slash command leaveserver. Disabled!"}
{"level":20,"time":1673047135287,"pid":1960,"hostname":"DESKTOP-II87B4O","msg":"Skipping slash command listservers. Disabled!"}
{"level":20,"time":1673047135308,"pid":1960,"hostname":"DESKTOP-II87B4O","msg":"Skipping command afk. Disabled!"}
{"level":30,"time":1673047135326,"pid":1960,"hostname":"DESKTOP-II87B4O","msg":"Loaded 96 commands"}
{"level":30,"time":1673047135326,"pid":1960,"hostname":"DESKTOP-II87B4O","msg":"Loaded 87 slash commands"}
{"level":30,"time":1673047135326,"pid":1960,"hostname":"DESKTOP-II87B4O","msg":"Loading contexts..."}
{"level":30,"time":1673047135328,"pid":1960,"hostname":"DESKTOP-II87B4O","msg":"Loaded 0 USER contexts"}
{"level":30,"time":1673047135328,"pid":1960,"hostname":"DESKTOP-II87B4O","msg":"Loaded 0 MESSAGE contexts"}
{"level":30,"time":1673047135329,"pid":1960,"hostname":"DESKTOP-II87B4O","msg":"Loading events..."}
{"level":30,"time":1673047135410,"pid":1960,"hostname":"DESKTOP-II87B4O","msg":"Loaded 25 events. Success (25) Failed (0)"}
{"level":30,"time":1673047135411,"pid":1960,"hostname":"DESKTOP-II87B4O","msg":"Connecting to MongoDb..."}
{"level":30,"time":1673047135435,"pid":1960,"hostname":"DESKTOP-II87B4O","msg":"Downtime alerts started on 25999"}
{"level":30,"time":1673047136871,"pid":1960,"hostname":"DESKTOP-II87B4O","msg":"Mongoose: Database connection established"}
{"level":30,"time":1673047136871,"pid":1960,"hostname":"DESKTOP-II87B4O","msg":"Launching dashboard"}
{"level":30,"time":1673047136957,"pid":1960,"hostname":"DESKTOP-II87B4O","msg":"Lightning dashboard is listening on port 25008"}
{"level":30,"time":1673047142760,"pid":1960,"hostname":"DESKTOP-II87B4O","msg":"Logged in as Elon's Testing Bot#6842! (1024458057188659293)"}
{"level":30,"time":1673047142761,"pid":1960,"hostname":"DESKTOP-II87B4O","msg":"Initializing giveaways manager..."}
{"level":30,"time":1673047142883,"pid":1960,"hostname":"DESKTOP-II87B4O","msg":"Giveaway Manager initialized"}
{"level":30,"time":1673047143607,"pid":1960,"hostname":"DESKTOP-II87B4O","msg":"Successfully registered interactions"}
{"level":30,"time":1673047143705,"pid":1960,"hostname":"DESKTOP-II87B4O","msg":"Total Clusters: 1"}
{"level":30,"time":1673047143705,"pid":1960,"hostname":"DESKTOP-II87B4O","msg":"Connected to cluster 0"}
{"level":30,"time":1673047143705,"pid":1960,"hostname":"DESKTOP-II87B4O","msg":"Total Shards: 2"}
{"level":30,"time":1673047143712,"pid":1960,"hostname":"DESKTOP-II87B4O","msg":"2 total guilds"}
{"level":30,"time":1673047173817,"pid":14996,"hostname":"DESKTOP-II87B4O","msg":"Loading commands..."}
{"level":20,"time":1673047173908,"pid":14996,"hostname":"DESKTOP-II87B4O","msg":"Skipping command announce. Disabled!"}
{"level":20,"time":1673047174553,"pid":14996,"hostname":"DESKTOP-II87B4O","msg":"Skipping command roles-menu. Disabled!"}
{"level":20,"time":1673047174797,"pid":14996,"hostname":"DESKTOP-II87B4O","msg":"Skipping command logging. Disabled!"}
{"level":20,"time":1673047174834,"pid":14996,"hostname":"DESKTOP-II87B4O","msg":"Skipping command starboard. Disabled!"}
{"level":20,"time":1673047174846,"pid":14996,"hostname":"DESKTOP-II87B4O","msg":"Skipping command verify. Disabled!"}
{"level":20,"time":1673047174885,"pid":14996,"hostname":"DESKTOP-II87B4O","msg":"Skipping command trick-or-treat. Disabled!"}
{"level":20,"time":1673047174885,"pid":14996,"hostname":"DESKTOP-II87B4O","msg":"Skipping slash command trick-or-treat. Disabled!"}
{"level":20,"time":1673047176556,"pid":14996,"hostname":"DESKTOP-II87B4O","msg":"Skipping command changelog. Disabled!"}
{"level":20,"time":1673047176582,"pid":14996,"hostname":"DESKTOP-II87B4O","msg":"Skipping slash command avatar. Disabled!"}
{"level":20,"time":1673047176600,"pid":14996,"hostname":"DESKTOP-II87B4O","msg":"Skipping slash command botinvite. Disabled!"}
{"level":20,"time":1673047176759,"pid":14996,"hostname":"DESKTOP-II87B4O","msg":"Skipping slash command botstats. Disabled!"}
{"level":20,"time":1673047176774,"pid":14996,"hostname":"DESKTOP-II87B4O","msg":"Skipping slash command channelinfo. Disabled!"}
{"level":20,"time":1673047176777,"pid":14996,"hostname":"DESKTOP-II87B4O","msg":"Skipping slash command emojiinfo. Disabled!"}
{"level":20,"time":1673047176864,"pid":14996,"hostname":"DESKTOP-II87B4O","msg":"Skipping slash command guildinfo. Disabled!"}
{"level":20,"time":1673047176866,"pid":14996,"hostname":"DESKTOP-II87B4O","msg":"Skipping slash command uptime. Disabled!"}
{"level":20,"time":1673047176870,"pid":14996,"hostname":"DESKTOP-II87B4O","msg":"Skipping slash command userinfo. Disabled!"}
{"level":20,"time":1673047176883,"pid":14996,"hostname":"DESKTOP-II87B4O","msg":"Skipping command bot. Disabled!"}
{"level":20,"time":1673047176886,"pid":14996,"hostname":"DESKTOP-II87B4O","msg":"Skipping command info. Disabled!"}
{"level":20,"time":1673047176975,"pid":14996,"hostname":"DESKTOP-II87B4O","msg":"Skipping command channel. Disabled!"}
{"level":20,"time":1673047176998,"pid":14996,"hostname":"DESKTOP-II87B4O","msg":"Skipping slash command deafen. Disabled!"}
{"level":20,"time":1673047177002,"pid":14996,"hostname":"DESKTOP-II87B4O","msg":"Skipping slash command disconnect. Disabled!"}
{"level":20,"time":1673047177023,"pid":14996,"hostname":"DESKTOP-II87B4O","msg":"Skipping slash command move. Disabled!"}
{"level":20,"time":1673047177025,"pid":14996,"hostname":"DESKTOP-II87B4O","msg":"Skipping slash command purge. Disabled!"}
{"level":20,"time":1673047177032,"pid":14996,"hostname":"DESKTOP-II87B4O","msg":"Skipping slash command purgeattach. Disabled!"}
{"level":20,"time":1673047177034,"pid":14996,"hostname":"DESKTOP-II87B4O","msg":"Skipping slash command purgebots. Disabled!"}
{"level":20,"time":1673047177036,"pid":14996,"hostname":"DESKTOP-II87B4O","msg":"Skipping slash command purgelinks. Disabled!"}
{"level":20,"time":1673047177037,"pid":14996,"hostname":"DESKTOP-II87B4O","msg":"Skipping slash command purgetoken. Disabled!"}
{"level":20,"time":1673047177039,"pid":14996,"hostname":"DESKTOP-II87B4O","msg":"Skipping slash command purgeuser. Disabled!"}
{"level":20,"time":1673047177043,"pid":14996,"hostname":"DESKTOP-II87B4O","msg":"Skipping slash command undeafen. Disabled!"}
{"level":20,"time":1673047177049,"pid":14996,"hostname":"DESKTOP-II87B4O","msg":"Skipping slash command vmute. Disabled!"}
{"level":20,"time":1673047177053,"pid":14996,"hostname":"DESKTOP-II87B4O","msg":"Skipping slash command vunmute. Disabled!"}
{"level":20,"time":1673047177056,"pid":14996,"hostname":"DESKTOP-II87B4O","msg":"Skipping command role. Disabled!"}
{"level":20,"time":1673047177060,"pid":14996,"hostname":"DESKTOP-II87B4O","msg":"Skipping command purge. Disabled!"}
{"level":20,"time":1673047177067,"pid":14996,"hostname":"DESKTOP-II87B4O","msg":"Skipping command voice. Disabled!"}
{"level":20,"time":1673047177125,"pid":14996,"hostname":"DESKTOP-II87B4O","msg":"Skipping command blacklist. Disabled!"}
{"level":20,"time":1673047177127,"pid":14996,"hostname":"DESKTOP-II87B4O","msg":"Skipping command emit. Disabled!"}
{"level":20,"time":1673047177127,"pid":14996,"hostname":"DESKTOP-II87B4O","msg":"Skipping slash command emit. Disabled!"}
{"level":20,"time":1673047177131,"pid":14996,"hostname":"DESKTOP-II87B4O","msg":"Skipping slash command eval. Disabled!"}
{"level":20,"time":1673047177132,"pid":14996,"hostname":"DESKTOP-II87B4O","msg":"Skipping slash command leaveserver. Disabled!"}
{"level":20,"time":1673047177135,"pid":14996,"hostname":"DESKTOP-II87B4O","msg":"Skipping slash command listservers. Disabled!"}
{"level":20,"time":1673047177223,"pid":14996,"hostname":"DESKTOP-II87B4O","msg":"Skipping command afk. Disabled!"}
{"level":30,"time":1673047177321,"pid":14996,"hostname":"DESKTOP-II87B4O","msg":"Loaded 96 commands"}
{"level":30,"time":1673047177321,"pid":14996,"hostname":"DESKTOP-II87B4O","msg":"Loaded 87 slash commands"}
{"level":30,"time":1673047177322,"pid":14996,"hostname":"DESKTOP-II87B4O","msg":"Loading contexts..."}
{"level":30,"time":1673047177327,"pid":14996,"hostname":"DESKTOP-II87B4O","msg":"Loaded 0 USER contexts"}
{"level":30,"time":1673047177327,"pid":14996,"hostname":"DESKTOP-II87B4O","msg":"Loaded 0 MESSAGE contexts"}
{"level":30,"time":1673047177327,"pid":14996,"hostname":"DESKTOP-II87B4O","msg":"Loading events..."}
{"level":30,"time":1673047177728,"pid":14996,"hostname":"DESKTOP-II87B4O","msg":"Loaded 25 events. Success (25) Failed (0)"}
{"level":30,"time":1673047177729,"pid":14996,"hostname":"DESKTOP-II87B4O","msg":"Connecting to MongoDb..."}
{"level":30,"time":1673047177823,"pid":14996,"hostname":"DESKTOP-II87B4O","msg":"Downtime alerts started on 25999"}
{"level":30,"time":1673047179229,"pid":14996,"hostname":"DESKTOP-II87B4O","msg":"Mongoose: Database connection established"}
{"level":30,"time":1673047179229,"pid":14996,"hostname":"DESKTOP-II87B4O","msg":"Launching dashboard"}
{"level":30,"time":1673047179347,"pid":14996,"hostname":"DESKTOP-II87B4O","msg":"Lightning dashboard is listening on port 8080"}
{"level":30,"time":1673047185193,"pid":14996,"hostname":"DESKTOP-II87B4O","msg":"Logged in as Elon's Testing Bot#6842! (1024458057188659293)"}
{"level":30,"time":1673047185193,"pid":14996,"hostname":"DESKTOP-II87B4O","msg":"Initializing giveaways manager..."}
{"level":30,"time":1673047185320,"pid":14996,"hostname":"DESKTOP-II87B4O","msg":"Giveaway Manager initialized"}
{"level":30,"time":1673047185840,"pid":14996,"hostname":"DESKTOP-II87B4O","msg":"Successfully registered interactions"}
{"level":30,"time":1673047185945,"pid":14996,"hostname":"DESKTOP-II87B4O","msg":"Total Clusters: 1"}
{"level":30,"time":1673047185945,"pid":14996,"hostname":"DESKTOP-II87B4O","msg":"Connected to cluster 0"}
{"level":30,"time":1673047185945,"pid":14996,"hostname":"DESKTOP-II87B4O","msg":"Total Shards: 2"}
{"level":30,"time":1673047185959,"pid":14996,"hostname":"DESKTOP-II87B4O","msg":"2 total guilds"}
{"level":30,"time":1673047209614,"pid":5844,"hostname":"DESKTOP-II87B4O","msg":"Loading commands..."}
{"level":20,"time":1673047209637,"pid":5844,"hostname":"DESKTOP-II87B4O","msg":"Skipping command announce. Disabled!"}
{"level":20,"time":1673047209726,"pid":5844,"hostname":"DESKTOP-II87B4O","msg":"Skipping command roles-menu. Disabled!"}
{"level":20,"time":1673047209840,"pid":5844,"hostname":"DESKTOP-II87B4O","msg":"Skipping command logging. Disabled!"}
{"level":20,"time":1673047209858,"pid":5844,"hostname":"DESKTOP-II87B4O","msg":"Skipping command starboard. Disabled!"}
{"level":20,"time":1673047209863,"pid":5844,"hostname":"DESKTOP-II87B4O","msg":"Skipping command verify. Disabled!"}
{"level":20,"time":1673047209885,"pid":5844,"hostname":"DESKTOP-II87B4O","msg":"Skipping command trick-or-treat. Disabled!"}
{"level":20,"time":1673047209885,"pid":5844,"hostname":"DESKTOP-II87B4O","msg":"Skipping slash command trick-or-treat. Disabled!"}
{"level":20,"time":1673047211442,"pid":5844,"hostname":"DESKTOP-II87B4O","msg":"Skipping command changelog. Disabled!"}
{"level":20,"time":1673047211457,"pid":5844,"hostname":"DESKTOP-II87B4O","msg":"Skipping slash command avatar. Disabled!"}
{"level":20,"time":1673047211459,"pid":5844,"hostname":"DESKTOP-II87B4O","msg":"Skipping slash command botinvite. Disabled!"}
{"level":20,"time":1673047211463,"pid":5844,"hostname":"DESKTOP-II87B4O","msg":"Skipping slash command botstats. Disabled!"}
{"level":20,"time":1673047211470,"pid":5844,"hostname":"DESKTOP-II87B4O","msg":"Skipping slash command channelinfo. Disabled!"}
{"level":20,"time":1673047211473,"pid":5844,"hostname":"DESKTOP-II87B4O","msg":"Skipping slash command emojiinfo. Disabled!"}
{"level":20,"time":1673047211493,"pid":5844,"hostname":"DESKTOP-II87B4O","msg":"Skipping slash command guildinfo. Disabled!"}
{"level":20,"time":1673047211494,"pid":5844,"hostname":"DESKTOP-II87B4O","msg":"Skipping slash command uptime. Disabled!"}
{"level":20,"time":1673047211498,"pid":5844,"hostname":"DESKTOP-II87B4O","msg":"Skipping slash command userinfo. Disabled!"}
{"level":20,"time":1673047211504,"pid":5844,"hostname":"DESKTOP-II87B4O","msg":"Skipping command bot. Disabled!"}
{"level":20,"time":1673047211506,"pid":5844,"hostname":"DESKTOP-II87B4O","msg":"Skipping command info. Disabled!"}
{"level":20,"time":1673047211537,"pid":5844,"hostname":"DESKTOP-II87B4O","msg":"Skipping command channel. Disabled!"}
{"level":20,"time":1673047211542,"pid":5844,"hostname":"DESKTOP-II87B4O","msg":"Skipping slash command deafen. Disabled!"}
{"level":20,"time":1673047211544,"pid":5844,"hostname":"DESKTOP-II87B4O","msg":"Skipping slash command disconnect. Disabled!"}
{"level":20,"time":1673047211548,"pid":5844,"hostname":"DESKTOP-II87B4O","msg":"Skipping slash command move. Disabled!"}
{"level":20,"time":1673047211550,"pid":5844,"hostname":"DESKTOP-II87B4O","msg":"Skipping slash command purge. Disabled!"}
{"level":20,"time":1673047211552,"pid":5844,"hostname":"DESKTOP-II87B4O","msg":"Skipping slash command purgeattach. Disabled!"}
{"level":20,"time":1673047211554,"pid":5844,"hostname":"DESKTOP-II87B4O","msg":"Skipping slash command purgebots. Disabled!"}
{"level":20,"time":1673047211555,"pid":5844,"hostname":"DESKTOP-II87B4O","msg":"Skipping slash command purgelinks. Disabled!"}
{"level":20,"time":1673047211557,"pid":5844,"hostname":"DESKTOP-II87B4O","msg":"Skipping slash command purgetoken. Disabled!"}
{"level":20,"time":1673047211558,"pid":5844,"hostname":"DESKTOP-II87B4O","msg":"Skipping slash command purgeuser. Disabled!"}
{"level":20,"time":1673047211560,"pid":5844,"hostname":"DESKTOP-II87B4O","msg":"Skipping slash command undeafen. Disabled!"}
{"level":20,"time":1673047211565,"pid":5844,"hostname":"DESKTOP-II87B4O","msg":"Skipping slash command vmute. Disabled!"}
{"level":20,"time":1673047211568,"pid":5844,"hostname":"DESKTOP-II87B4O","msg":"Skipping slash command vunmute. Disabled!"}
{"level":20,"time":1673047211571,"pid":5844,"hostname":"DESKTOP-II87B4O","msg":"Skipping command role. Disabled!"}
{"level":20,"time":1673047211573,"pid":5844,"hostname":"DESKTOP-II87B4O","msg":"Skipping command purge. Disabled!"}
{"level":20,"time":1673047211575,"pid":5844,"hostname":"DESKTOP-II87B4O","msg":"Skipping command voice. Disabled!"}
{"level":20,"time":1673047211601,"pid":5844,"hostname":"DESKTOP-II87B4O","msg":"Skipping command blacklist. Disabled!"}
{"level":20,"time":1673047211603,"pid":5844,"hostname":"DESKTOP-II87B4O","msg":"Skipping command emit. Disabled!"}
{"level":20,"time":1673047211603,"pid":5844,"hostname":"DESKTOP-II87B4O","msg":"Skipping slash command emit. Disabled!"}
{"level":20,"time":1673047211605,"pid":5844,"hostname":"DESKTOP-II87B4O","msg":"Skipping slash command eval. Disabled!"}
{"level":20,"time":1673047211606,"pid":5844,"hostname":"DESKTOP-II87B4O","msg":"Skipping slash command leaveserver. Disabled!"}
{"level":20,"time":1673047211608,"pid":5844,"hostname":"DESKTOP-II87B4O","msg":"Skipping slash command listservers. Disabled!"}
{"level":20,"time":1673047211644,"pid":5844,"hostname":"DESKTOP-II87B4O","msg":"Skipping command afk. Disabled!"}
{"level":30,"time":1673047211675,"pid":5844,"hostname":"DESKTOP-II87B4O","msg":"Loaded 96 commands"}
{"level":30,"time":1673047211675,"pid":5844,"hostname":"DESKTOP-II87B4O","msg":"Loaded 87 slash commands"}
{"level":30,"time":1673047211675,"pid":5844,"hostname":"DESKTOP-II87B4O","msg":"Loading contexts..."}
{"level":30,"time":1673047211679,"pid":5844,"hostname":"DESKTOP-II87B4O","msg":"Loaded 0 USER contexts"}
{"level":30,"time":1673047211679,"pid":5844,"hostname":"DESKTOP-II87B4O","msg":"Loaded 0 MESSAGE contexts"}
{"level":30,"time":1673047211680,"pid":5844,"hostname":"DESKTOP-II87B4O","msg":"Loading events..."}
{"level":30,"time":1673047211828,"pid":5844,"hostname":"DESKTOP-II87B4O","msg":"Loaded 25 events. Success (25) Failed (0)"}
{"level":30,"time":1673047211828,"pid":5844,"hostname":"DESKTOP-II87B4O","msg":"Connecting to MongoDb..."}
{"level":30,"time":1673047211877,"pid":5844,"hostname":"DESKTOP-II87B4O","msg":"Downtime alerts started on 25999"}
{"level":30,"time":1673047213242,"pid":5844,"hostname":"DESKTOP-II87B4O","msg":"Mongoose: Database connection established"}
{"level":30,"time":1673047213243,"pid":5844,"hostname":"DESKTOP-II87B4O","msg":"Launching dashboard"}
{"level":30,"time":1673047213414,"pid":5844,"hostname":"DESKTOP-II87B4O","msg":"Lightning dashboard is listening on port 8080"}
{"level":30,"time":1673047219254,"pid":5844,"hostname":"DESKTOP-II87B4O","msg":"Logged in as Elon's Testing Bot#6842! (1024458057188659293)"}
{"level":30,"time":1673047219254,"pid":5844,"hostname":"DESKTOP-II87B4O","msg":"Initializing giveaways manager..."}
{"level":30,"time":1673047219374,"pid":5844,"hostname":"DESKTOP-II87B4O","msg":"Giveaway Manager initialized"}
{"level":30,"time":1673047219698,"pid":5844,"hostname":"DESKTOP-II87B4O","msg":"Successfully registered interactions"}
{"level":30,"time":1673047219787,"pid":5844,"hostname":"DESKTOP-II87B4O","msg":"Total Clusters: 1"}
{"level":30,"time":1673047219787,"pid":5844,"hostname":"DESKTOP-II87B4O","msg":"Connected to cluster 0"}
{"level":30,"time":1673047219787,"pid":5844,"hostname":"DESKTOP-II87B4O","msg":"Total Shards: 2"}
{"level":30,"time":1673047219794,"pid":5844,"hostname":"DESKTOP-II87B4O","msg":"2 total guilds"}
