{"level":30,"time":1672022486420,"pid":12252,"hostname":"DESKTOP-II87B4O","msg":"Loading commands..."}
{"level":20,"time":1672022486464,"pid":12252,"hostname":"DESKTOP-II87B4O","msg":"Skipping command announce. Disabled!"}
{"level":20,"time":1672022486643,"pid":12252,"hostname":"DESKTOP-II87B4O","msg":"Skipping command roles-menu. Disabled!"}
{"level":20,"time":1672022486875,"pid":12252,"hostname":"DESKTOP-II87B4O","msg":"Skipping command logging. Disabled!"}
{"level":20,"time":1672022486897,"pid":12252,"hostname":"DESKTOP-II87B4O","msg":"Skipping command starboard. Disabled!"}
{"level":20,"time":1672022486900,"pid":12252,"hostname":"DESKTOP-II87B4O","msg":"Skipping command verify. Disabled!"}
{"level":20,"time":1672022486927,"pid":12252,"hostname":"DESKTOP-II87B4O","msg":"Skipping command trick-or-treat. Disabled!"}
{"level":20,"time":1672022486927,"pid":12252,"hostname":"DESKTOP-II87B4O","msg":"Skipping slash command trick-or-treat. Disabled!"}
{"level":20,"time":1672022488581,"pid":12252,"hostname":"DESKTOP-II87B4O","msg":"Skipping command changelog. Disabled!"}
{"level":20,"time":1672022488598,"pid":12252,"hostname":"DESKTOP-II87B4O","msg":"Skipping slash command avatar. Disabled!"}
{"level":20,"time":1672022488601,"pid":12252,"hostname":"DESKTOP-II87B4O","msg":"Skipping slash command botinvite. Disabled!"}
{"level":20,"time":1672022488605,"pid":12252,"hostname":"DESKTOP-II87B4O","msg":"Skipping slash command botstats. Disabled!"}
{"level":20,"time":1672022488613,"pid":12252,"hostname":"DESKTOP-II87B4O","msg":"Skipping slash command channelinfo. Disabled!"}
{"level":20,"time":1672022488616,"pid":12252,"hostname":"DESKTOP-II87B4O","msg":"Skipping slash command emojiinfo. Disabled!"}
{"level":20,"time":1672022488642,"pid":12252,"hostname":"DESKTOP-II87B4O","msg":"Skipping slash command guildinfo. Disabled!"}
{"level":20,"time":1672022488644,"pid":12252,"hostname":"DESKTOP-II87B4O","msg":"Skipping slash command uptime. Disabled!"}
{"level":20,"time":1672022488648,"pid":12252,"hostname":"DESKTOP-II87B4O","msg":"Skipping slash command userinfo. Disabled!"}
{"level":20,"time":1672022488697,"pid":12252,"hostname":"DESKTOP-II87B4O","msg":"Skipping command bot. Disabled!"}
{"level":20,"time":1672022488702,"pid":12252,"hostname":"DESKTOP-II87B4O","msg":"Skipping command info. Disabled!"}
{"level":20,"time":1672022488749,"pid":12252,"hostname":"DESKTOP-II87B4O","msg":"Skipping command channel. Disabled!"}
{"level":20,"time":1672022488762,"pid":12252,"hostname":"DESKTOP-II87B4O","msg":"Skipping slash command deafen. Disabled!"}
{"level":20,"time":1672022488766,"pid":12252,"hostname":"DESKTOP-II87B4O","msg":"Skipping slash command disconnect. Disabled!"}
{"level":20,"time":1672022488779,"pid":12252,"hostname":"DESKTOP-II87B4O","msg":"Skipping slash command move. Disabled!"}
{"level":20,"time":1672022488782,"pid":12252,"hostname":"DESKTOP-II87B4O","msg":"Skipping slash command purge. Disabled!"}
{"level":20,"time":1672022488783,"pid":12252,"hostname":"DESKTOP-II87B4O","msg":"Skipping slash command purgeattach. Disabled!"}
{"level":20,"time":1672022488785,"pid":12252,"hostname":"DESKTOP-II87B4O","msg":"Skipping slash command purgebots. Disabled!"}
{"level":20,"time":1672022488787,"pid":12252,"hostname":"DESKTOP-II87B4O","msg":"Skipping slash command purgelinks. Disabled!"}
{"level":20,"time":1672022488792,"pid":12252,"hostname":"DESKTOP-II87B4O","msg":"Skipping slash command purgetoken. Disabled!"}
{"level":20,"time":1672022488794,"pid":12252,"hostname":"DESKTOP-II87B4O","msg":"Skipping slash command purgeuser. Disabled!"}
{"level":20,"time":1672022488797,"pid":12252,"hostname":"DESKTOP-II87B4O","msg":"Skipping slash command undeafen. Disabled!"}
{"level":20,"time":1672022488804,"pid":12252,"hostname":"DESKTOP-II87B4O","msg":"Skipping slash command vmute. Disabled!"}
{"level":20,"time":1672022488807,"pid":12252,"hostname":"DESKTOP-II87B4O","msg":"Skipping slash command vunmute. Disabled!"}
{"level":20,"time":1672022488811,"pid":12252,"hostname":"DESKTOP-II87B4O","msg":"Skipping command role. Disabled!"}
{"level":20,"time":1672022488815,"pid":12252,"hostname":"DESKTOP-II87B4O","msg":"Skipping command purge. Disabled!"}
{"level":20,"time":1672022488817,"pid":12252,"hostname":"DESKTOP-II87B4O","msg":"Skipping command voice. Disabled!"}
{"level":20,"time":1672022488856,"pid":12252,"hostname":"DESKTOP-II87B4O","msg":"Skipping command blacklist. Disabled!"}
{"level":20,"time":1672022488864,"pid":12252,"hostname":"DESKTOP-II87B4O","msg":"Skipping command emit. Disabled!"}
{"level":20,"time":1672022488864,"pid":12252,"hostname":"DESKTOP-II87B4O","msg":"Skipping slash command emit. Disabled!"}
{"level":20,"time":1672022488866,"pid":12252,"hostname":"DESKTOP-II87B4O","msg":"Skipping slash command eval. Disabled!"}
{"level":20,"time":1672022488867,"pid":12252,"hostname":"DESKTOP-II87B4O","msg":"Skipping slash command leaveserver. Disabled!"}
{"level":20,"time":1672022488869,"pid":12252,"hostname":"DESKTOP-II87B4O","msg":"Skipping slash command listservers. Disabled!"}
{"level":20,"time":1672022488914,"pid":12252,"hostname":"DESKTOP-II87B4O","msg":"Skipping command afk. Disabled!"}
{"level":30,"time":1672022488965,"pid":12252,"hostname":"DESKTOP-II87B4O","msg":"Loaded 96 commands"}
{"level":30,"time":1672022488965,"pid":12252,"hostname":"DESKTOP-II87B4O","msg":"Loaded 87 slash commands"}
{"level":30,"time":1672022488965,"pid":12252,"hostname":"DESKTOP-II87B4O","msg":"Loading contexts..."}
{"level":30,"time":1672022488970,"pid":12252,"hostname":"DESKTOP-II87B4O","msg":"Loaded 0 USER contexts"}
{"level":30,"time":1672022488970,"pid":12252,"hostname":"DESKTOP-II87B4O","msg":"Loaded 0 MESSAGE contexts"}
{"level":30,"time":1672022488970,"pid":12252,"hostname":"DESKTOP-II87B4O","msg":"Loading events..."}
{"level":30,"time":1672022489251,"pid":12252,"hostname":"DESKTOP-II87B4O","msg":"Loaded 25 events. Success (25) Failed (0)"}
{"level":30,"time":1672022489252,"pid":12252,"hostname":"DESKTOP-II87B4O","msg":"Connecting to MongoDb..."}
{"level":30,"time":1672022489312,"pid":12252,"hostname":"DESKTOP-II87B4O","msg":"Downtime alerts started on 25999"}
{"level":30,"time":1672022490674,"pid":12252,"hostname":"DESKTOP-II87B4O","msg":"Mongoose: Database connection established"}
{"level":30,"time":1672022490674,"pid":12252,"hostname":"DESKTOP-II87B4O","msg":"Launching dashboard"}
{"level":30,"time":1672022490793,"pid":12252,"hostname":"DESKTOP-II87B4O","msg":"Lightning dashboard is listening on port 25008"}
{"level":30,"time":1672022496635,"pid":12252,"hostname":"DESKTOP-II87B4O","msg":"Logged in as Elon's Testing Bot#6842! (1024458057188659293)"}
{"level":30,"time":1672022496635,"pid":12252,"hostname":"DESKTOP-II87B4O","msg":"Initializing giveaways manager..."}
{"level":30,"time":1672022496768,"pid":12252,"hostname":"DESKTOP-II87B4O","msg":"Giveaway Manager initialized"}
{"level":30,"time":1672022497279,"pid":12252,"hostname":"DESKTOP-II87B4O","msg":"Successfully registered interactions"}
{"level":30,"time":1672022497368,"pid":12252,"hostname":"DESKTOP-II87B4O","msg":"Total Clusters: 1"}
{"level":30,"time":1672022497368,"pid":12252,"hostname":"DESKTOP-II87B4O","msg":"Connected to cluster 0"}
{"level":30,"time":1672022497368,"pid":12252,"hostname":"DESKTOP-II87B4O","msg":"Total Shards: 2"}
{"level":30,"time":1672022497376,"pid":12252,"hostname":"DESKTOP-II87B4O","msg":"2 total guilds"}
