{"level":30,"time":1673114565899,"pid":11600,"hostname":"DESKTOP-II87B4O","msg":"Loading commands..."}
{"level":20,"time":1673114565936,"pid":11600,"hostname":"DESKTOP-II87B4O","msg":"Skipping command announce. Disabled!"}
{"level":20,"time":1673114566085,"pid":11600,"hostname":"DESKTOP-II87B4O","msg":"Skipping command roles-menu. Disabled!"}
{"level":20,"time":1673114566259,"pid":11600,"hostname":"DESKTOP-II87B4O","msg":"Skipping command logging. Disabled!"}
{"level":20,"time":1673114566279,"pid":11600,"hostname":"DESKTOP-II87B4O","msg":"Skipping command starboard. Disabled!"}
{"level":20,"time":1673114566284,"pid":11600,"hostname":"DESKTOP-II87B4O","msg":"Skipping command verify. Disabled!"}
{"level":20,"time":1673114566309,"pid":11600,"hostname":"DESKTOP-II87B4O","msg":"Skipping command trick-or-treat. Disabled!"}
{"level":20,"time":1673114566310,"pid":11600,"hostname":"DESKTOP-II87B4O","msg":"Skipping slash command trick-or-treat. Disabled!"}
{"level":20,"time":1673114567556,"pid":11600,"hostname":"DESKTOP-II87B4O","msg":"Skipping command changelog. Disabled!"}
{"level":20,"time":1673114567593,"pid":11600,"hostname":"DESKTOP-II87B4O","msg":"Skipping slash command avatar. Disabled!"}
{"level":20,"time":1673114567596,"pid":11600,"hostname":"DESKTOP-II87B4O","msg":"Skipping slash command botinvite. Disabled!"}
{"level":20,"time":1673114567601,"pid":11600,"hostname":"DESKTOP-II87B4O","msg":"Skipping slash command botstats. Disabled!"}
{"level":20,"time":1673114567608,"pid":11600,"hostname":"DESKTOP-II87B4O","msg":"Skipping slash command channelinfo. Disabled!"}
{"level":20,"time":1673114567610,"pid":11600,"hostname":"DESKTOP-II87B4O","msg":"Skipping slash command emojiinfo. Disabled!"}
{"level":20,"time":1673114567641,"pid":11600,"hostname":"DESKTOP-II87B4O","msg":"Skipping slash command guildinfo. Disabled!"}
{"level":20,"time":1673114567642,"pid":11600,"hostname":"DESKTOP-II87B4O","msg":"Skipping slash command uptime. Disabled!"}
{"level":20,"time":1673114567645,"pid":11600,"hostname":"DESKTOP-II87B4O","msg":"Skipping slash command userinfo. Disabled!"}
{"level":20,"time":1673114567650,"pid":11600,"hostname":"DESKTOP-II87B4O","msg":"Skipping command bot. Disabled!"}
{"level":20,"time":1673114567653,"pid":11600,"hostname":"DESKTOP-II87B4O","msg":"Skipping command info. Disabled!"}
{"level":20,"time":1673114567697,"pid":11600,"hostname":"DESKTOP-II87B4O","msg":"Skipping command channel. Disabled!"}
{"level":20,"time":1673114567723,"pid":11600,"hostname":"DESKTOP-II87B4O","msg":"Skipping slash command deafen. Disabled!"}
{"level":20,"time":1673114567727,"pid":11600,"hostname":"DESKTOP-II87B4O","msg":"Skipping slash command disconnect. Disabled!"}
{"level":20,"time":1673114567730,"pid":11600,"hostname":"DESKTOP-II87B4O","msg":"Skipping slash command move. Disabled!"}
{"level":20,"time":1673114567733,"pid":11600,"hostname":"DESKTOP-II87B4O","msg":"Skipping slash command purge. Disabled!"}
{"level":20,"time":1673114567735,"pid":11600,"hostname":"DESKTOP-II87B4O","msg":"Skipping slash command purgeattach. Disabled!"}
{"level":20,"time":1673114567737,"pid":11600,"hostname":"DESKTOP-II87B4O","msg":"Skipping slash command purgebots. Disabled!"}
{"level":20,"time":1673114567739,"pid":11600,"hostname":"DESKTOP-II87B4O","msg":"Skipping slash command purgelinks. Disabled!"}
{"level":20,"time":1673114567741,"pid":11600,"hostname":"DESKTOP-II87B4O","msg":"Skipping slash command purgetoken. Disabled!"}
{"level":20,"time":1673114567743,"pid":11600,"hostname":"DESKTOP-II87B4O","msg":"Skipping slash command purgeuser. Disabled!"}
{"level":20,"time":1673114567746,"pid":11600,"hostname":"DESKTOP-II87B4O","msg":"Skipping slash command undeafen. Disabled!"}
{"level":20,"time":1673114567749,"pid":11600,"hostname":"DESKTOP-II87B4O","msg":"Skipping slash command vmute. Disabled!"}
{"level":20,"time":1673114567753,"pid":11600,"hostname":"DESKTOP-II87B4O","msg":"Skipping slash command vunmute. Disabled!"}
{"level":20,"time":1673114567757,"pid":11600,"hostname":"DESKTOP-II87B4O","msg":"Skipping command role. Disabled!"}
{"level":20,"time":1673114567774,"pid":11600,"hostname":"DESKTOP-II87B4O","msg":"Skipping command purge. Disabled!"}
{"level":20,"time":1673114567777,"pid":11600,"hostname":"DESKTOP-II87B4O","msg":"Skipping command voice. Disabled!"}
{"level":20,"time":1673114567800,"pid":11600,"hostname":"DESKTOP-II87B4O","msg":"Skipping command blacklist. Disabled!"}
{"level":20,"time":1673114567802,"pid":11600,"hostname":"DESKTOP-II87B4O","msg":"Skipping command emit. Disabled!"}
{"level":20,"time":1673114567802,"pid":11600,"hostname":"DESKTOP-II87B4O","msg":"Skipping slash command emit. Disabled!"}
{"level":20,"time":1673114567804,"pid":11600,"hostname":"DESKTOP-II87B4O","msg":"Skipping slash command eval. Disabled!"}
{"level":20,"time":1673114567806,"pid":11600,"hostname":"DESKTOP-II87B4O","msg":"Skipping slash command leaveserver. Disabled!"}
{"level":20,"time":1673114567808,"pid":11600,"hostname":"DESKTOP-II87B4O","msg":"Skipping slash command listservers. Disabled!"}
{"level":20,"time":1673114567850,"pid":11600,"hostname":"DESKTOP-II87B4O","msg":"Skipping command afk. Disabled!"}
{"level":30,"time":1673114567893,"pid":11600,"hostname":"DESKTOP-II87B4O","msg":"Loaded 96 commands"}
{"level":30,"time":1673114567893,"pid":11600,"hostname":"DESKTOP-II87B4O","msg":"Loaded 87 slash commands"}
{"level":30,"time":1673114567893,"pid":11600,"hostname":"DESKTOP-II87B4O","msg":"Loading contexts..."}
{"level":30,"time":1673114567896,"pid":11600,"hostname":"DESKTOP-II87B4O","msg":"Loaded 0 USER contexts"}
{"level":30,"time":1673114567896,"pid":11600,"hostname":"DESKTOP-II87B4O","msg":"Loaded 0 MESSAGE contexts"}
{"level":30,"time":1673114567896,"pid":11600,"hostname":"DESKTOP-II87B4O","msg":"Loading events..."}
{"level":30,"time":1673114568062,"pid":11600,"hostname":"DESKTOP-II87B4O","msg":"Loaded 25 events. Success (25) Failed (0)"}
{"level":30,"time":1673114568062,"pid":11600,"hostname":"DESKTOP-II87B4O","msg":"Connecting to MongoDb..."}
{"level":30,"time":1673114568096,"pid":11600,"hostname":"DESKTOP-II87B4O","msg":"Downtime alerts started on 25999"}
{"level":30,"time":1673114569471,"pid":11600,"hostname":"DESKTOP-II87B4O","msg":"Mongoose: Database connection established"}
{"level":30,"time":1673114569471,"pid":11600,"hostname":"DESKTOP-II87B4O","msg":"Launching dashboard"}
{"level":30,"time":1673114569596,"pid":11600,"hostname":"DESKTOP-II87B4O","msg":"Lightning dashboard is listening on port 8080"}
{"level":30,"time":1673114575301,"pid":11600,"hostname":"DESKTOP-II87B4O","msg":"Logged in as Elon's Testing Bot#6842! (1024458057188659293)"}
{"level":30,"time":1673114575301,"pid":11600,"hostname":"DESKTOP-II87B4O","msg":"Initializing giveaways manager..."}
{"level":30,"time":1673114575415,"pid":11600,"hostname":"DESKTOP-II87B4O","msg":"Giveaway Manager initialized"}
{"level":30,"time":1673114576292,"pid":11600,"hostname":"DESKTOP-II87B4O","msg":"Successfully registered interactions"}
{"level":30,"time":1673114576386,"pid":11600,"hostname":"DESKTOP-II87B4O","msg":"Total Clusters: 1"}
{"level":30,"time":1673114576386,"pid":11600,"hostname":"DESKTOP-II87B4O","msg":"Connected to cluster 0"}
{"level":30,"time":1673114576386,"pid":11600,"hostname":"DESKTOP-II87B4O","msg":"Total Shards: 2"}
{"level":30,"time":1673114576393,"pid":11600,"hostname":"DESKTOP-II87B4O","msg":"2 total guilds"}
{"level":30,"time":1673121078116,"pid":16988,"hostname":"DESKTOP-II87B4O","msg":"Loading commands..."}
{"level":20,"time":1673121078139,"pid":16988,"hostname":"DESKTOP-II87B4O","msg":"Skipping command announce. Disabled!"}
{"level":20,"time":1673121078241,"pid":16988,"hostname":"DESKTOP-II87B4O","msg":"Skipping command roles-menu. Disabled!"}
{"level":20,"time":1673121078364,"pid":16988,"hostname":"DESKTOP-II87B4O","msg":"Skipping command logging. Disabled!"}
{"level":20,"time":1673121078381,"pid":16988,"hostname":"DESKTOP-II87B4O","msg":"Skipping command starboard. Disabled!"}
{"level":20,"time":1673121078384,"pid":16988,"hostname":"DESKTOP-II87B4O","msg":"Skipping command verify. Disabled!"}
{"level":20,"time":1673121078406,"pid":16988,"hostname":"DESKTOP-II87B4O","msg":"Skipping command trick-or-treat. Disabled!"}
{"level":20,"time":1673121078406,"pid":16988,"hostname":"DESKTOP-II87B4O","msg":"Skipping slash command trick-or-treat. Disabled!"}
{"level":20,"time":1673121079185,"pid":16988,"hostname":"DESKTOP-II87B4O","msg":"Skipping command changelog. Disabled!"}
{"level":20,"time":1673121079196,"pid":16988,"hostname":"DESKTOP-II87B4O","msg":"Skipping slash command avatar. Disabled!"}
{"level":20,"time":1673121079199,"pid":16988,"hostname":"DESKTOP-II87B4O","msg":"Skipping slash command botinvite. Disabled!"}
{"level":20,"time":1673121079202,"pid":16988,"hostname":"DESKTOP-II87B4O","msg":"Skipping slash command botstats. Disabled!"}
{"level":20,"time":1673121079207,"pid":16988,"hostname":"DESKTOP-II87B4O","msg":"Skipping slash command channelinfo. Disabled!"}
{"level":20,"time":1673121079209,"pid":16988,"hostname":"DESKTOP-II87B4O","msg":"Skipping slash command emojiinfo. Disabled!"}
{"level":20,"time":1673121079223,"pid":16988,"hostname":"DESKTOP-II87B4O","msg":"Skipping slash command guildinfo. Disabled!"}
{"level":20,"time":1673121079224,"pid":16988,"hostname":"DESKTOP-II87B4O","msg":"Skipping slash command uptime. Disabled!"}
{"level":20,"time":1673121079226,"pid":16988,"hostname":"DESKTOP-II87B4O","msg":"Skipping slash command userinfo. Disabled!"}
{"level":20,"time":1673121079230,"pid":16988,"hostname":"DESKTOP-II87B4O","msg":"Skipping command bot. Disabled!"}
{"level":20,"time":1673121079232,"pid":16988,"hostname":"DESKTOP-II87B4O","msg":"Skipping command info. Disabled!"}
{"level":20,"time":1673121079257,"pid":16988,"hostname":"DESKTOP-II87B4O","msg":"Skipping command channel. Disabled!"}
{"level":20,"time":1673121079262,"pid":16988,"hostname":"DESKTOP-II87B4O","msg":"Skipping slash command deafen. Disabled!"}
{"level":20,"time":1673121079264,"pid":16988,"hostname":"DESKTOP-II87B4O","msg":"Skipping slash command disconnect. Disabled!"}
{"level":20,"time":1673121079267,"pid":16988,"hostname":"DESKTOP-II87B4O","msg":"Skipping slash command move. Disabled!"}
{"level":20,"time":1673121079269,"pid":16988,"hostname":"DESKTOP-II87B4O","msg":"Skipping slash command purge. Disabled!"}
{"level":20,"time":1673121079270,"pid":16988,"hostname":"DESKTOP-II87B4O","msg":"Skipping slash command purgeattach. Disabled!"}
{"level":20,"time":1673121079271,"pid":16988,"hostname":"DESKTOP-II87B4O","msg":"Skipping slash command purgebots. Disabled!"}
{"level":20,"time":1673121079272,"pid":16988,"hostname":"DESKTOP-II87B4O","msg":"Skipping slash command purgelinks. Disabled!"}
{"level":20,"time":1673121079274,"pid":16988,"hostname":"DESKTOP-II87B4O","msg":"Skipping slash command purgetoken. Disabled!"}
{"level":20,"time":1673121079276,"pid":16988,"hostname":"DESKTOP-II87B4O","msg":"Skipping slash command purgeuser. Disabled!"}
{"level":20,"time":1673121079279,"pid":16988,"hostname":"DESKTOP-II87B4O","msg":"Skipping slash command undeafen. Disabled!"}
{"level":20,"time":1673121079282,"pid":16988,"hostname":"DESKTOP-II87B4O","msg":"Skipping slash command vmute. Disabled!"}
{"level":20,"time":1673121079284,"pid":16988,"hostname":"DESKTOP-II87B4O","msg":"Skipping slash command vunmute. Disabled!"}
{"level":20,"time":1673121079288,"pid":16988,"hostname":"DESKTOP-II87B4O","msg":"Skipping command role. Disabled!"}
{"level":20,"time":1673121079292,"pid":16988,"hostname":"DESKTOP-II87B4O","msg":"Skipping command purge. Disabled!"}
{"level":20,"time":1673121079294,"pid":16988,"hostname":"DESKTOP-II87B4O","msg":"Skipping command voice. Disabled!"}
{"level":20,"time":1673121079321,"pid":16988,"hostname":"DESKTOP-II87B4O","msg":"Skipping command blacklist. Disabled!"}
{"level":20,"time":1673121079323,"pid":16988,"hostname":"DESKTOP-II87B4O","msg":"Skipping command emit. Disabled!"}
{"level":20,"time":1673121079323,"pid":16988,"hostname":"DESKTOP-II87B4O","msg":"Skipping slash command emit. Disabled!"}
{"level":20,"time":1673121079325,"pid":16988,"hostname":"DESKTOP-II87B4O","msg":"Skipping slash command eval. Disabled!"}
{"level":20,"time":1673121079327,"pid":16988,"hostname":"DESKTOP-II87B4O","msg":"Skipping slash command leaveserver. Disabled!"}
{"level":20,"time":1673121079331,"pid":16988,"hostname":"DESKTOP-II87B4O","msg":"Skipping slash command listservers. Disabled!"}
{"level":20,"time":1673121079362,"pid":16988,"hostname":"DESKTOP-II87B4O","msg":"Skipping command afk. Disabled!"}
{"level":30,"time":1673121079386,"pid":16988,"hostname":"DESKTOP-II87B4O","msg":"Loaded 96 commands"}
{"level":30,"time":1673121079387,"pid":16988,"hostname":"DESKTOP-II87B4O","msg":"Loaded 87 slash commands"}
{"level":30,"time":1673121079387,"pid":16988,"hostname":"DESKTOP-II87B4O","msg":"Loading contexts..."}
{"level":30,"time":1673121079389,"pid":16988,"hostname":"DESKTOP-II87B4O","msg":"Loaded 0 USER contexts"}
{"level":30,"time":1673121079389,"pid":16988,"hostname":"DESKTOP-II87B4O","msg":"Loaded 0 MESSAGE contexts"}
{"level":30,"time":1673121079389,"pid":16988,"hostname":"DESKTOP-II87B4O","msg":"Loading events..."}
{"level":30,"time":1673121079494,"pid":16988,"hostname":"DESKTOP-II87B4O","msg":"Loaded 25 events. Success (25) Failed (0)"}
{"level":30,"time":1673121079494,"pid":16988,"hostname":"DESKTOP-II87B4O","msg":"Connecting to MongoDb..."}
{"level":30,"time":1673121079516,"pid":16988,"hostname":"DESKTOP-II87B4O","msg":"Downtime alerts started on 25999"}
{"level":30,"time":1673121080935,"pid":16988,"hostname":"DESKTOP-II87B4O","msg":"Mongoose: Database connection established"}
{"level":30,"time":1673121080936,"pid":16988,"hostname":"DESKTOP-II87B4O","msg":"Launching dashboard"}
{"level":30,"time":1673121081030,"pid":16988,"hostname":"DESKTOP-II87B4O","msg":"Lightning dashboard is listening on port 8080"}
{"level":30,"time":1673121086898,"pid":16988,"hostname":"DESKTOP-II87B4O","msg":"Logged in as Elon's Testing Bot#6842! (1024458057188659293)"}
{"level":30,"time":1673121086898,"pid":16988,"hostname":"DESKTOP-II87B4O","msg":"Initializing giveaways manager..."}
{"level":30,"time":1673121087013,"pid":16988,"hostname":"DESKTOP-II87B4O","msg":"Giveaway Manager initialized"}
{"level":30,"time":1673121087355,"pid":16988,"hostname":"DESKTOP-II87B4O","msg":"Successfully registered interactions"}
{"level":30,"time":1673121087459,"pid":16988,"hostname":"DESKTOP-II87B4O","msg":"Total Clusters: 1"}
{"level":30,"time":1673121087459,"pid":16988,"hostname":"DESKTOP-II87B4O","msg":"Connected to cluster 0"}
{"level":30,"time":1673121087459,"pid":16988,"hostname":"DESKTOP-II87B4O","msg":"Total Shards: 2"}
{"level":30,"time":1673121087469,"pid":16988,"hostname":"DESKTOP-II87B4O","msg":"2 total guilds"}
{"level":30,"time":1673137639566,"pid":1300,"hostname":"DESKTOP-II87B4O","msg":"Loading commands..."}
{"level":20,"time":1673137639592,"pid":1300,"hostname":"DESKTOP-II87B4O","msg":"Skipping command announce. Disabled!"}
{"level":20,"time":1673137639710,"pid":1300,"hostname":"DESKTOP-II87B4O","msg":"Skipping command roles-menu. Disabled!"}
{"level":20,"time":1673137639902,"pid":1300,"hostname":"DESKTOP-II87B4O","msg":"Skipping command logging. Disabled!"}
{"level":20,"time":1673137639928,"pid":1300,"hostname":"DESKTOP-II87B4O","msg":"Skipping command starboard. Disabled!"}
{"level":20,"time":1673137639933,"pid":1300,"hostname":"DESKTOP-II87B4O","msg":"Skipping command verify. Disabled!"}
{"level":20,"time":1673137639967,"pid":1300,"hostname":"DESKTOP-II87B4O","msg":"Skipping command trick-or-treat. Disabled!"}
{"level":20,"time":1673137639967,"pid":1300,"hostname":"DESKTOP-II87B4O","msg":"Skipping slash command trick-or-treat. Disabled!"}
{"level":20,"time":1673137641030,"pid":1300,"hostname":"DESKTOP-II87B4O","msg":"Skipping command changelog. Disabled!"}
{"level":20,"time":1673137641043,"pid":1300,"hostname":"DESKTOP-II87B4O","msg":"Skipping slash command avatar. Disabled!"}
{"level":20,"time":1673137641047,"pid":1300,"hostname":"DESKTOP-II87B4O","msg":"Skipping slash command botinvite. Disabled!"}
{"level":20,"time":1673137641051,"pid":1300,"hostname":"DESKTOP-II87B4O","msg":"Skipping slash command botstats. Disabled!"}
{"level":20,"time":1673137641058,"pid":1300,"hostname":"DESKTOP-II87B4O","msg":"Skipping slash command channelinfo. Disabled!"}
{"level":20,"time":1673137641061,"pid":1300,"hostname":"DESKTOP-II87B4O","msg":"Skipping slash command emojiinfo. Disabled!"}
{"level":20,"time":1673137641086,"pid":1300,"hostname":"DESKTOP-II87B4O","msg":"Skipping slash command guildinfo. Disabled!"}
{"level":20,"time":1673137641088,"pid":1300,"hostname":"DESKTOP-II87B4O","msg":"Skipping slash command uptime. Disabled!"}
{"level":20,"time":1673137641092,"pid":1300,"hostname":"DESKTOP-II87B4O","msg":"Skipping slash command userinfo. Disabled!"}
{"level":20,"time":1673137641097,"pid":1300,"hostname":"DESKTOP-II87B4O","msg":"Skipping command bot. Disabled!"}
{"level":20,"time":1673137641100,"pid":1300,"hostname":"DESKTOP-II87B4O","msg":"Skipping command info. Disabled!"}
{"level":20,"time":1673137641130,"pid":1300,"hostname":"DESKTOP-II87B4O","msg":"Skipping command channel. Disabled!"}
{"level":20,"time":1673137641137,"pid":1300,"hostname":"DESKTOP-II87B4O","msg":"Skipping slash command deafen. Disabled!"}
{"level":20,"time":1673137641141,"pid":1300,"hostname":"DESKTOP-II87B4O","msg":"Skipping slash command disconnect. Disabled!"}
{"level":20,"time":1673137641144,"pid":1300,"hostname":"DESKTOP-II87B4O","msg":"Skipping slash command move. Disabled!"}
{"level":20,"time":1673137641147,"pid":1300,"hostname":"DESKTOP-II87B4O","msg":"Skipping slash command purge. Disabled!"}
{"level":20,"time":1673137641150,"pid":1300,"hostname":"DESKTOP-II87B4O","msg":"Skipping slash command purgeattach. Disabled!"}
{"level":20,"time":1673137641152,"pid":1300,"hostname":"DESKTOP-II87B4O","msg":"Skipping slash command purgebots. Disabled!"}
{"level":20,"time":1673137641153,"pid":1300,"hostname":"DESKTOP-II87B4O","msg":"Skipping slash command purgelinks. Disabled!"}
{"level":20,"time":1673137641154,"pid":1300,"hostname":"DESKTOP-II87B4O","msg":"Skipping slash command purgetoken. Disabled!"}
{"level":20,"time":1673137641156,"pid":1300,"hostname":"DESKTOP-II87B4O","msg":"Skipping slash command purgeuser. Disabled!"}
{"level":20,"time":1673137641159,"pid":1300,"hostname":"DESKTOP-II87B4O","msg":"Skipping slash command undeafen. Disabled!"}
{"level":20,"time":1673137641161,"pid":1300,"hostname":"DESKTOP-II87B4O","msg":"Skipping slash command vmute. Disabled!"}
{"level":20,"time":1673137641167,"pid":1300,"hostname":"DESKTOP-II87B4O","msg":"Skipping slash command vunmute. Disabled!"}
{"level":20,"time":1673137641172,"pid":1300,"hostname":"DESKTOP-II87B4O","msg":"Skipping command role. Disabled!"}
{"level":20,"time":1673137641176,"pid":1300,"hostname":"DESKTOP-II87B4O","msg":"Skipping command purge. Disabled!"}
{"level":20,"time":1673137641179,"pid":1300,"hostname":"DESKTOP-II87B4O","msg":"Skipping command voice. Disabled!"}
{"level":20,"time":1673137641206,"pid":1300,"hostname":"DESKTOP-II87B4O","msg":"Skipping command blacklist. Disabled!"}
{"level":20,"time":1673137641208,"pid":1300,"hostname":"DESKTOP-II87B4O","msg":"Skipping command emit. Disabled!"}
{"level":20,"time":1673137641208,"pid":1300,"hostname":"DESKTOP-II87B4O","msg":"Skipping slash command emit. Disabled!"}
{"level":20,"time":1673137641211,"pid":1300,"hostname":"DESKTOP-II87B4O","msg":"Skipping slash command eval. Disabled!"}
{"level":20,"time":1673137641216,"pid":1300,"hostname":"DESKTOP-II87B4O","msg":"Skipping slash command leaveserver. Disabled!"}
{"level":20,"time":1673137641218,"pid":1300,"hostname":"DESKTOP-II87B4O","msg":"Skipping slash command listservers. Disabled!"}
{"level":20,"time":1673137641256,"pid":1300,"hostname":"DESKTOP-II87B4O","msg":"Skipping command afk. Disabled!"}
{"level":30,"time":1673137641296,"pid":1300,"hostname":"DESKTOP-II87B4O","msg":"Loaded 96 commands"}
{"level":30,"time":1673137641297,"pid":1300,"hostname":"DESKTOP-II87B4O","msg":"Loaded 87 slash commands"}
{"level":30,"time":1673137641297,"pid":1300,"hostname":"DESKTOP-II87B4O","msg":"Loading contexts..."}
{"level":30,"time":1673137641301,"pid":1300,"hostname":"DESKTOP-II87B4O","msg":"Loaded 0 USER contexts"}
{"level":30,"time":1673137641301,"pid":1300,"hostname":"DESKTOP-II87B4O","msg":"Loaded 0 MESSAGE contexts"}
{"level":30,"time":1673137641302,"pid":1300,"hostname":"DESKTOP-II87B4O","msg":"Loading events..."}
{"level":30,"time":1673137641436,"pid":1300,"hostname":"DESKTOP-II87B4O","msg":"Loaded 25 events. Success (25) Failed (0)"}
{"level":30,"time":1673137641437,"pid":1300,"hostname":"DESKTOP-II87B4O","msg":"Connecting to MongoDb..."}
{"level":30,"time":1673137641492,"pid":1300,"hostname":"DESKTOP-II87B4O","msg":"Downtime alerts started on 25999"}
{"level":30,"time":1673137643031,"pid":1300,"hostname":"DESKTOP-II87B4O","msg":"Mongoose: Database connection established"}
{"level":30,"time":1673137643031,"pid":1300,"hostname":"DESKTOP-II87B4O","msg":"Launching dashboard"}
{"level":30,"time":1673137643129,"pid":1300,"hostname":"DESKTOP-II87B4O","msg":"Lightning dashboard is listening on port 8080"}
{"level":30,"time":1673137649066,"pid":1300,"hostname":"DESKTOP-II87B4O","msg":"Logged in as Elon's Testing Bot#6842! (1024458057188659293)"}
{"level":30,"time":1673137649066,"pid":1300,"hostname":"DESKTOP-II87B4O","msg":"Initializing giveaways manager..."}
{"level":30,"time":1673137649201,"pid":1300,"hostname":"DESKTOP-II87B4O","msg":"Giveaway Manager initialized"}
{"level":30,"time":1673137649573,"pid":1300,"hostname":"DESKTOP-II87B4O","msg":"Successfully registered interactions"}
{"level":30,"time":1673137649674,"pid":1300,"hostname":"DESKTOP-II87B4O","msg":"Total Clusters: 1"}
{"level":30,"time":1673137649674,"pid":1300,"hostname":"DESKTOP-II87B4O","msg":"Connected to cluster 0"}
{"level":30,"time":1673137649674,"pid":1300,"hostname":"DESKTOP-II87B4O","msg":"Total Shards: 2"}
{"level":30,"time":1673137649684,"pid":1300,"hostname":"DESKTOP-II87B4O","msg":"2 total guilds"}
{"level":30,"time":1673141547842,"pid":17048,"hostname":"DESKTOP-II87B4O","msg":"Loading commands..."}
{"level":20,"time":1673141547864,"pid":17048,"hostname":"DESKTOP-II87B4O","msg":"Skipping command announce. Disabled!"}
{"level":20,"time":1673141547966,"pid":17048,"hostname":"DESKTOP-II87B4O","msg":"Skipping command roles-menu. Disabled!"}
{"level":20,"time":1673141548237,"pid":17048,"hostname":"DESKTOP-II87B4O","msg":"Skipping command logging. Disabled!"}
{"level":20,"time":1673141548257,"pid":17048,"hostname":"DESKTOP-II87B4O","msg":"Skipping command starboard. Disabled!"}
{"level":20,"time":1673141548261,"pid":17048,"hostname":"DESKTOP-II87B4O","msg":"Skipping command verify. Disabled!"}
{"level":20,"time":1673141548293,"pid":17048,"hostname":"DESKTOP-II87B4O","msg":"Skipping command trick-or-treat. Disabled!"}
{"level":20,"time":1673141548293,"pid":17048,"hostname":"DESKTOP-II87B4O","msg":"Skipping slash command trick-or-treat. Disabled!"}
{"level":20,"time":1673141549454,"pid":17048,"hostname":"DESKTOP-II87B4O","msg":"Skipping command changelog. Disabled!"}
{"level":20,"time":1673141549467,"pid":17048,"hostname":"DESKTOP-II87B4O","msg":"Skipping slash command avatar. Disabled!"}
{"level":20,"time":1673141549469,"pid":17048,"hostname":"DESKTOP-II87B4O","msg":"Skipping slash command botinvite. Disabled!"}
{"level":20,"time":1673141549476,"pid":17048,"hostname":"DESKTOP-II87B4O","msg":"Skipping slash command botstats. Disabled!"}
{"level":20,"time":1673141549482,"pid":17048,"hostname":"DESKTOP-II87B4O","msg":"Skipping slash command channelinfo. Disabled!"}
{"level":20,"time":1673141549484,"pid":17048,"hostname":"DESKTOP-II87B4O","msg":"Skipping slash command emojiinfo. Disabled!"}
{"level":20,"time":1673141549506,"pid":17048,"hostname":"DESKTOP-II87B4O","msg":"Skipping slash command guildinfo. Disabled!"}
{"level":20,"time":1673141549508,"pid":17048,"hostname":"DESKTOP-II87B4O","msg":"Skipping slash command uptime. Disabled!"}
{"level":20,"time":1673141549510,"pid":17048,"hostname":"DESKTOP-II87B4O","msg":"Skipping slash command userinfo. Disabled!"}
{"level":20,"time":1673141549515,"pid":17048,"hostname":"DESKTOP-II87B4O","msg":"Skipping command bot. Disabled!"}
{"level":20,"time":1673141549518,"pid":17048,"hostname":"DESKTOP-II87B4O","msg":"Skipping command info. Disabled!"}
{"level":20,"time":1673141549556,"pid":17048,"hostname":"DESKTOP-II87B4O","msg":"Skipping command channel. Disabled!"}
{"level":20,"time":1673141549562,"pid":17048,"hostname":"DESKTOP-II87B4O","msg":"Skipping slash command deafen. Disabled!"}
{"level":20,"time":1673141549565,"pid":17048,"hostname":"DESKTOP-II87B4O","msg":"Skipping slash command disconnect. Disabled!"}
{"level":20,"time":1673141549570,"pid":17048,"hostname":"DESKTOP-II87B4O","msg":"Skipping slash command move. Disabled!"}
{"level":20,"time":1673141549572,"pid":17048,"hostname":"DESKTOP-II87B4O","msg":"Skipping slash command purge. Disabled!"}
{"level":20,"time":1673141549574,"pid":17048,"hostname":"DESKTOP-II87B4O","msg":"Skipping slash command purgeattach. Disabled!"}
{"level":20,"time":1673141549575,"pid":17048,"hostname":"DESKTOP-II87B4O","msg":"Skipping slash command purgebots. Disabled!"}
{"level":20,"time":1673141549577,"pid":17048,"hostname":"DESKTOP-II87B4O","msg":"Skipping slash command purgelinks. Disabled!"}
{"level":20,"time":1673141549579,"pid":17048,"hostname":"DESKTOP-II87B4O","msg":"Skipping slash command purgetoken. Disabled!"}
{"level":20,"time":1673141549581,"pid":17048,"hostname":"DESKTOP-II87B4O","msg":"Skipping slash command purgeuser. Disabled!"}
{"level":20,"time":1673141549584,"pid":17048,"hostname":"DESKTOP-II87B4O","msg":"Skipping slash command undeafen. Disabled!"}
{"level":20,"time":1673141549588,"pid":17048,"hostname":"DESKTOP-II87B4O","msg":"Skipping slash command vmute. Disabled!"}
{"level":20,"time":1673141549591,"pid":17048,"hostname":"DESKTOP-II87B4O","msg":"Skipping slash command vunmute. Disabled!"}
{"level":20,"time":1673141549594,"pid":17048,"hostname":"DESKTOP-II87B4O","msg":"Skipping command role. Disabled!"}
{"level":20,"time":1673141549599,"pid":17048,"hostname":"DESKTOP-II87B4O","msg":"Skipping command purge. Disabled!"}
{"level":20,"time":1673141549601,"pid":17048,"hostname":"DESKTOP-II87B4O","msg":"Skipping command voice. Disabled!"}
{"level":20,"time":1673141549624,"pid":17048,"hostname":"DESKTOP-II87B4O","msg":"Skipping command blacklist. Disabled!"}
{"level":20,"time":1673141549626,"pid":17048,"hostname":"DESKTOP-II87B4O","msg":"Skipping command emit. Disabled!"}
{"level":20,"time":1673141549626,"pid":17048,"hostname":"DESKTOP-II87B4O","msg":"Skipping slash command emit. Disabled!"}
{"level":20,"time":1673141549629,"pid":17048,"hostname":"DESKTOP-II87B4O","msg":"Skipping slash command eval. Disabled!"}
{"level":20,"time":1673141549630,"pid":17048,"hostname":"DESKTOP-II87B4O","msg":"Skipping slash command leaveserver. Disabled!"}
{"level":20,"time":1673141549632,"pid":17048,"hostname":"DESKTOP-II87B4O","msg":"Skipping slash command listservers. Disabled!"}
{"level":20,"time":1673141549668,"pid":17048,"hostname":"DESKTOP-II87B4O","msg":"Skipping command afk. Disabled!"}
{"level":30,"time":1673141549729,"pid":17048,"hostname":"DESKTOP-II87B4O","msg":"Loaded 96 commands"}
{"level":30,"time":1673141549729,"pid":17048,"hostname":"DESKTOP-II87B4O","msg":"Loaded 87 slash commands"}
{"level":30,"time":1673141549729,"pid":17048,"hostname":"DESKTOP-II87B4O","msg":"Loading contexts..."}
{"level":30,"time":1673141549733,"pid":17048,"hostname":"DESKTOP-II87B4O","msg":"Loaded 0 USER contexts"}
{"level":30,"time":1673141549733,"pid":17048,"hostname":"DESKTOP-II87B4O","msg":"Loaded 0 MESSAGE contexts"}
{"level":30,"time":1673141549733,"pid":17048,"hostname":"DESKTOP-II87B4O","msg":"Loading events..."}
{"level":30,"time":1673141549949,"pid":17048,"hostname":"DESKTOP-II87B4O","msg":"Loaded 25 events. Success (25) Failed (0)"}
{"level":30,"time":1673141549949,"pid":17048,"hostname":"DESKTOP-II87B4O","msg":"Connecting to MongoDb..."}
{"level":30,"time":1673141550048,"pid":17048,"hostname":"DESKTOP-II87B4O","msg":"Downtime alerts started on 25999"}
{"level":30,"time":1673141551557,"pid":17048,"hostname":"DESKTOP-II87B4O","msg":"Mongoose: Database connection established"}
{"level":30,"time":1673141551557,"pid":17048,"hostname":"DESKTOP-II87B4O","msg":"Launching dashboard"}
{"level":30,"time":1673141551645,"pid":17048,"hostname":"DESKTOP-II87B4O","msg":"Lightning dashboard is listening on port 8080"}
{"level":30,"time":1673141557476,"pid":17048,"hostname":"DESKTOP-II87B4O","msg":"Logged in as Elon's Testing Bot#6842! (1024458057188659293)"}
{"level":30,"time":1673141557476,"pid":17048,"hostname":"DESKTOP-II87B4O","msg":"Initializing giveaways manager..."}
{"level":30,"time":1673141557573,"pid":17048,"hostname":"DESKTOP-II87B4O","msg":"Giveaway Manager initialized"}
{"level":30,"time":1673141557917,"pid":17048,"hostname":"DESKTOP-II87B4O","msg":"Successfully registered interactions"}
{"level":30,"time":1673141558000,"pid":17048,"hostname":"DESKTOP-II87B4O","msg":"Total Clusters: 1"}
{"level":30,"time":1673141558000,"pid":17048,"hostname":"DESKTOP-II87B4O","msg":"Connected to cluster 0"}
{"level":30,"time":1673141558000,"pid":17048,"hostname":"DESKTOP-II87B4O","msg":"Total Shards: 2"}
{"level":30,"time":1673141558005,"pid":17048,"hostname":"DESKTOP-II87B4O","msg":"2 total guilds"}
{"level":30,"time":1673141820616,"pid":9856,"hostname":"DESKTOP-II87B4O","msg":"Loading commands..."}
{"level":20,"time":1673141820637,"pid":9856,"hostname":"DESKTOP-II87B4O","msg":"Skipping command announce. Disabled!"}
{"level":20,"time":1673141820716,"pid":9856,"hostname":"DESKTOP-II87B4O","msg":"Skipping command roles-menu. Disabled!"}
{"level":20,"time":1673141820818,"pid":9856,"hostname":"DESKTOP-II87B4O","msg":"Skipping command logging. Disabled!"}
{"level":20,"time":1673141820833,"pid":9856,"hostname":"DESKTOP-II87B4O","msg":"Skipping command starboard. Disabled!"}
{"level":20,"time":1673141820835,"pid":9856,"hostname":"DESKTOP-II87B4O","msg":"Skipping command verify. Disabled!"}
{"level":20,"time":1673141820851,"pid":9856,"hostname":"DESKTOP-II87B4O","msg":"Skipping command trick-or-treat. Disabled!"}
{"level":20,"time":1673141820851,"pid":9856,"hostname":"DESKTOP-II87B4O","msg":"Skipping slash command trick-or-treat. Disabled!"}
{"level":20,"time":1673141821481,"pid":9856,"hostname":"DESKTOP-II87B4O","msg":"Skipping command changelog. Disabled!"}
{"level":20,"time":1673141821488,"pid":9856,"hostname":"DESKTOP-II87B4O","msg":"Skipping slash command avatar. Disabled!"}
{"level":20,"time":1673141821489,"pid":9856,"hostname":"DESKTOP-II87B4O","msg":"Skipping slash command botinvite. Disabled!"}
{"level":20,"time":1673141821493,"pid":9856,"hostname":"DESKTOP-II87B4O","msg":"Skipping slash command botstats. Disabled!"}
{"level":20,"time":1673141821495,"pid":9856,"hostname":"DESKTOP-II87B4O","msg":"Skipping slash command channelinfo. Disabled!"}
{"level":20,"time":1673141821497,"pid":9856,"hostname":"DESKTOP-II87B4O","msg":"Skipping slash command emojiinfo. Disabled!"}
{"level":20,"time":1673141821508,"pid":9856,"hostname":"DESKTOP-II87B4O","msg":"Skipping slash command guildinfo. Disabled!"}
{"level":20,"time":1673141821509,"pid":9856,"hostname":"DESKTOP-II87B4O","msg":"Skipping slash command uptime. Disabled!"}
{"level":20,"time":1673141821512,"pid":9856,"hostname":"DESKTOP-II87B4O","msg":"Skipping slash command userinfo. Disabled!"}
{"level":20,"time":1673141821515,"pid":9856,"hostname":"DESKTOP-II87B4O","msg":"Skipping command bot. Disabled!"}
{"level":20,"time":1673141821517,"pid":9856,"hostname":"DESKTOP-II87B4O","msg":"Skipping command info. Disabled!"}
{"level":20,"time":1673141821534,"pid":9856,"hostname":"DESKTOP-II87B4O","msg":"Skipping command channel. Disabled!"}
{"level":20,"time":1673141821537,"pid":9856,"hostname":"DESKTOP-II87B4O","msg":"Skipping slash command deafen. Disabled!"}
{"level":20,"time":1673141821539,"pid":9856,"hostname":"DESKTOP-II87B4O","msg":"Skipping slash command disconnect. Disabled!"}
{"level":20,"time":1673141821541,"pid":9856,"hostname":"DESKTOP-II87B4O","msg":"Skipping slash command move. Disabled!"}
{"level":20,"time":1673141821541,"pid":9856,"hostname":"DESKTOP-II87B4O","msg":"Skipping slash command purge. Disabled!"}
{"level":20,"time":1673141821542,"pid":9856,"hostname":"DESKTOP-II87B4O","msg":"Skipping slash command purgeattach. Disabled!"}
{"level":20,"time":1673141821543,"pid":9856,"hostname":"DESKTOP-II87B4O","msg":"Skipping slash command purgebots. Disabled!"}
{"level":20,"time":1673141821544,"pid":9856,"hostname":"DESKTOP-II87B4O","msg":"Skipping slash command purgelinks. Disabled!"}
{"level":20,"time":1673141821545,"pid":9856,"hostname":"DESKTOP-II87B4O","msg":"Skipping slash command purgetoken. Disabled!"}
{"level":20,"time":1673141821546,"pid":9856,"hostname":"DESKTOP-II87B4O","msg":"Skipping slash command purgeuser. Disabled!"}
{"level":20,"time":1673141821547,"pid":9856,"hostname":"DESKTOP-II87B4O","msg":"Skipping slash command undeafen. Disabled!"}
{"level":20,"time":1673141821549,"pid":9856,"hostname":"DESKTOP-II87B4O","msg":"Skipping slash command vmute. Disabled!"}
{"level":20,"time":1673141821550,"pid":9856,"hostname":"DESKTOP-II87B4O","msg":"Skipping slash command vunmute. Disabled!"}
{"level":20,"time":1673141821552,"pid":9856,"hostname":"DESKTOP-II87B4O","msg":"Skipping command role. Disabled!"}
{"level":20,"time":1673141821554,"pid":9856,"hostname":"DESKTOP-II87B4O","msg":"Skipping command purge. Disabled!"}
{"level":20,"time":1673141821556,"pid":9856,"hostname":"DESKTOP-II87B4O","msg":"Skipping command voice. Disabled!"}
{"level":20,"time":1673141821569,"pid":9856,"hostname":"DESKTOP-II87B4O","msg":"Skipping command blacklist. Disabled!"}
{"level":20,"time":1673141821570,"pid":9856,"hostname":"DESKTOP-II87B4O","msg":"Skipping command emit. Disabled!"}
{"level":20,"time":1673141821570,"pid":9856,"hostname":"DESKTOP-II87B4O","msg":"Skipping slash command emit. Disabled!"}
{"level":20,"time":1673141821571,"pid":9856,"hostname":"DESKTOP-II87B4O","msg":"Skipping slash command eval. Disabled!"}
{"level":20,"time":1673141821572,"pid":9856,"hostname":"DESKTOP-II87B4O","msg":"Skipping slash command leaveserver. Disabled!"}
{"level":20,"time":1673141821573,"pid":9856,"hostname":"DESKTOP-II87B4O","msg":"Skipping slash command listservers. Disabled!"}
{"level":20,"time":1673141821596,"pid":9856,"hostname":"DESKTOP-II87B4O","msg":"Skipping command afk. Disabled!"}
{"level":30,"time":1673141821616,"pid":9856,"hostname":"DESKTOP-II87B4O","msg":"Loaded 96 commands"}
{"level":30,"time":1673141821616,"pid":9856,"hostname":"DESKTOP-II87B4O","msg":"Loaded 87 slash commands"}
{"level":30,"time":1673141821617,"pid":9856,"hostname":"DESKTOP-II87B4O","msg":"Loading contexts..."}
{"level":30,"time":1673141821618,"pid":9856,"hostname":"DESKTOP-II87B4O","msg":"Loaded 0 USER contexts"}
{"level":30,"time":1673141821618,"pid":9856,"hostname":"DESKTOP-II87B4O","msg":"Loaded 0 MESSAGE contexts"}
{"level":30,"time":1673141821618,"pid":9856,"hostname":"DESKTOP-II87B4O","msg":"Loading events..."}
{"level":30,"time":1673141821701,"pid":9856,"hostname":"DESKTOP-II87B4O","msg":"Loaded 25 events. Success (25) Failed (0)"}
{"level":30,"time":1673141821702,"pid":9856,"hostname":"DESKTOP-II87B4O","msg":"Connecting to MongoDb..."}
{"level":30,"time":1673141821764,"pid":9856,"hostname":"DESKTOP-II87B4O","msg":"Downtime alerts started on 25999"}
{"level":30,"time":1673141823023,"pid":9856,"hostname":"DESKTOP-II87B4O","msg":"Mongoose: Database connection established"}
{"level":30,"time":1673141823024,"pid":9856,"hostname":"DESKTOP-II87B4O","msg":"Launching dashboard"}
{"level":30,"time":1673141823097,"pid":9856,"hostname":"DESKTOP-II87B4O","msg":"Lightning dashboard is listening on port 8080"}
{"level":30,"time":1673141828976,"pid":9856,"hostname":"DESKTOP-II87B4O","msg":"Logged in as Elon's Testing Bot#6842! (1024458057188659293)"}
{"level":30,"time":1673141828976,"pid":9856,"hostname":"DESKTOP-II87B4O","msg":"Initializing giveaways manager..."}
{"level":30,"time":1673141829083,"pid":9856,"hostname":"DESKTOP-II87B4O","msg":"Giveaway Manager initialized"}
{"level":30,"time":1673141829347,"pid":9856,"hostname":"DESKTOP-II87B4O","msg":"Successfully registered interactions"}
{"level":30,"time":1673141829441,"pid":9856,"hostname":"DESKTOP-II87B4O","msg":"Total Clusters: 1"}
{"level":30,"time":1673141829441,"pid":9856,"hostname":"DESKTOP-II87B4O","msg":"Connected to cluster 0"}
{"level":30,"time":1673141829441,"pid":9856,"hostname":"DESKTOP-II87B4O","msg":"Total Shards: 2"}
{"level":30,"time":1673141829447,"pid":9856,"hostname":"DESKTOP-II87B4O","msg":"2 total guilds"}
{"level":30,"time":1673141871251,"pid":16876,"hostname":"DESKTOP-II87B4O","msg":"Loading commands..."}
{"level":20,"time":1673141871276,"pid":16876,"hostname":"DESKTOP-II87B4O","msg":"Skipping command announce. Disabled!"}
{"level":20,"time":1673141871356,"pid":16876,"hostname":"DESKTOP-II87B4O","msg":"Skipping command roles-menu. Disabled!"}
{"level":20,"time":1673141871457,"pid":16876,"hostname":"DESKTOP-II87B4O","msg":"Skipping command logging. Disabled!"}
{"level":20,"time":1673141871471,"pid":16876,"hostname":"DESKTOP-II87B4O","msg":"Skipping command starboard. Disabled!"}
{"level":20,"time":1673141871473,"pid":16876,"hostname":"DESKTOP-II87B4O","msg":"Skipping command verify. Disabled!"}
{"level":20,"time":1673141871488,"pid":16876,"hostname":"DESKTOP-II87B4O","msg":"Skipping command trick-or-treat. Disabled!"}
{"level":20,"time":1673141871488,"pid":16876,"hostname":"DESKTOP-II87B4O","msg":"Skipping slash command trick-or-treat. Disabled!"}
{"level":20,"time":1673141872102,"pid":16876,"hostname":"DESKTOP-II87B4O","msg":"Skipping command changelog. Disabled!"}
{"level":20,"time":1673141872110,"pid":16876,"hostname":"DESKTOP-II87B4O","msg":"Skipping slash command avatar. Disabled!"}
{"level":20,"time":1673141872112,"pid":16876,"hostname":"DESKTOP-II87B4O","msg":"Skipping slash command botinvite. Disabled!"}
{"level":20,"time":1673141872114,"pid":16876,"hostname":"DESKTOP-II87B4O","msg":"Skipping slash command botstats. Disabled!"}
{"level":20,"time":1673141872118,"pid":16876,"hostname":"DESKTOP-II87B4O","msg":"Skipping slash command channelinfo. Disabled!"}
{"level":20,"time":1673141872119,"pid":16876,"hostname":"DESKTOP-II87B4O","msg":"Skipping slash command emojiinfo. Disabled!"}
{"level":20,"time":1673141872131,"pid":16876,"hostname":"DESKTOP-II87B4O","msg":"Skipping slash command guildinfo. Disabled!"}
{"level":20,"time":1673141872132,"pid":16876,"hostname":"DESKTOP-II87B4O","msg":"Skipping slash command uptime. Disabled!"}
{"level":20,"time":1673141872134,"pid":16876,"hostname":"DESKTOP-II87B4O","msg":"Skipping slash command userinfo. Disabled!"}
{"level":20,"time":1673141872136,"pid":16876,"hostname":"DESKTOP-II87B4O","msg":"Skipping command bot. Disabled!"}
{"level":20,"time":1673141872138,"pid":16876,"hostname":"DESKTOP-II87B4O","msg":"Skipping command info. Disabled!"}
{"level":20,"time":1673141872156,"pid":16876,"hostname":"DESKTOP-II87B4O","msg":"Skipping command channel. Disabled!"}
{"level":20,"time":1673141872159,"pid":16876,"hostname":"DESKTOP-II87B4O","msg":"Skipping slash command deafen. Disabled!"}
{"level":20,"time":1673141872161,"pid":16876,"hostname":"DESKTOP-II87B4O","msg":"Skipping slash command disconnect. Disabled!"}
{"level":20,"time":1673141872163,"pid":16876,"hostname":"DESKTOP-II87B4O","msg":"Skipping slash command move. Disabled!"}
{"level":20,"time":1673141872164,"pid":16876,"hostname":"DESKTOP-II87B4O","msg":"Skipping slash command purge. Disabled!"}
{"level":20,"time":1673141872164,"pid":16876,"hostname":"DESKTOP-II87B4O","msg":"Skipping slash command purgeattach. Disabled!"}
{"level":20,"time":1673141872165,"pid":16876,"hostname":"DESKTOP-II87B4O","msg":"Skipping slash command purgebots. Disabled!"}
{"level":20,"time":1673141872166,"pid":16876,"hostname":"DESKTOP-II87B4O","msg":"Skipping slash command purgelinks. Disabled!"}
{"level":20,"time":1673141872167,"pid":16876,"hostname":"DESKTOP-II87B4O","msg":"Skipping slash command purgetoken. Disabled!"}
{"level":20,"time":1673141872168,"pid":16876,"hostname":"DESKTOP-II87B4O","msg":"Skipping slash command purgeuser. Disabled!"}
{"level":20,"time":1673141872170,"pid":16876,"hostname":"DESKTOP-II87B4O","msg":"Skipping slash command undeafen. Disabled!"}
{"level":20,"time":1673141872171,"pid":16876,"hostname":"DESKTOP-II87B4O","msg":"Skipping slash command vmute. Disabled!"}
{"level":20,"time":1673141872173,"pid":16876,"hostname":"DESKTOP-II87B4O","msg":"Skipping slash command vunmute. Disabled!"}
{"level":20,"time":1673141872174,"pid":16876,"hostname":"DESKTOP-II87B4O","msg":"Skipping command role. Disabled!"}
{"level":20,"time":1673141872176,"pid":16876,"hostname":"DESKTOP-II87B4O","msg":"Skipping command purge. Disabled!"}
{"level":20,"time":1673141872177,"pid":16876,"hostname":"DESKTOP-II87B4O","msg":"Skipping command voice. Disabled!"}
{"level":20,"time":1673141872188,"pid":16876,"hostname":"DESKTOP-II87B4O","msg":"Skipping command blacklist. Disabled!"}
{"level":20,"time":1673141872189,"pid":16876,"hostname":"DESKTOP-II87B4O","msg":"Skipping command emit. Disabled!"}
{"level":20,"time":1673141872189,"pid":16876,"hostname":"DESKTOP-II87B4O","msg":"Skipping slash command emit. Disabled!"}
{"level":20,"time":1673141872190,"pid":16876,"hostname":"DESKTOP-II87B4O","msg":"Skipping slash command eval. Disabled!"}
{"level":20,"time":1673141872191,"pid":16876,"hostname":"DESKTOP-II87B4O","msg":"Skipping slash command leaveserver. Disabled!"}
{"level":20,"time":1673141872192,"pid":16876,"hostname":"DESKTOP-II87B4O","msg":"Skipping slash command listservers. Disabled!"}
{"level":20,"time":1673141872209,"pid":16876,"hostname":"DESKTOP-II87B4O","msg":"Skipping command afk. Disabled!"}
{"level":30,"time":1673141872227,"pid":16876,"hostname":"DESKTOP-II87B4O","msg":"Loaded 96 commands"}
{"level":30,"time":1673141872227,"pid":16876,"hostname":"DESKTOP-II87B4O","msg":"Loaded 87 slash commands"}
{"level":30,"time":1673141872227,"pid":16876,"hostname":"DESKTOP-II87B4O","msg":"Loading contexts..."}
{"level":30,"time":1673141872229,"pid":16876,"hostname":"DESKTOP-II87B4O","msg":"Loaded 0 USER contexts"}
{"level":30,"time":1673141872229,"pid":16876,"hostname":"DESKTOP-II87B4O","msg":"Loaded 0 MESSAGE contexts"}
{"level":30,"time":1673141872229,"pid":16876,"hostname":"DESKTOP-II87B4O","msg":"Loading events..."}
{"level":30,"time":1673141872309,"pid":16876,"hostname":"DESKTOP-II87B4O","msg":"Loaded 25 events. Success (25) Failed (0)"}
{"level":30,"time":1673141872310,"pid":16876,"hostname":"DESKTOP-II87B4O","msg":"Connecting to MongoDb..."}
{"level":30,"time":1673141872341,"pid":16876,"hostname":"DESKTOP-II87B4O","msg":"Downtime alerts started on 25999"}
{"level":30,"time":1673141873417,"pid":16876,"hostname":"DESKTOP-II87B4O","msg":"Mongoose: Database connection established"}
{"level":30,"time":1673141873418,"pid":16876,"hostname":"DESKTOP-II87B4O","msg":"Launching dashboard"}
{"level":30,"time":1673141873488,"pid":16876,"hostname":"DESKTOP-II87B4O","msg":"Lightning dashboard is listening on port 8080"}
{"level":30,"time":1673141879120,"pid":16876,"hostname":"DESKTOP-II87B4O","msg":"Logged in as Elon's Testing Bot#6842! (1024458057188659293)"}
{"level":30,"time":1673141879121,"pid":16876,"hostname":"DESKTOP-II87B4O","msg":"Initializing giveaways manager..."}
{"level":30,"time":1673141879226,"pid":16876,"hostname":"DESKTOP-II87B4O","msg":"Giveaway Manager initialized"}
{"level":30,"time":1673141879573,"pid":16876,"hostname":"DESKTOP-II87B4O","msg":"Successfully registered interactions"}
{"level":30,"time":1673141879661,"pid":16876,"hostname":"DESKTOP-II87B4O","msg":"Total Clusters: 1"}
{"level":30,"time":1673141879661,"pid":16876,"hostname":"DESKTOP-II87B4O","msg":"Connected to cluster 0"}
{"level":30,"time":1673141879661,"pid":16876,"hostname":"DESKTOP-II87B4O","msg":"Total Shards: 2"}
{"level":30,"time":1673141879668,"pid":16876,"hostname":"DESKTOP-II87B4O","msg":"2 total guilds"}
