{"level":30,"time":1674685179254,"pid":10268,"hostname":"DESKTOP-II87B4O","msg":"Loading commands..."}
{"level":20,"time":1674685179277,"pid":10268,"hostname":"DESKTOP-II87B4O","msg":"Skipping command announce. Disabled!"}
{"level":20,"time":1674685179399,"pid":10268,"hostname":"DESKTOP-II87B4O","msg":"Skipping command roles-menu. Disabled!"}
{"level":20,"time":1674685179575,"pid":10268,"hostname":"DESKTOP-II87B4O","msg":"Skipping command trick-or-treat. Disabled!"}
{"level":20,"time":1674685179575,"pid":10268,"hostname":"DESKTOP-II87B4O","msg":"Skipping slash command trick-or-treat. Disabled!"}
{"level":20,"time":1674685180624,"pid":10268,"hostname":"DESKTOP-II87B4O","msg":"Skipping command giveaway. Disabled!"}
{"level":20,"time":1674685180631,"pid":10268,"hostname":"DESKTOP-II87B4O","msg":"Skipping command changelog. Disabled!"}
{"level":20,"time":1674685180638,"pid":10268,"hostname":"DESKTOP-II87B4O","msg":"Skipping slash command avatar. Disabled!"}
{"level":20,"time":1674685180640,"pid":10268,"hostname":"DESKTOP-II87B4O","msg":"Skipping slash command botinvite. Disabled!"}
{"level":20,"time":1674685180642,"pid":10268,"hostname":"DESKTOP-II87B4O","msg":"Skipping slash command botstats. Disabled!"}
{"level":20,"time":1674685180645,"pid":10268,"hostname":"DESKTOP-II87B4O","msg":"Skipping slash command channelinfo. Disabled!"}
{"level":20,"time":1674685180646,"pid":10268,"hostname":"DESKTOP-II87B4O","msg":"Skipping slash command emojiinfo. Disabled!"}
{"level":20,"time":1674685180661,"pid":10268,"hostname":"DESKTOP-II87B4O","msg":"Skipping slash command guildinfo. Disabled!"}
{"level":20,"time":1674685180662,"pid":10268,"hostname":"DESKTOP-II87B4O","msg":"Skipping slash command uptime. Disabled!"}
{"level":20,"time":1674685180664,"pid":10268,"hostname":"DESKTOP-II87B4O","msg":"Skipping slash command userinfo. Disabled!"}
{"level":20,"time":1674685180669,"pid":10268,"hostname":"DESKTOP-II87B4O","msg":"Skipping command bot. Disabled!"}
{"level":20,"time":1674685180670,"pid":10268,"hostname":"DESKTOP-II87B4O","msg":"Skipping command info. Disabled!"}
{"level":20,"time":1674685180689,"pid":10268,"hostname":"DESKTOP-II87B4O","msg":"Skipping command channel. Disabled!"}
{"level":20,"time":1674685180693,"pid":10268,"hostname":"DESKTOP-II87B4O","msg":"Skipping slash command deafen. Disabled!"}
{"level":20,"time":1674685180695,"pid":10268,"hostname":"DESKTOP-II87B4O","msg":"Skipping slash command disconnect. Disabled!"}
{"level":20,"time":1674685180696,"pid":10268,"hostname":"DESKTOP-II87B4O","msg":"Skipping slash command move. Disabled!"}
{"level":20,"time":1674685180697,"pid":10268,"hostname":"DESKTOP-II87B4O","msg":"Skipping slash command purge. Disabled!"}
{"level":20,"time":1674685180698,"pid":10268,"hostname":"DESKTOP-II87B4O","msg":"Skipping slash command purgeattach. Disabled!"}
{"level":20,"time":1674685180699,"pid":10268,"hostname":"DESKTOP-II87B4O","msg":"Skipping slash command purgebots. Disabled!"}
{"level":20,"time":1674685180700,"pid":10268,"hostname":"DESKTOP-II87B4O","msg":"Skipping slash command purgelinks. Disabled!"}
{"level":20,"time":1674685180701,"pid":10268,"hostname":"DESKTOP-II87B4O","msg":"Skipping slash command purgetoken. Disabled!"}
{"level":20,"time":1674685180701,"pid":10268,"hostname":"DESKTOP-II87B4O","msg":"Skipping slash command purgeuser. Disabled!"}
{"level":20,"time":1674685180703,"pid":10268,"hostname":"DESKTOP-II87B4O","msg":"Skipping slash command undeafen. Disabled!"}
{"level":20,"time":1674685180705,"pid":10268,"hostname":"DESKTOP-II87B4O","msg":"Skipping slash command vmute. Disabled!"}
{"level":20,"time":1674685180706,"pid":10268,"hostname":"DESKTOP-II87B4O","msg":"Skipping slash command vunmute. Disabled!"}
{"level":20,"time":1674685180708,"pid":10268,"hostname":"DESKTOP-II87B4O","msg":"Skipping command role. Disabled!"}
{"level":20,"time":1674685180710,"pid":10268,"hostname":"DESKTOP-II87B4O","msg":"Skipping command purge. Disabled!"}
{"level":20,"time":1674685180711,"pid":10268,"hostname":"DESKTOP-II87B4O","msg":"Skipping command voice. Disabled!"}
{"level":20,"time":1674685180744,"pid":10268,"hostname":"DESKTOP-II87B4O","msg":"Skipping slash command blacklist. Disabled!"}
{"level":20,"time":1674685180745,"pid":10268,"hostname":"DESKTOP-II87B4O","msg":"Skipping slash command emit. Disabled!"}
{"level":20,"time":1674685180746,"pid":10268,"hostname":"DESKTOP-II87B4O","msg":"Skipping slash command eval. Disabled!"}
{"level":20,"time":1674685180747,"pid":10268,"hostname":"DESKTOP-II87B4O","msg":"Skipping slash command leaveserver. Disabled!"}
{"level":20,"time":1674685180747,"pid":10268,"hostname":"DESKTOP-II87B4O","msg":"Skipping slash command listservers. Disabled!"}
{"level":30,"time":1674685180780,"pid":10268,"hostname":"DESKTOP-II87B4O","msg":"Loaded 114 commands"}
{"level":30,"time":1674685180780,"pid":10268,"hostname":"DESKTOP-II87B4O","msg":"Loaded 99 slash commands"}
{"level":30,"time":1674685180780,"pid":10268,"hostname":"DESKTOP-II87B4O","msg":"Loading contexts..."}
{"level":30,"time":1674685180782,"pid":10268,"hostname":"DESKTOP-II87B4O","msg":"Loaded 0 USER contexts"}
{"level":30,"time":1674685180782,"pid":10268,"hostname":"DESKTOP-II87B4O","msg":"Loaded 0 MESSAGE contexts"}
{"level":30,"time":1674685180782,"pid":10268,"hostname":"DESKTOP-II87B4O","msg":"Loading events..."}
{"level":30,"time":1674685180988,"pid":10268,"hostname":"DESKTOP-II87B4O","msg":"Loaded 26 events. Success (26) Failed (0)"}
{"level":30,"time":1674685180988,"pid":10268,"hostname":"DESKTOP-II87B4O","msg":"Connecting to MongoDb..."}
{"level":30,"time":1674685181019,"pid":10268,"hostname":"DESKTOP-II87B4O","msg":"Downtime alerts started on 25999"}
{"level":30,"time":1674685182420,"pid":10268,"hostname":"DESKTOP-II87B4O","msg":"Mongoose: Database connection established"}
{"level":30,"time":1674685182421,"pid":10268,"hostname":"DESKTOP-II87B4O","msg":"Launching dashboard"}
{"level":30,"time":1674685182489,"pid":10268,"hostname":"DESKTOP-II87B4O","msg":"Connecting to MongoDb..."}
{"level":30,"time":1674685182489,"pid":10268,"hostname":"DESKTOP-II87B4O","msg":"Mongoose: Database connection established"}
{"level":30,"time":1674685182514,"pid":10268,"hostname":"DESKTOP-II87B4O","msg":"Lightning dashboard is listening on port 8080"}
{"level":30,"time":1674685188578,"pid":10268,"hostname":"DESKTOP-II87B4O","msg":"Logged in as Elon's Testing Bot#6842! (1024458057188659293)"}
{"level":20,"time":1674685188579,"pid":10268,"hostname":"DESKTOP-II87B4O","msg":"Node \"Lightning Node 1\" debug: connection: creating websocket..."}
{"level":20,"time":1674685188581,"pid":10268,"hostname":"DESKTOP-II87B4O","msg":"Node \"Lightning Node 2\" debug: connection: creating websocket..."}
{"level":30,"time":1674685188582,"pid":10268,"hostname":"DESKTOP-II87B4O","msg":"Music Manager initialized"}
{"level":20,"time":1674685188991,"pid":10268,"hostname":"DESKTOP-II87B4O","msg":"Node \"Lightning Node 1\" connected"}
{"level":20,"time":1674685188991,"pid":10268,"hostname":"DESKTOP-II87B4O","msg":"Node \"Lightning Node 1\" debug: connection: connected in 410ms"}
{"level":20,"time":1674685188992,"pid":10268,"hostname":"DESKTOP-II87B4O","msg":"Node \"Lightning Node 1\" debug: connection: lavaclient <<< ready: {\"resumed\":false,\"sessionId\":\"5qydnhllbprpdgty\",\"op\":\"ready\"}"}
{"level":20,"time":1674685188992,"pid":10268,"hostname":"DESKTOP-II87B4O","msg":"Node \"Lightning Node 1\" debug: connection: lavaclient <<< stats: {\"players\":1,\"playingPlayers\":0,\"uptime\":74451535,\"memory\":{\"free\":27284624,\"used\":75344752,\"allocated\":102629376,\"reservable\":139919360},\"cpu\":{\"cores\":2,\"systemLoad\":0.02398034398034398,\"lavalinkLoad\":1.9513718143855132E-4},\"op\":\"stats\"}"}
{"level":20,"time":1674685189000,"pid":10268,"hostname":"DESKTOP-II87B4O","msg":"Node \"Lightning Node 2\" connected"}
{"level":20,"time":1674685189001,"pid":10268,"hostname":"DESKTOP-II87B4O","msg":"Node \"Lightning Node 2\" debug: connection: connected in 418ms"}
{"level":20,"time":1674685189001,"pid":10268,"hostname":"DESKTOP-II87B4O","msg":"Node \"Lightning Node 2\" debug: connection: lavaclient <<< ready: {\"resumed\":false,\"sessionId\":\"88iyl6pyruu0p1zl\",\"op\":\"ready\"}"}
{"level":20,"time":1674685189001,"pid":10268,"hostname":"DESKTOP-II87B4O","msg":"Node \"Lightning Node 2\" debug: connection: lavaclient <<< stats: {\"players\":0,\"playingPlayers\":0,\"uptime\":75060133,\"memory\":{\"free\":34568504,\"used\":72074952,\"allocated\":106643456,\"reservable\":285868032},\"cpu\":{\"cores\":2,\"systemLoad\":0.02426802908233445,\"lavalinkLoad\":1.95160031225605E-4},\"op\":\"stats\"}"}
{"level":30,"time":1674685189144,"pid":10268,"hostname":"DESKTOP-II87B4O","msg":"Successfully registered interactions"}
{"level":30,"time":1674685189228,"pid":10268,"hostname":"DESKTOP-II87B4O","msg":"Total Clusters: 1"}
{"level":30,"time":1674685189228,"pid":10268,"hostname":"DESKTOP-II87B4O","msg":"Connected to cluster 0"}
{"level":30,"time":1674685189228,"pid":10268,"hostname":"DESKTOP-II87B4O","msg":"Total Shards: 2"}
{"level":30,"time":1674685189237,"pid":10268,"hostname":"DESKTOP-II87B4O","msg":"3 total guilds"}
{"level":20,"time":1674685248993,"pid":10268,"hostname":"DESKTOP-II87B4O","msg":"Node \"Lightning Node 1\" debug: connection: lavaclient <<< stats: {\"players\":1,\"playingPlayers\":0,\"uptime\":74511535,\"memory\":{\"free\":25469808,\"used\":77159568,\"allocated\":102629376,\"reservable\":139919360},\"cpu\":{\"cores\":2,\"systemLoad\":0.021959625800098474,\"lavalinkLoad\":9.75800156128025E-5},\"op\":\"stats\"}"}
{"level":20,"time":1674685249003,"pid":10268,"hostname":"DESKTOP-II87B4O","msg":"Node \"Lightning Node 2\" debug: connection: lavaclient <<< stats: {\"players\":0,\"playingPlayers\":0,\"uptime\":75120132,\"memory\":{\"free\":32452784,\"used\":74190672,\"allocated\":106643456,\"reservable\":285868032},\"cpu\":{\"cores\":2,\"systemLoad\":0.022053756030323914,\"lavalinkLoad\":0.0},\"op\":\"stats\"}"}
{"level":20,"time":1674685308994,"pid":10268,"hostname":"DESKTOP-II87B4O","msg":"Node \"Lightning Node 1\" debug: connection: lavaclient <<< stats: {\"players\":1,\"playingPlayers\":0,\"uptime\":74571535,\"memory\":{\"free\":23764312,\"used\":78865064,\"allocated\":102629376,\"reservable\":139919360},\"cpu\":{\"cores\":2,\"systemLoad\":0.020110410094637224,\"lavalinkLoad\":9.75800156128025E-5},\"op\":\"stats\"}"}
{"level":20,"time":1674685309004,"pid":10268,"hostname":"DESKTOP-II87B4O","msg":"Node \"Lightning Node 2\" debug: connection: lavaclient <<< stats: {\"players\":0,\"playingPlayers\":0,\"uptime\":75180132,\"memory\":{\"free\":30562744,\"used\":76080712,\"allocated\":106643456,\"reservable\":285868032},\"cpu\":{\"cores\":2,\"systemLoad\":0.020112392783200237,\"lavalinkLoad\":9.75800156128025E-5},\"op\":\"stats\"}"}
{"level":20,"time":1674685368995,"pid":10268,"hostname":"DESKTOP-II87B4O","msg":"Node \"Lightning Node 1\" debug: connection: lavaclient <<< stats: {\"players\":1,\"playingPlayers\":0,\"uptime\":74631535,\"memory\":{\"free\":50175472,\"used\":52453904,\"allocated\":102629376,\"reservable\":139919360},\"cpu\":{\"cores\":2,\"systemLoad\":0.027279889698640928,\"lavalinkLoad\":0.0},\"op\":\"stats\"}"}
{"level":20,"time":1674685369005,"pid":10268,"hostname":"DESKTOP-II87B4O","msg":"Node \"Lightning Node 2\" debug: connection: lavaclient <<< stats: {\"players\":0,\"playingPlayers\":0,\"uptime\":75240132,\"memory\":{\"free\":28531992,\"used\":78111464,\"allocated\":106643456,\"reservable\":285868032},\"cpu\":{\"cores\":2,\"systemLoad\":0.027375677006400787,\"lavalinkLoad\":0.0},\"op\":\"stats\"}"}
{"level":20,"time":1674685428997,"pid":10268,"hostname":"DESKTOP-II87B4O","msg":"Node \"Lightning Node 1\" debug: connection: lavaclient <<< stats: {\"players\":1,\"playingPlayers\":0,\"uptime\":74691535,\"memory\":{\"free\":48296528,\"used\":54332848,\"allocated\":102629376,\"reservable\":139919360},\"cpu\":{\"cores\":2,\"systemLoad\":0.031634965999802894,\"lavalinkLoad\":1.95160031225605E-4},\"op\":\"stats\"}"}
{"level":20,"time":1674685429006,"pid":10268,"hostname":"DESKTOP-II87B4O","msg":"Node \"Lightning Node 2\" debug: connection: lavaclient <<< stats: {\"players\":0,\"playingPlayers\":0,\"uptime\":75300132,\"memory\":{\"free\":55843064,\"used\":50800392,\"allocated\":106643456,\"reservable\":285868032},\"cpu\":{\"cores\":2,\"systemLoad\":0.031638083973979894,\"lavalinkLoad\":9.75800156128025E-5},\"op\":\"stats\"}"}
{"level":20,"time":1674685488998,"pid":10268,"hostname":"DESKTOP-II87B4O","msg":"Node \"Lightning Node 1\" debug: connection: lavaclient <<< stats: {\"players\":1,\"playingPlayers\":0,\"uptime\":74751535,\"memory\":{\"free\":46593248,\"used\":56036128,\"allocated\":102629376,\"reservable\":139919360},\"cpu\":{\"cores\":2,\"systemLoad\":0.024109427278094862,\"lavalinkLoad\":1.95160031225605E-4},\"op\":\"stats\"}"}
{"level":20,"time":1674685489008,"pid":10268,"hostname":"DESKTOP-II87B4O","msg":"Node \"Lightning Node 2\" debug: connection: lavaclient <<< stats: {\"players\":0,\"playingPlayers\":0,\"uptime\":75360132,\"memory\":{\"free\":53922304,\"used\":52721152,\"allocated\":106643456,\"reservable\":285868032},\"cpu\":{\"cores\":2,\"systemLoad\":0.024107055003443865,\"lavalinkLoad\":9.75800156128025E-5},\"op\":\"stats\"}"}
{"level":20,"time":1674685549004,"pid":10268,"hostname":"DESKTOP-II87B4O","msg":"Node \"Lightning Node 1\" debug: connection: lavaclient <<< stats: {\"players\":1,\"playingPlayers\":0,\"uptime\":74811535,\"memory\":{\"free\":44758696,\"used\":57870680,\"allocated\":102629376,\"reservable\":139919360},\"cpu\":{\"cores\":2,\"systemLoad\":0.02154875528879268,\"lavalinkLoad\":9.75800156128025E-5},\"op\":\"stats\"}"}
{"level":20,"time":1674685549009,"pid":10268,"hostname":"DESKTOP-II87B4O","msg":"Node \"Lightning Node 2\" debug: connection: lavaclient <<< stats: {\"players\":0,\"playingPlayers\":0,\"uptime\":75420132,\"memory\":{\"free\":51883264,\"used\":54760192,\"allocated\":106643456,\"reservable\":285868032},\"cpu\":{\"cores\":2,\"systemLoad\":0.02154663518299882,\"lavalinkLoad\":0.0},\"op\":\"stats\"}"}
{"level":20,"time":1674685609001,"pid":10268,"hostname":"DESKTOP-II87B4O","msg":"Node \"Lightning Node 1\" debug: connection: lavaclient <<< stats: {\"players\":1,\"playingPlayers\":0,\"uptime\":74871535,\"memory\":{\"free\":43066024,\"used\":59563352,\"allocated\":102629376,\"reservable\":139919360},\"cpu\":{\"cores\":2,\"systemLoad\":0.029330708661417324,\"lavalinkLoad\":9.75800156128025E-5},\"op\":\"stats\"}"}
{"level":20,"time":1674685609011,"pid":10268,"hostname":"DESKTOP-II87B4O","msg":"Node \"Lightning Node 2\" debug: connection: lavaclient <<< stats: {\"players\":0,\"playingPlayers\":0,\"uptime\":75480132,\"memory\":{\"free\":49861160,\"used\":56782296,\"allocated\":106643456,\"reservable\":285868032},\"cpu\":{\"cores\":2,\"systemLoad\":0.029330708661417324,\"lavalinkLoad\":0.0},\"op\":\"stats\"}"}
{"level":20,"time":1674685669002,"pid":10268,"hostname":"DESKTOP-II87B4O","msg":"Node \"Lightning Node 1\" debug: connection: lavaclient <<< stats: {\"players\":1,\"playingPlayers\":0,\"uptime\":74931535,\"memory\":{\"free\":41280600,\"used\":61348776,\"allocated\":102629376,\"reservable\":139919360},\"cpu\":{\"cores\":2,\"systemLoad\":0.02865583456425406,\"lavalinkLoad\":9.75800156128025E-5},\"op\":\"stats\"}"}
{"level":20,"time":1674685669012,"pid":10268,"hostname":"DESKTOP-II87B4O","msg":"Node \"Lightning Node 2\" debug: connection: lavaclient <<< stats: {\"players\":0,\"playingPlayers\":0,\"uptime\":75540132,\"memory\":{\"free\":47858632,\"used\":58784824,\"allocated\":106643456,\"reservable\":285868032},\"cpu\":{\"cores\":2,\"systemLoad\":0.02865583456425406,\"lavalinkLoad\":0.0},\"op\":\"stats\"}"}
{"level":20,"time":1674685729004,"pid":10268,"hostname":"DESKTOP-II87B4O","msg":"Node \"Lightning Node 1\" debug: connection: lavaclient <<< stats: {\"players\":1,\"playingPlayers\":0,\"uptime\":74991535,\"memory\":{\"free\":39531712,\"used\":63097664,\"allocated\":102629376,\"reservable\":139919360},\"cpu\":{\"cores\":2,\"systemLoad\":0.028026354607139346,\"lavalinkLoad\":9.75800156128025E-5},\"op\":\"stats\"}"}
{"level":20,"time":1674685729015,"pid":10268,"hostname":"DESKTOP-II87B4O","msg":"Node \"Lightning Node 2\" debug: connection: lavaclient <<< stats: {\"players\":0,\"playingPlayers\":0,\"uptime\":75600132,\"memory\":{\"free\":46023728,\"used\":60619728,\"allocated\":106643456,\"reservable\":285868032},\"cpu\":{\"cores\":2,\"systemLoad\":0.028023598820058997,\"lavalinkLoad\":0.0},\"op\":\"stats\"}"}
{"level":20,"time":1674685789004,"pid":10268,"hostname":"DESKTOP-II87B4O","msg":"Node \"Lightning Node 1\" debug: connection: lavaclient <<< stats: {\"players\":1,\"playingPlayers\":0,\"uptime\":75051535,\"memory\":{\"free\":37710992,\"used\":64918384,\"allocated\":102629376,\"reservable\":139919360},\"cpu\":{\"cores\":2,\"systemLoad\":0.030452350448408397,\"lavalinkLoad\":9.75800156128025E-5},\"op\":\"stats\"}"}
{"level":20,"time":1674685789014,"pid":10268,"hostname":"DESKTOP-II87B4O","msg":"Node \"Lightning Node 2\" debug: connection: lavaclient <<< stats: {\"players\":0,\"playingPlayers\":0,\"uptime\":75660132,\"memory\":{\"free\":43954800,\"used\":62688656,\"allocated\":106643456,\"reservable\":285868032},\"cpu\":{\"cores\":2,\"systemLoad\":0.030547891210090657,\"lavalinkLoad\":9.75800156128025E-5},\"op\":\"stats\"}"}
{"level":20,"time":1674685849006,"pid":10268,"hostname":"DESKTOP-II87B4O","msg":"Node \"Lightning Node 1\" debug: connection: lavaclient <<< stats: {\"players\":1,\"playingPlayers\":0,\"uptime\":75111535,\"memory\":{\"free\":36085536,\"used\":66543840,\"allocated\":102629376,\"reservable\":139919360},\"cpu\":{\"cores\":2,\"systemLoad\":0.027859814924197677,\"lavalinkLoad\":9.75800156128025E-5},\"op\":\"stats\"}"}
{"level":20,"time":1674685849016,"pid":10268,"hostname":"DESKTOP-II87B4O","msg":"Node \"Lightning Node 2\" debug: connection: lavaclient <<< stats: {\"players\":0,\"playingPlayers\":0,\"uptime\":75720132,\"memory\":{\"free\":42021648,\"used\":64621808,\"allocated\":106643456,\"reservable\":285868032},\"cpu\":{\"cores\":2,\"systemLoad\":0.027761370348493797,\"lavalinkLoad\":9.75800156128025E-5},\"op\":\"stats\"}"}
{"level":20,"time":1674685909009,"pid":10268,"hostname":"DESKTOP-II87B4O","msg":"Node \"Lightning Node 1\" debug: connection: lavaclient <<< stats: {\"players\":1,\"playingPlayers\":0,\"uptime\":75171535,\"memory\":{\"free\":34374584,\"used\":68254792,\"allocated\":102629376,\"reservable\":139919360},\"cpu\":{\"cores\":2,\"systemLoad\":0.026403940886699506,\"lavalinkLoad\":1.95160031225605E-4},\"op\":\"stats\"}"}
{"level":20,"time":1674685909017,"pid":10268,"hostname":"DESKTOP-II87B4O","msg":"Node \"Lightning Node 2\" debug: connection: lavaclient <<< stats: {\"players\":0,\"playingPlayers\":0,\"uptime\":75780132,\"memory\":{\"free\":40111632,\"used\":66531824,\"allocated\":106643456,\"reservable\":285868032},\"cpu\":{\"cores\":2,\"systemLoad\":0.02649985223130726,\"lavalinkLoad\":9.75800156128025E-5},\"op\":\"stats\"}"}
{"level":20,"time":1674685969011,"pid":10268,"hostname":"DESKTOP-II87B4O","msg":"Node \"Lightning Node 1\" debug: connection: lavaclient <<< stats: {\"players\":1,\"playingPlayers\":0,\"uptime\":75231535,\"memory\":{\"free\":32664264,\"used\":69965112,\"allocated\":102629376,\"reservable\":139919360},\"cpu\":{\"cores\":2,\"systemLoad\":0.02663247188794634,\"lavalinkLoad\":9.75800156128025E-5},\"op\":\"stats\"}"}
{"level":20,"time":1674685969018,"pid":10268,"hostname":"DESKTOP-II87B4O","msg":"Node \"Lightning Node 2\" debug: connection: lavaclient <<< stats: {\"players\":0,\"playingPlayers\":0,\"uptime\":75840132,\"memory\":{\"free\":38109240,\"used\":68534216,\"allocated\":106643456,\"reservable\":285868032},\"cpu\":{\"cores\":2,\"systemLoad\":0.02663247188794634,\"lavalinkLoad\":0.0},\"op\":\"stats\"}"}
{"level":20,"time":1674686029010,"pid":10268,"hostname":"DESKTOP-II87B4O","msg":"Node \"Lightning Node 1\" debug: connection: lavaclient <<< stats: {\"players\":1,\"playingPlayers\":0,\"uptime\":75291535,\"memory\":{\"free\":30817616,\"used\":71811760,\"allocated\":102629376,\"reservable\":139919360},\"cpu\":{\"cores\":2,\"systemLoad\":0.03318235525797558,\"lavalinkLoad\":0.0},\"op\":\"stats\"}"}
{"level":20,"time":1674686029021,"pid":10268,"hostname":"DESKTOP-II87B4O","msg":"Node \"Lightning Node 2\" debug: connection: lavaclient <<< stats: {\"players\":0,\"playingPlayers\":0,\"uptime\":75900132,\"memory\":{\"free\":36182944,\"used\":70460512,\"allocated\":106643456,\"reservable\":285868032},\"cpu\":{\"cores\":2,\"systemLoad\":0.03308714918759232,\"lavalinkLoad\":0.0},\"op\":\"stats\"}"}
{"level":20,"time":1674686089011,"pid":10268,"hostname":"DESKTOP-II87B4O","msg":"Node \"Lightning Node 1\" debug: connection: lavaclient <<< stats: {\"players\":1,\"playingPlayers\":0,\"uptime\":75351535,\"memory\":{\"free\":29222000,\"used\":73407376,\"allocated\":102629376,\"reservable\":139919360},\"cpu\":{\"cores\":2,\"systemLoad\":0.02995959396866069,\"lavalinkLoad\":1.95160031225605E-4},\"op\":\"stats\"}"}
{"level":20,"time":1674686089021,"pid":10268,"hostname":"DESKTOP-II87B4O","msg":"Node \"Lightning Node 2\" debug: connection: lavaclient <<< stats: {\"players\":0,\"playingPlayers\":0,\"uptime\":75960132,\"memory\":{\"free\":34193608,\"used\":72449848,\"allocated\":106643456,\"reservable\":285868032},\"cpu\":{\"cores\":2,\"systemLoad\":0.029861042672711145,\"lavalinkLoad\":0.0},\"op\":\"stats\"}"}
{"level":20,"time":1674686149014,"pid":10268,"hostname":"DESKTOP-II87B4O","msg":"Node \"Lightning Node 1\" debug: connection: lavaclient <<< stats: {\"players\":1,\"playingPlayers\":0,\"uptime\":75411535,\"memory\":{\"free\":27401784,\"used\":75227592,\"allocated\":102629376,\"reservable\":139919360},\"cpu\":{\"cores\":2,\"systemLoad\":0.027093596059113302,\"lavalinkLoad\":9.75800156128025E-5},\"op\":\"stats\"}"}
{"level":20,"time":1674686149022,"pid":10268,"hostname":"DESKTOP-II87B4O","msg":"Node \"Lightning Node 2\" debug: connection: lavaclient <<< stats: {\"players\":0,\"playingPlayers\":0,\"uptime\":76020132,\"memory\":{\"free\":32311696,\"used\":74331760,\"allocated\":106643456,\"reservable\":285868032},\"cpu\":{\"cores\":2,\"systemLoad\":0.026995073891625615,\"lavalinkLoad\":9.75800156128025E-5},\"op\":\"stats\"}"}
{"level":20,"time":1674686209014,"pid":10268,"hostname":"DESKTOP-II87B4O","msg":"Node \"Lightning Node 1\" debug: connection: lavaclient <<< stats: {\"players\":1,\"playingPlayers\":0,\"uptime\":75471535,\"memory\":{\"free\":25699352,\"used\":76930024,\"allocated\":102629376,\"reservable\":139919360},\"cpu\":{\"cores\":2,\"systemLoad\":0.032251720747295966,\"lavalinkLoad\":9.75800156128025E-5},\"op\":\"stats\"}"}
{"level":20,"time":1674686209026,"pid":10268,"hostname":"DESKTOP-II87B4O","msg":"Node \"Lightning Node 2\" debug: connection: lavaclient <<< stats: {\"players\":0,\"playingPlayers\":0,\"uptime\":76080132,\"memory\":{\"free\":30474960,\"used\":76168496,\"allocated\":106643456,\"reservable\":285868032},\"cpu\":{\"cores\":2,\"systemLoad\":0.03234686854783207,\"lavalinkLoad\":9.75800156128025E-5},\"op\":\"stats\"}"}
{"level":20,"time":1674686269016,"pid":10268,"hostname":"DESKTOP-II87B4O","msg":"Node \"Lightning Node 1\" debug: connection: lavaclient <<< stats: {\"players\":1,\"playingPlayers\":0,\"uptime\":75531535,\"memory\":{\"free\":23932064,\"used\":78697312,\"allocated\":102629376,\"reservable\":139919360},\"cpu\":{\"cores\":2,\"systemLoad\":0.03088307844104588,\"lavalinkLoad\":9.75800156128025E-5},\"op\":\"stats\"}"}
{"level":20,"time":1674686269026,"pid":10268,"hostname":"DESKTOP-II87B4O","msg":"Node \"Lightning Node 2\" debug: connection: lavaclient <<< stats: {\"players\":0,\"playingPlayers\":0,\"uptime\":76140132,\"memory\":{\"free\":28461872,\"used\":78181584,\"allocated\":106643456,\"reservable\":285868032},\"cpu\":{\"cores\":2,\"systemLoad\":0.03088307844104588,\"lavalinkLoad\":0.0},\"op\":\"stats\"}"}
{"level":20,"time":1674686329017,"pid":10268,"hostname":"DESKTOP-II87B4O","msg":"Node \"Lightning Node 1\" debug: connection: lavaclient <<< stats: {\"players\":1,\"playingPlayers\":0,\"uptime\":75591535,\"memory\":{\"free\":50465232,\"used\":52164144,\"allocated\":102629376,\"reservable\":139919360},\"cpu\":{\"cores\":2,\"systemLoad\":0.028647371529828707,\"lavalinkLoad\":9.759144318226178E-5},\"op\":\"stats\"}"}
{"level":20,"time":1674686329027,"pid":10268,"hostname":"DESKTOP-II87B4O","msg":"Node \"Lightning Node 2\" debug: connection: lavaclient <<< stats: {\"players\":0,\"playingPlayers\":0,\"uptime\":76200132,\"memory\":{\"free\":55759184,\"used\":50884272,\"allocated\":106643456,\"reservable\":285868032},\"cpu\":{\"cores\":2,\"systemLoad\":0.028548926954124827,\"lavalinkLoad\":0.0},\"op\":\"stats\"}"}
{"level":20,"time":1674686389018,"pid":10268,"hostname":"DESKTOP-II87B4O","msg":"Node \"Lightning Node 1\" debug: connection: lavaclient <<< stats: {\"players\":1,\"playingPlayers\":0,\"uptime\":75651535,\"memory\":{\"free\":48467080,\"used\":54162296,\"allocated\":102629376,\"reservable\":139919360},\"cpu\":{\"cores\":2,\"systemLoad\":0.03149916330347475,\"lavalinkLoad\":9.75800156128025E-5},\"op\":\"stats\"}"}
{"level":20,"time":1674686389028,"pid":10268,"hostname":"DESKTOP-II87B4O","msg":"Node \"Lightning Node 2\" debug: connection: lavaclient <<< stats: {\"players\":0,\"playingPlayers\":0,\"uptime\":76260132,\"memory\":{\"free\":53866840,\"used\":52776616,\"allocated\":106643456,\"reservable\":285868032},\"cpu\":{\"cores\":2,\"systemLoad\":0.03159448818897638,\"lavalinkLoad\":9.75800156128025E-5},\"op\":\"stats\"}"}
{"level":20,"time":1674686449020,"pid":10268,"hostname":"DESKTOP-II87B4O","msg":"Node \"Lightning Node 1\" debug: connection: lavaclient <<< stats: {\"players\":1,\"playingPlayers\":0,\"uptime\":75711535,\"memory\":{\"free\":46797432,\"used\":55831944,\"allocated\":102629376,\"reservable\":139919360},\"cpu\":{\"cores\":2,\"systemLoad\":0.034961591491038016,\"lavalinkLoad\":1.95160031225605E-4},\"op\":\"stats\"}"}
{"level":20,"time":1674686449029,"pid":10268,"hostname":"DESKTOP-II87B4O","msg":"Node \"Lightning Node 2\" debug: connection: lavaclient <<< stats: {\"players\":0,\"playingPlayers\":0,\"uptime\":76320132,\"memory\":{\"free\":51925704,\"used\":54717752,\"allocated\":106643456,\"reservable\":285868032},\"cpu\":{\"cores\":2,\"systemLoad\":0.03505662235352043,\"lavalinkLoad\":0.0},\"op\":\"stats\"}"}
{"level":20,"time":1674686509021,"pid":10268,"hostname":"DESKTOP-II87B4O","msg":"Node \"Lightning Node 1\" debug: connection: lavaclient <<< stats: {\"players\":1,\"playingPlayers\":0,\"uptime\":75771535,\"memory\":{\"free\":45039168,\"used\":57590208,\"allocated\":102629376,\"reservable\":139919360},\"cpu\":{\"cores\":2,\"systemLoad\":0.029052590112271025,\"lavalinkLoad\":9.75800156128025E-5},\"op\":\"stats\"}"}
{"level":20,"time":1674686509043,"pid":10268,"hostname":"DESKTOP-II87B4O","msg":"Node \"Lightning Node 2\" debug: connection: lavaclient <<< stats: {\"players\":0,\"playingPlayers\":0,\"uptime\":76380132,\"memory\":{\"free\":49889640,\"used\":56753816,\"allocated\":106643456,\"reservable\":285868032},\"cpu\":{\"cores\":2,\"systemLoad\":0.029049729197439686,\"lavalinkLoad\":9.75800156128025E-5},\"op\":\"stats\"}"}
{"level":20,"time":1674686569022,"pid":10268,"hostname":"DESKTOP-II87B4O","msg":"Node \"Lightning Node 1\" debug: connection: lavaclient <<< stats: {\"players\":1,\"playingPlayers\":0,\"uptime\":75831535,\"memory\":{\"free\":43243128,\"used\":59386248,\"allocated\":102629376,\"reservable\":139919360},\"cpu\":{\"cores\":2,\"systemLoad\":0.04247979499310073,\"lavalinkLoad\":1.95160031225605E-4},\"op\":\"stats\"}"}
{"level":20,"time":1674686569032,"pid":10268,"hostname":"DESKTOP-II87B4O","msg":"Node \"Lightning Node 2\" debug: connection: lavaclient <<< stats: {\"players\":0,\"playingPlayers\":0,\"uptime\":76440132,\"memory\":{\"free\":48011480,\"used\":58631976,\"allocated\":106643456,\"reservable\":285868032},\"cpu\":{\"cores\":2,\"systemLoad\":0.04257415985020203,\"lavalinkLoad\":0.0},\"op\":\"stats\"}"}
{"level":20,"time":1674686629023,"pid":10268,"hostname":"DESKTOP-II87B4O","msg":"Node \"Lightning Node 1\" debug: connection: lavaclient <<< stats: {\"players\":1,\"playingPlayers\":0,\"uptime\":75891535,\"memory\":{\"free\":41520928,\"used\":61108448,\"allocated\":102629376,\"reservable\":139919360},\"cpu\":{\"cores\":2,\"systemLoad\":0.04467184886352455,\"lavalinkLoad\":9.75800156128025E-5},\"op\":\"stats\"}"}
{"level":20,"time":1674686629033,"pid":10268,"hostname":"DESKTOP-II87B4O","msg":"Node \"Lightning Node 2\" debug: connection: lavaclient <<< stats: {\"players\":0,\"playingPlayers\":0,\"uptime\":76500132,\"memory\":{\"free\":46051448,\"used\":60592008,\"allocated\":106643456,\"reservable\":285868032},\"cpu\":{\"cores\":2,\"systemLoad\":0.04467184886352455,\"lavalinkLoad\":0.0},\"op\":\"stats\"}"}
{"level":20,"time":1674686689025,"pid":10268,"hostname":"DESKTOP-II87B4O","msg":"Node \"Lightning Node 1\" debug: connection: lavaclient <<< stats: {\"players\":1,\"playingPlayers\":0,\"uptime\":75951535,\"memory\":{\"free\":39727352,\"used\":62902024,\"allocated\":102629376,\"reservable\":139919360},\"cpu\":{\"cores\":2,\"systemLoad\":0.059026409144659044,\"lavalinkLoad\":9.75800156128025E-5},\"op\":\"stats\"}"}
{"level":20,"time":1674686689035,"pid":10268,"hostname":"DESKTOP-II87B4O","msg":"Node \"Lightning Node 2\" debug: connection: lavaclient <<< stats: {\"players\":0,\"playingPlayers\":0,\"uptime\":76560132,\"memory\":{\"free\":43963768,\"used\":62679688,\"allocated\":106643456,\"reservable\":285868032},\"cpu\":{\"cores\":2,\"systemLoad\":0.05911912503694945,\"lavalinkLoad\":0.0},\"op\":\"stats\"}"}
{"level":20,"time":1674686749026,"pid":10268,"hostname":"DESKTOP-II87B4O","msg":"Node \"Lightning Node 1\" debug: connection: lavaclient <<< stats: {\"players\":1,\"playingPlayers\":0,\"uptime\":76011535,\"memory\":{\"free\":37959464,\"used\":64669912,\"allocated\":102629376,\"reservable\":139919360},\"cpu\":{\"cores\":2,\"systemLoad\":0.026771653543307086,\"lavalinkLoad\":9.75800156128025E-5},\"op\":\"stats\"}"}
{"level":20,"time":1674686749036,"pid":10268,"hostname":"DESKTOP-II87B4O","msg":"Node \"Lightning Node 2\" debug: connection: lavaclient <<< stats: {\"players\":0,\"playingPlayers\":0,\"uptime\":76620132,\"memory\":{\"free\":41969512,\"used\":64673944,\"allocated\":106643456,\"reservable\":285868032},\"cpu\":{\"cores\":2,\"systemLoad\":0.026867434307646886,\"lavalinkLoad\":0.0},\"op\":\"stats\"}"}
{"level":20,"time":1674686809027,"pid":10268,"hostname":"DESKTOP-II87B4O","msg":"Node \"Lightning Node 1\" debug: connection: lavaclient <<< stats: {\"players\":1,\"playingPlayers\":0,\"uptime\":76071535,\"memory\":{\"free\":36337312,\"used\":66292064,\"allocated\":102629376,\"reservable\":139919360},\"cpu\":{\"cores\":2,\"systemLoad\":0.025835716398777242,\"lavalinkLoad\":9.75800156128025E-5},\"op\":\"stats\"}"}
{"level":20,"time":1674686809037,"pid":10268,"hostname":"DESKTOP-II87B4O","msg":"Node \"Lightning Node 2\" debug: connection: lavaclient <<< stats: {\"players\":0,\"playingPlayers\":0,\"uptime\":76680132,\"memory\":{\"free\":40027328,\"used\":66616128,\"allocated\":106643456,\"reservable\":285868032},\"cpu\":{\"cores\":2,\"systemLoad\":0.025929212264615992,\"lavalinkLoad\":9.75800156128025E-5},\"op\":\"stats\"}"}
{"level":20,"time":1674686869039,"pid":10268,"hostname":"DESKTOP-II87B4O","msg":"Node \"Lightning Node 1\" debug: connection: lavaclient <<< stats: {\"players\":1,\"playingPlayers\":0,\"uptime\":76131535,\"memory\":{\"free\":34548104,\"used\":68081272,\"allocated\":102629376,\"reservable\":139919360},\"cpu\":{\"cores\":2,\"systemLoad\":0.025411208509800057,\"lavalinkLoad\":9.75800156128025E-5},\"op\":\"stats\"}"}
{"level":20,"time":1674686869040,"pid":10268,"hostname":"DESKTOP-II87B4O","msg":"Node \"Lightning Node 2\" debug: connection: lavaclient <<< stats: {\"players\":0,\"playingPlayers\":0,\"uptime\":76740132,\"memory\":{\"free\":38126208,\"used\":68517248,\"allocated\":106643456,\"reservable\":285868032},\"cpu\":{\"cores\":2,\"systemLoad\":0.02540870592869805,\"lavalinkLoad\":0.0},\"op\":\"stats\"}"}
{"level":20,"time":1674686929030,"pid":10268,"hostname":"DESKTOP-II87B4O","msg":"Node \"Lightning Node 1\" debug: connection: lavaclient <<< stats: {\"players\":1,\"playingPlayers\":0,\"uptime\":76191535,\"memory\":{\"free\":32721032,\"used\":69908344,\"allocated\":102629376,\"reservable\":139919360},\"cpu\":{\"cores\":2,\"systemLoad\":0.027098935750886875,\"lavalinkLoad\":9.75800156128025E-5},\"op\":\"stats\"}"}
{"level":20,"time":1674686929040,"pid":10268,"hostname":"DESKTOP-II87B4O","msg":"Node \"Lightning Node 2\" debug: connection: lavaclient <<< stats: {\"players\":0,\"playingPlayers\":0,\"uptime\":76800132,\"memory\":{\"free\":36081064,\"used\":70562392,\"allocated\":106643456,\"reservable\":285868032},\"cpu\":{\"cores\":2,\"systemLoad\":0.027000394166338194,\"lavalinkLoad\":0.0},\"op\":\"stats\"}"}
{"level":20,"time":1674686989032,"pid":10268,"hostname":"DESKTOP-II87B4O","msg":"Node \"Lightning Node 1\" debug: connection: lavaclient <<< stats: {\"players\":1,\"playingPlayers\":0,\"uptime\":76251535,\"memory\":{\"free\":31000056,\"used\":71629320,\"allocated\":102629376,\"reservable\":139919360},\"cpu\":{\"cores\":2,\"systemLoad\":0.024795828003542263,\"lavalinkLoad\":9.75800156128025E-5},\"op\":\"stats\"}"}
{"level":20,"time":1674686989046,"pid":10268,"hostname":"DESKTOP-II87B4O","msg":"Node \"Lightning Node 2\" debug: connection: lavaclient <<< stats: {\"players\":0,\"playingPlayers\":0,\"uptime\":76860132,\"memory\":{\"free\":34114112,\"used\":72529344,\"allocated\":106643456,\"reservable\":285868032},\"cpu\":{\"cores\":2,\"systemLoad\":0.024798268057469004,\"lavalinkLoad\":0.0},\"op\":\"stats\"}"}
{"level":20,"time":1674687049033,"pid":10268,"hostname":"DESKTOP-II87B4O","msg":"Node \"Lightning Node 1\" debug: connection: lavaclient <<< stats: {\"players\":1,\"playingPlayers\":0,\"uptime\":76311535,\"memory\":{\"free\":29293984,\"used\":73335392,\"allocated\":102629376,\"reservable\":139919360},\"cpu\":{\"cores\":2,\"systemLoad\":0.024940851735015774,\"lavalinkLoad\":9.75800156128025E-5},\"op\":\"stats\"}"}
{"level":20,"time":1674687049043,"pid":10268,"hostname":"DESKTOP-II87B4O","msg":"Node \"Lightning Node 2\" debug: connection: lavaclient <<< stats: {\"players\":0,\"playingPlayers\":0,\"uptime\":76920132,\"memory\":{\"free\":32124296,\"used\":74519160,\"allocated\":106643456,\"reservable\":285868032},\"cpu\":{\"cores\":2,\"systemLoad\":0.024943310657596373,\"lavalinkLoad\":0.0},\"op\":\"stats\"}"}
{"level":30,"time":1674693205196,"pid":10268,"hostname":"DESKTOP-II87B4O","msg":"Node \"Lightning Node 1\" disconnected"}
{"level":20,"time":1674693205196,"pid":10268,"hostname":"DESKTOP-II87B4O","msg":"Node \"Lightning Node 1\" debug: connection: unable to reconnect"}
{"level":50,"time":1674693205200,"pid":10268,"hostname":"DESKTOP-II87B4O","err":{"type":"MongoNetworkError","message":"connection 4 to 54.243.10.67:27017 closed","stack":"MongoNetworkError: connection 4 to 54.243.10.67:27017 closed\n    at Connection.onClose (D:\\Escritorio\\idk\\Code Stuff\\lightning\\node_modules\\mongodb\\lib\\cmap\\connection.js:135:19)\n    at TLSSocket.<anonymous> (D:\\Escritorio\\idk\\Code Stuff\\lightning\\node_modules\\mongodb\\lib\\cmap\\connection.js:62:46)\n    at TLSSocket.emit (node:events:513:28)\n    at node:net:313:12\n    at TCP.done (node:_tls_wrap:587:7)"},"msg":"Unhandled exception: connection 4 to 54.243.10.67:27017 closed"}
{"level":30,"time":1674693205225,"pid":10268,"hostname":"DESKTOP-II87B4O","msg":"Node \"Lightning Node 2\" disconnected"}
{"level":20,"time":1674693205225,"pid":10268,"hostname":"DESKTOP-II87B4O","msg":"Node \"Lightning Node 2\" debug: connection: unable to reconnect"}
