{"level":30,"time":1674780664724,"pid":6076,"hostname":"DESKTOP-II87B4O","msg":"Loading commands..."}
{"level":20,"time":1674780664750,"pid":6076,"hostname":"DESKTOP-II87B4O","msg":"Skipping command announce. Disabled!"}
{"level":20,"time":1674780664889,"pid":6076,"hostname":"DESKTOP-II87B4O","msg":"Skipping command roles-menu. Disabled!"}
{"level":20,"time":1674780665094,"pid":6076,"hostname":"DESKTOP-II87B4O","msg":"Skipping command trick-or-treat. Disabled!"}
{"level":20,"time":1674780665095,"pid":6076,"hostname":"DESKTOP-II87B4O","msg":"Skipping slash command trick-or-treat. Disabled!"}
{"level":20,"time":1674780666066,"pid":6076,"hostname":"DESKTOP-II87B4O","msg":"Skipping command giveaway. Disabled!"}
{"level":20,"time":1674780666074,"pid":6076,"hostname":"DESKTOP-II87B4O","msg":"Skipping command changelog. Disabled!"}
{"level":20,"time":1674780666081,"pid":6076,"hostname":"DESKTOP-II87B4O","msg":"Skipping slash command avatar. Disabled!"}
{"level":20,"time":1674780666083,"pid":6076,"hostname":"DESKTOP-II87B4O","msg":"Skipping slash command botinvite. Disabled!"}
{"level":20,"time":1674780666086,"pid":6076,"hostname":"DESKTOP-II87B4O","msg":"Skipping slash command botstats. Disabled!"}
{"level":20,"time":1674780666088,"pid":6076,"hostname":"DESKTOP-II87B4O","msg":"Skipping slash command channelinfo. Disabled!"}
{"level":20,"time":1674780666090,"pid":6076,"hostname":"DESKTOP-II87B4O","msg":"Skipping slash command emojiinfo. Disabled!"}
{"level":20,"time":1674780666105,"pid":6076,"hostname":"DESKTOP-II87B4O","msg":"Skipping slash command guildinfo. Disabled!"}
{"level":20,"time":1674780666106,"pid":6076,"hostname":"DESKTOP-II87B4O","msg":"Skipping slash command uptime. Disabled!"}
{"level":20,"time":1674780666110,"pid":6076,"hostname":"DESKTOP-II87B4O","msg":"Skipping slash command userinfo. Disabled!"}
{"level":20,"time":1674780666197,"pid":6076,"hostname":"DESKTOP-II87B4O","msg":"Skipping command bot. Disabled!"}
{"level":20,"time":1674780666205,"pid":6076,"hostname":"DESKTOP-II87B4O","msg":"Skipping command info. Disabled!"}
{"level":20,"time":1674780666278,"pid":6076,"hostname":"DESKTOP-II87B4O","msg":"Skipping command channel. Disabled!"}
{"level":20,"time":1674780666289,"pid":6076,"hostname":"DESKTOP-II87B4O","msg":"Skipping slash command deafen. Disabled!"}
{"level":20,"time":1674780666292,"pid":6076,"hostname":"DESKTOP-II87B4O","msg":"Skipping slash command disconnect. Disabled!"}
{"level":20,"time":1674780666296,"pid":6076,"hostname":"DESKTOP-II87B4O","msg":"Skipping slash command move. Disabled!"}
{"level":20,"time":1674780666297,"pid":6076,"hostname":"DESKTOP-II87B4O","msg":"Skipping slash command purge. Disabled!"}
{"level":20,"time":1674780666304,"pid":6076,"hostname":"DESKTOP-II87B4O","msg":"Skipping slash command purgeattach. Disabled!"}
{"level":20,"time":1674780666306,"pid":6076,"hostname":"DESKTOP-II87B4O","msg":"Skipping slash command purgebots. Disabled!"}
{"level":20,"time":1674780666308,"pid":6076,"hostname":"DESKTOP-II87B4O","msg":"Skipping slash command purgelinks. Disabled!"}
{"level":20,"time":1674780666311,"pid":6076,"hostname":"DESKTOP-II87B4O","msg":"Skipping slash command purgetoken. Disabled!"}
{"level":20,"time":1674780666312,"pid":6076,"hostname":"DESKTOP-II87B4O","msg":"Skipping slash command purgeuser. Disabled!"}
{"level":20,"time":1674780666316,"pid":6076,"hostname":"DESKTOP-II87B4O","msg":"Skipping slash command undeafen. Disabled!"}
{"level":20,"time":1674780666321,"pid":6076,"hostname":"DESKTOP-II87B4O","msg":"Skipping slash command vmute. Disabled!"}
{"level":20,"time":1674780666324,"pid":6076,"hostname":"DESKTOP-II87B4O","msg":"Skipping slash command vunmute. Disabled!"}
{"level":20,"time":1674780666327,"pid":6076,"hostname":"DESKTOP-II87B4O","msg":"Skipping command role. Disabled!"}
{"level":20,"time":1674780666331,"pid":6076,"hostname":"DESKTOP-II87B4O","msg":"Skipping command purge. Disabled!"}
{"level":20,"time":1674780666335,"pid":6076,"hostname":"DESKTOP-II87B4O","msg":"Skipping command voice. Disabled!"}
{"level":20,"time":1674780666403,"pid":6076,"hostname":"DESKTOP-II87B4O","msg":"Skipping slash command blacklist. Disabled!"}
{"level":20,"time":1674780666405,"pid":6076,"hostname":"DESKTOP-II87B4O","msg":"Skipping slash command emit. Disabled!"}
{"level":20,"time":1674780666407,"pid":6076,"hostname":"DESKTOP-II87B4O","msg":"Skipping slash command eval. Disabled!"}
{"level":20,"time":1674780666409,"pid":6076,"hostname":"DESKTOP-II87B4O","msg":"Skipping slash command leaveserver. Disabled!"}
{"level":20,"time":1674780666411,"pid":6076,"hostname":"DESKTOP-II87B4O","msg":"Skipping slash command listservers. Disabled!"}
{"level":30,"time":1674780666490,"pid":6076,"hostname":"DESKTOP-II87B4O","msg":"Loaded 114 commands"}
{"level":30,"time":1674780666490,"pid":6076,"hostname":"DESKTOP-II87B4O","msg":"Loaded 99 slash commands"}
{"level":30,"time":1674780666490,"pid":6076,"hostname":"DESKTOP-II87B4O","msg":"Loading contexts..."}
{"level":30,"time":1674780666493,"pid":6076,"hostname":"DESKTOP-II87B4O","msg":"Loaded 0 USER contexts"}
{"level":30,"time":1674780666493,"pid":6076,"hostname":"DESKTOP-II87B4O","msg":"Loaded 0 MESSAGE contexts"}
{"level":30,"time":1674780666493,"pid":6076,"hostname":"DESKTOP-II87B4O","msg":"Loading events..."}
{"level":30,"time":1674780667077,"pid":6076,"hostname":"DESKTOP-II87B4O","msg":"Loaded 26 events. Success (26) Failed (0)"}
{"level":30,"time":1674780667077,"pid":6076,"hostname":"DESKTOP-II87B4O","msg":"Connecting to MongoDb..."}
{"level":30,"time":1674780667169,"pid":6076,"hostname":"DESKTOP-II87B4O","msg":"Downtime alerts started on 25999"}
{"level":30,"time":1674780668688,"pid":6076,"hostname":"DESKTOP-II87B4O","msg":"Mongoose: Database connection established"}
{"level":30,"time":1674780668688,"pid":6076,"hostname":"DESKTOP-II87B4O","msg":"Launching dashboard"}
{"level":30,"time":1674780668756,"pid":6076,"hostname":"DESKTOP-II87B4O","msg":"Connecting to MongoDb..."}
{"level":30,"time":1674780668756,"pid":6076,"hostname":"DESKTOP-II87B4O","msg":"Mongoose: Database connection established"}
{"level":30,"time":1674780668779,"pid":6076,"hostname":"DESKTOP-II87B4O","msg":"Lightning dashboard is listening on port 8080"}
{"level":30,"time":1674780674826,"pid":6076,"hostname":"DESKTOP-II87B4O","msg":"Logged in as Elon's Testing Bot#6842! (1024458057188659293)"}
{"level":20,"time":1674780674827,"pid":6076,"hostname":"DESKTOP-II87B4O","msg":"Node \"Lightning Node 1\" debug: connection: creating websocket..."}
{"level":20,"time":1674780674828,"pid":6076,"hostname":"DESKTOP-II87B4O","msg":"Node \"Lightning Node 2\" debug: connection: creating websocket..."}
{"level":30,"time":1674780674829,"pid":6076,"hostname":"DESKTOP-II87B4O","msg":"Music Manager initialized"}
{"level":20,"time":1674780675257,"pid":6076,"hostname":"DESKTOP-II87B4O","msg":"Node \"Lightning Node 2\" debug: connection: lavaclient <<< ready: {\"resumed\":false,\"sessionId\":\"ym8qg9stsexcbanq\",\"op\":\"ready\"}"}
{"level":20,"time":1674780675258,"pid":6076,"hostname":"DESKTOP-II87B4O","msg":"Node \"Lightning Node 2\" debug: connection: lavaclient <<< stats: {\"players\":0,\"playingPlayers\":0,\"uptime\":170545756,\"memory\":{\"free\":30565928,\"used\":76077528,\"allocated\":106643456,\"reservable\":285868032},\"cpu\":{\"cores\":2,\"systemLoad\":0.023870675328599485,\"lavalinkLoad\":1.4955731036133044E-4},\"op\":\"stats\"}"}
{"level":20,"time":1674780675258,"pid":6076,"hostname":"DESKTOP-II87B4O","msg":"Node \"Lightning Node 2\" connected"}
{"level":20,"time":1674780675258,"pid":6076,"hostname":"DESKTOP-II87B4O","msg":"Node \"Lightning Node 2\" debug: connection: connected in 429ms"}
{"level":20,"time":1674780675265,"pid":6076,"hostname":"DESKTOP-II87B4O","msg":"Node \"Lightning Node 1\" debug: connection: lavaclient <<< ready: {\"resumed\":false,\"sessionId\":\"c0pmm9or0m8lr8u9\",\"op\":\"ready\"}"}
{"level":20,"time":1674780675265,"pid":6076,"hostname":"DESKTOP-II87B4O","msg":"Node \"Lightning Node 1\" debug: connection: lavaclient <<< stats: {\"players\":1,\"playingPlayers\":0,\"uptime\":169937165,\"memory\":{\"free\":24931824,\"used\":77697552,\"allocated\":102629376,\"reservable\":139919360},\"cpu\":{\"cores\":2,\"systemLoad\":0.02399637790522185,\"lavalinkLoad\":1.493964383889088E-4},\"op\":\"stats\"}"}
{"level":20,"time":1674780675266,"pid":6076,"hostname":"DESKTOP-II87B4O","msg":"Node \"Lightning Node 1\" connected"}
{"level":20,"time":1674780675266,"pid":6076,"hostname":"DESKTOP-II87B4O","msg":"Node \"Lightning Node 1\" debug: connection: connected in 438ms"}
{"level":30,"time":1674780675922,"pid":6076,"hostname":"DESKTOP-II87B4O","msg":"Successfully registered interactions"}
{"level":30,"time":1674780676030,"pid":6076,"hostname":"DESKTOP-II87B4O","msg":"Total Clusters: 1"}
{"level":30,"time":1674780676031,"pid":6076,"hostname":"DESKTOP-II87B4O","msg":"Connected to cluster 0"}
{"level":30,"time":1674780676031,"pid":6076,"hostname":"DESKTOP-II87B4O","msg":"Total Shards: 2"}
{"level":30,"time":1674780676037,"pid":6076,"hostname":"DESKTOP-II87B4O","msg":"3 total guilds"}
{"level":20,"time":1674780735257,"pid":6076,"hostname":"DESKTOP-II87B4O","msg":"Node \"Lightning Node 2\" debug: connection: lavaclient <<< stats: {\"players\":0,\"playingPlayers\":0,\"uptime\":170605756,\"memory\":{\"free\":55943960,\"used\":50699496,\"allocated\":106643456,\"reservable\":285868032},\"cpu\":{\"cores\":2,\"systemLoad\":0.02794984136576522,\"lavalinkLoad\":0.0},\"op\":\"stats\"}"}
{"level":20,"time":1674780735279,"pid":6076,"hostname":"DESKTOP-II87B4O","msg":"Node \"Lightning Node 1\" debug: connection: lavaclient <<< stats: {\"players\":1,\"playingPlayers\":0,\"uptime\":169997165,\"memory\":{\"free\":21155920,\"used\":81473456,\"allocated\":102629376,\"reservable\":139919360},\"cpu\":{\"cores\":2,\"systemLoad\":0.02806699864191942,\"lavalinkLoad\":1.493964383889088E-4},\"op\":\"stats\"}"}
{"level":20,"time":1674780795256,"pid":6076,"hostname":"DESKTOP-II87B4O","msg":"Node \"Lightning Node 2\" debug: connection: lavaclient <<< stats: {\"players\":0,\"playingPlayers\":0,\"uptime\":170665756,\"memory\":{\"free\":51827920,\"used\":54815536,\"allocated\":106643456,\"reservable\":285868032},\"cpu\":{\"cores\":2,\"systemLoad\":0.022967663946811726,\"lavalinkLoad\":1.495841560461916E-4},\"op\":\"stats\"}"}
{"level":20,"time":1674780795270,"pid":6076,"hostname":"DESKTOP-II87B4O","msg":"Node \"Lightning Node 1\" debug: connection: lavaclient <<< stats: {\"players\":1,\"playingPlayers\":0,\"uptime\":170057165,\"memory\":{\"free\":45738952,\"used\":56890424,\"allocated\":102629376,\"reservable\":139919360},\"cpu\":{\"cores\":2,\"systemLoad\":0.022943396226415093,\"lavalinkLoad\":0.0},\"op\":\"stats\"}"}
{"level":20,"time":1674780855273,"pid":6076,"hostname":"DESKTOP-II87B4O","msg":"Node \"Lightning Node 2\" debug: connection: lavaclient <<< stats: {\"players\":0,\"playingPlayers\":0,\"uptime\":170725756,\"memory\":{\"free\":47935800,\"used\":58707656,\"allocated\":106643456,\"reservable\":285868032},\"cpu\":{\"cores\":2,\"systemLoad\":0.025486351983109636,\"lavalinkLoad\":0.0},\"op\":\"stats\"}"}
{"level":20,"time":1674780855283,"pid":6076,"hostname":"DESKTOP-II87B4O","msg":"Node \"Lightning Node 1\" debug: connection: lavaclient <<< stats: {\"players\":1,\"playingPlayers\":0,\"uptime\":170117165,\"memory\":{\"free\":41811096,\"used\":60818280,\"allocated\":102629376,\"reservable\":139919360},\"cpu\":{\"cores\":2,\"systemLoad\":0.025459475745706537,\"lavalinkLoad\":0.0},\"op\":\"stats\"}"}
{"level":20,"time":1674780915259,"pid":6076,"hostname":"DESKTOP-II87B4O","msg":"Node \"Lightning Node 2\" debug: connection: lavaclient <<< stats: {\"players\":0,\"playingPlayers\":0,\"uptime\":170785756,\"memory\":{\"free\":43989728,\"used\":62653728,\"allocated\":106643456,\"reservable\":285868032},\"cpu\":{\"cores\":2,\"systemLoad\":0.024,\"lavalinkLoad\":1.495841560461916E-4},\"op\":\"stats\"}"}
{"level":20,"time":1674780915270,"pid":6076,"hostname":"DESKTOP-II87B4O","msg":"Node \"Lightning Node 1\" debug: connection: lavaclient <<< stats: {\"players\":1,\"playingPlayers\":0,\"uptime\":170177165,\"memory\":{\"free\":38062896,\"used\":64566480,\"allocated\":102629376,\"reservable\":139919360},\"cpu\":{\"cores\":2,\"systemLoad\":0.02411817907747965,\"lavalinkLoad\":1.493964383889088E-4},\"op\":\"stats\"}"}
{"level":30,"time":1674780943598,"pid":6076,"hostname":"DESKTOP-II87B4O","msg":"Node \"Lightning Node 2\" disconnected"}
{"level":20,"time":1674780943598,"pid":6076,"hostname":"DESKTOP-II87B4O","msg":"Node \"Lightning Node 2\" debug: connection: unable to reconnect"}
{"level":30,"time":1674780943601,"pid":6076,"hostname":"DESKTOP-II87B4O","msg":"Node \"Lightning Node 1\" disconnected"}
{"level":20,"time":1674780943601,"pid":6076,"hostname":"DESKTOP-II87B4O","msg":"Node \"Lightning Node 1\" debug: connection: unable to reconnect"}
{"level":30,"time":1674784285090,"pid":8224,"hostname":"DESKTOP-II87B4O","msg":"Loading commands..."}
{"level":20,"time":1674784285128,"pid":8224,"hostname":"DESKTOP-II87B4O","msg":"Skipping command announce. Disabled!"}
{"level":20,"time":1674784285239,"pid":8224,"hostname":"DESKTOP-II87B4O","msg":"Skipping command roles-menu. Disabled!"}
{"level":20,"time":1674784285409,"pid":8224,"hostname":"DESKTOP-II87B4O","msg":"Skipping command trick-or-treat. Disabled!"}
{"level":20,"time":1674784285409,"pid":8224,"hostname":"DESKTOP-II87B4O","msg":"Skipping slash command trick-or-treat. Disabled!"}
{"level":20,"time":1674784286195,"pid":8224,"hostname":"DESKTOP-II87B4O","msg":"Skipping command giveaway. Disabled!"}
{"level":20,"time":1674784286204,"pid":8224,"hostname":"DESKTOP-II87B4O","msg":"Skipping command changelog. Disabled!"}
{"level":20,"time":1674784286213,"pid":8224,"hostname":"DESKTOP-II87B4O","msg":"Skipping slash command avatar. Disabled!"}
{"level":20,"time":1674784286215,"pid":8224,"hostname":"DESKTOP-II87B4O","msg":"Skipping slash command botinvite. Disabled!"}
{"level":20,"time":1674784286218,"pid":8224,"hostname":"DESKTOP-II87B4O","msg":"Skipping slash command botstats. Disabled!"}
{"level":20,"time":1674784286222,"pid":8224,"hostname":"DESKTOP-II87B4O","msg":"Skipping slash command channelinfo. Disabled!"}
{"level":20,"time":1674784286223,"pid":8224,"hostname":"DESKTOP-II87B4O","msg":"Skipping slash command emojiinfo. Disabled!"}
{"level":20,"time":1674784286238,"pid":8224,"hostname":"DESKTOP-II87B4O","msg":"Skipping slash command guildinfo. Disabled!"}
{"level":20,"time":1674784286239,"pid":8224,"hostname":"DESKTOP-II87B4O","msg":"Skipping slash command uptime. Disabled!"}
{"level":20,"time":1674784286241,"pid":8224,"hostname":"DESKTOP-II87B4O","msg":"Skipping slash command userinfo. Disabled!"}
{"level":20,"time":1674784286247,"pid":8224,"hostname":"DESKTOP-II87B4O","msg":"Skipping command bot. Disabled!"}
{"level":20,"time":1674784286249,"pid":8224,"hostname":"DESKTOP-II87B4O","msg":"Skipping command info. Disabled!"}
{"level":20,"time":1674784286271,"pid":8224,"hostname":"DESKTOP-II87B4O","msg":"Skipping command channel. Disabled!"}
{"level":20,"time":1674784286275,"pid":8224,"hostname":"DESKTOP-II87B4O","msg":"Skipping slash command deafen. Disabled!"}
{"level":20,"time":1674784286278,"pid":8224,"hostname":"DESKTOP-II87B4O","msg":"Skipping slash command disconnect. Disabled!"}
{"level":20,"time":1674784286280,"pid":8224,"hostname":"DESKTOP-II87B4O","msg":"Skipping slash command move. Disabled!"}
{"level":20,"time":1674784286281,"pid":8224,"hostname":"DESKTOP-II87B4O","msg":"Skipping slash command purge. Disabled!"}
{"level":20,"time":1674784286283,"pid":8224,"hostname":"DESKTOP-II87B4O","msg":"Skipping slash command purgeattach. Disabled!"}
{"level":20,"time":1674784286284,"pid":8224,"hostname":"DESKTOP-II87B4O","msg":"Skipping slash command purgebots. Disabled!"}
{"level":20,"time":1674784286285,"pid":8224,"hostname":"DESKTOP-II87B4O","msg":"Skipping slash command purgelinks. Disabled!"}
{"level":20,"time":1674784286287,"pid":8224,"hostname":"DESKTOP-II87B4O","msg":"Skipping slash command purgetoken. Disabled!"}
{"level":20,"time":1674784286288,"pid":8224,"hostname":"DESKTOP-II87B4O","msg":"Skipping slash command purgeuser. Disabled!"}
{"level":20,"time":1674784286290,"pid":8224,"hostname":"DESKTOP-II87B4O","msg":"Skipping slash command undeafen. Disabled!"}
{"level":20,"time":1674784286296,"pid":8224,"hostname":"DESKTOP-II87B4O","msg":"Skipping slash command vmute. Disabled!"}
{"level":20,"time":1674784286298,"pid":8224,"hostname":"DESKTOP-II87B4O","msg":"Skipping slash command vunmute. Disabled!"}
{"level":20,"time":1674784286301,"pid":8224,"hostname":"DESKTOP-II87B4O","msg":"Skipping command role. Disabled!"}
{"level":20,"time":1674784286303,"pid":8224,"hostname":"DESKTOP-II87B4O","msg":"Skipping command purge. Disabled!"}
{"level":20,"time":1674784286305,"pid":8224,"hostname":"DESKTOP-II87B4O","msg":"Skipping command voice. Disabled!"}
{"level":20,"time":1674784286343,"pid":8224,"hostname":"DESKTOP-II87B4O","msg":"Skipping slash command blacklist. Disabled!"}
{"level":20,"time":1674784286344,"pid":8224,"hostname":"DESKTOP-II87B4O","msg":"Skipping slash command emit. Disabled!"}
{"level":20,"time":1674784286346,"pid":8224,"hostname":"DESKTOP-II87B4O","msg":"Skipping slash command eval. Disabled!"}
{"level":20,"time":1674784286347,"pid":8224,"hostname":"DESKTOP-II87B4O","msg":"Skipping slash command leaveserver. Disabled!"}
{"level":20,"time":1674784286348,"pid":8224,"hostname":"DESKTOP-II87B4O","msg":"Skipping slash command listservers. Disabled!"}
{"level":30,"time":1674784286424,"pid":8224,"hostname":"DESKTOP-II87B4O","msg":"Loaded 114 commands"}
{"level":30,"time":1674784286424,"pid":8224,"hostname":"DESKTOP-II87B4O","msg":"Loaded 99 slash commands"}
{"level":30,"time":1674784286424,"pid":8224,"hostname":"DESKTOP-II87B4O","msg":"Loading contexts..."}
{"level":30,"time":1674784286428,"pid":8224,"hostname":"DESKTOP-II87B4O","msg":"Loaded 0 USER contexts"}
{"level":30,"time":1674784286428,"pid":8224,"hostname":"DESKTOP-II87B4O","msg":"Loaded 0 MESSAGE contexts"}
{"level":30,"time":1674784286428,"pid":8224,"hostname":"DESKTOP-II87B4O","msg":"Loading events..."}
{"level":30,"time":1674784286673,"pid":8224,"hostname":"DESKTOP-II87B4O","msg":"Loaded 26 events. Success (26) Failed (0)"}
{"level":30,"time":1674784286673,"pid":8224,"hostname":"DESKTOP-II87B4O","msg":"Connecting to MongoDb..."}
{"level":30,"time":1674784286692,"pid":8224,"hostname":"DESKTOP-II87B4O","msg":"Downtime alerts started on 25999"}
{"level":30,"time":1674784288016,"pid":8224,"hostname":"DESKTOP-II87B4O","msg":"Mongoose: Database connection established"}
{"level":30,"time":1674784288016,"pid":8224,"hostname":"DESKTOP-II87B4O","msg":"Launching dashboard"}
{"level":30,"time":1674784288078,"pid":8224,"hostname":"DESKTOP-II87B4O","msg":"Connecting to MongoDb..."}
{"level":30,"time":1674784288078,"pid":8224,"hostname":"DESKTOP-II87B4O","msg":"Mongoose: Database connection established"}
{"level":30,"time":1674784288100,"pid":8224,"hostname":"DESKTOP-II87B4O","msg":"Lightning dashboard is listening on port 8080"}
{"level":30,"time":1674784293815,"pid":8224,"hostname":"DESKTOP-II87B4O","msg":"Logged in as Elon's Testing Bot#6842! (1024458057188659293)"}
{"level":20,"time":1674784293816,"pid":8224,"hostname":"DESKTOP-II87B4O","msg":"Node \"Lightning Node 1\" debug: connection: creating websocket..."}
{"level":20,"time":1674784293818,"pid":8224,"hostname":"DESKTOP-II87B4O","msg":"Node \"Lightning Node 2\" debug: connection: creating websocket..."}
{"level":30,"time":1674784293818,"pid":8224,"hostname":"DESKTOP-II87B4O","msg":"Music Manager initialized"}
{"level":20,"time":1674784294239,"pid":8224,"hostname":"DESKTOP-II87B4O","msg":"Node \"Lightning Node 2\" connected"}
{"level":20,"time":1674784294239,"pid":8224,"hostname":"DESKTOP-II87B4O","msg":"Node \"Lightning Node 2\" debug: connection: connected in 421ms"}
{"level":20,"time":1674784294240,"pid":8224,"hostname":"DESKTOP-II87B4O","msg":"Node \"Lightning Node 2\" debug: connection: lavaclient <<< ready: {\"resumed\":false,\"sessionId\":\"phfnqxztj45hqfjg\",\"op\":\"ready\"}"}
{"level":20,"time":1674784294240,"pid":8224,"hostname":"DESKTOP-II87B4O","msg":"Node \"Lightning Node 2\" debug: connection: lavaclient <<< stats: {\"players\":0,\"playingPlayers\":0,\"uptime\":174164814,\"memory\":{\"free\":55793520,\"used\":50849936,\"allocated\":106643456,\"reservable\":285868032},\"cpu\":{\"cores\":2,\"systemLoad\":0.0,\"lavalinkLoad\":0.007440476190476191},\"op\":\"stats\"}"}
{"level":20,"time":1674784294241,"pid":8224,"hostname":"DESKTOP-II87B4O","msg":"Node \"Lightning Node 1\" debug: connection: lavaclient <<< ready: {\"resumed\":false,\"sessionId\":\"dymxqlnomtf565x3\",\"op\":\"ready\"}"}
{"level":20,"time":1674784294242,"pid":8224,"hostname":"DESKTOP-II87B4O","msg":"Node \"Lightning Node 1\" debug: connection: lavaclient <<< stats: {\"players\":1,\"playingPlayers\":0,\"uptime\":173556212,\"memory\":{\"free\":24521264,\"used\":78108112,\"allocated\":102629376,\"reservable\":139919360},\"cpu\":{\"cores\":2,\"systemLoad\":0.0,\"lavalinkLoad\":0.0},\"op\":\"stats\"}"}
{"level":20,"time":1674784294242,"pid":8224,"hostname":"DESKTOP-II87B4O","msg":"Node \"Lightning Node 1\" connected"}
{"level":20,"time":1674784294242,"pid":8224,"hostname":"DESKTOP-II87B4O","msg":"Node \"Lightning Node 1\" debug: connection: connected in 424ms"}
{"level":30,"time":1674784294262,"pid":8224,"hostname":"DESKTOP-II87B4O","msg":"Successfully registered interactions"}
{"level":30,"time":1674784294357,"pid":8224,"hostname":"DESKTOP-II87B4O","msg":"Total Clusters: 1"}
{"level":30,"time":1674784294357,"pid":8224,"hostname":"DESKTOP-II87B4O","msg":"Connected to cluster 0"}
{"level":30,"time":1674784294358,"pid":8224,"hostname":"DESKTOP-II87B4O","msg":"Total Shards: 2"}
{"level":30,"time":1674784294365,"pid":8224,"hostname":"DESKTOP-II87B4O","msg":"3 total guilds"}
{"level":20,"time":1674784354240,"pid":8224,"hostname":"DESKTOP-II87B4O","msg":"Node \"Lightning Node 2\" debug: connection: lavaclient <<< stats: {\"players\":0,\"playingPlayers\":0,\"uptime\":174224814,\"memory\":{\"free\":51476920,\"used\":55166536,\"allocated\":106643456,\"reservable\":285868032},\"cpu\":{\"cores\":2,\"systemLoad\":0.0,\"lavalinkLoad\":0.0},\"op\":\"stats\"}"}
{"level":20,"time":1674784354240,"pid":8224,"hostname":"DESKTOP-II87B4O","msg":"Node \"Lightning Node 1\" debug: connection: lavaclient <<< stats: {\"players\":1,\"playingPlayers\":0,\"uptime\":173616212,\"memory\":{\"free\":20667296,\"used\":81962080,\"allocated\":102629376,\"reservable\":139919360},\"cpu\":{\"cores\":2,\"systemLoad\":0.0,\"lavalinkLoad\":0.0},\"op\":\"stats\"}"}
{"level":30,"time":1674784545613,"pid":12140,"hostname":"DESKTOP-II87B4O","msg":"Loading commands..."}
{"level":20,"time":1674784545639,"pid":12140,"hostname":"DESKTOP-II87B4O","msg":"Skipping command announce. Disabled!"}
{"level":20,"time":1674784545715,"pid":12140,"hostname":"DESKTOP-II87B4O","msg":"Skipping command roles-menu. Disabled!"}
{"level":20,"time":1674784545828,"pid":12140,"hostname":"DESKTOP-II87B4O","msg":"Skipping command trick-or-treat. Disabled!"}
{"level":20,"time":1674784545828,"pid":12140,"hostname":"DESKTOP-II87B4O","msg":"Skipping slash command trick-or-treat. Disabled!"}
{"level":20,"time":1674784546376,"pid":12140,"hostname":"DESKTOP-II87B4O","msg":"Skipping command giveaway. Disabled!"}
{"level":20,"time":1674784546382,"pid":12140,"hostname":"DESKTOP-II87B4O","msg":"Skipping command changelog. Disabled!"}
{"level":20,"time":1674784546389,"pid":12140,"hostname":"DESKTOP-II87B4O","msg":"Skipping slash command avatar. Disabled!"}
{"level":20,"time":1674784546390,"pid":12140,"hostname":"DESKTOP-II87B4O","msg":"Skipping slash command botinvite. Disabled!"}
{"level":20,"time":1674784546393,"pid":12140,"hostname":"DESKTOP-II87B4O","msg":"Skipping slash command botstats. Disabled!"}
{"level":20,"time":1674784546395,"pid":12140,"hostname":"DESKTOP-II87B4O","msg":"Skipping slash command channelinfo. Disabled!"}
{"level":20,"time":1674784546397,"pid":12140,"hostname":"DESKTOP-II87B4O","msg":"Skipping slash command emojiinfo. Disabled!"}
{"level":20,"time":1674784546408,"pid":12140,"hostname":"DESKTOP-II87B4O","msg":"Skipping slash command guildinfo. Disabled!"}
{"level":20,"time":1674784546409,"pid":12140,"hostname":"DESKTOP-II87B4O","msg":"Skipping slash command uptime. Disabled!"}
{"level":20,"time":1674784546410,"pid":12140,"hostname":"DESKTOP-II87B4O","msg":"Skipping slash command userinfo. Disabled!"}
{"level":20,"time":1674784546415,"pid":12140,"hostname":"DESKTOP-II87B4O","msg":"Skipping command bot. Disabled!"}
{"level":20,"time":1674784546416,"pid":12140,"hostname":"DESKTOP-II87B4O","msg":"Skipping command info. Disabled!"}
{"level":20,"time":1674784546430,"pid":12140,"hostname":"DESKTOP-II87B4O","msg":"Skipping command channel. Disabled!"}
{"level":20,"time":1674784546433,"pid":12140,"hostname":"DESKTOP-II87B4O","msg":"Skipping slash command deafen. Disabled!"}
{"level":20,"time":1674784546435,"pid":12140,"hostname":"DESKTOP-II87B4O","msg":"Skipping slash command disconnect. Disabled!"}
{"level":20,"time":1674784546436,"pid":12140,"hostname":"DESKTOP-II87B4O","msg":"Skipping slash command move. Disabled!"}
{"level":20,"time":1674784546437,"pid":12140,"hostname":"DESKTOP-II87B4O","msg":"Skipping slash command purge. Disabled!"}
{"level":20,"time":1674784546438,"pid":12140,"hostname":"DESKTOP-II87B4O","msg":"Skipping slash command purgeattach. Disabled!"}
{"level":20,"time":1674784546439,"pid":12140,"hostname":"DESKTOP-II87B4O","msg":"Skipping slash command purgebots. Disabled!"}
{"level":20,"time":1674784546440,"pid":12140,"hostname":"DESKTOP-II87B4O","msg":"Skipping slash command purgelinks. Disabled!"}
{"level":20,"time":1674784546440,"pid":12140,"hostname":"DESKTOP-II87B4O","msg":"Skipping slash command purgetoken. Disabled!"}
{"level":20,"time":1674784546441,"pid":12140,"hostname":"DESKTOP-II87B4O","msg":"Skipping slash command purgeuser. Disabled!"}
{"level":20,"time":1674784546446,"pid":12140,"hostname":"DESKTOP-II87B4O","msg":"Skipping slash command undeafen. Disabled!"}
{"level":20,"time":1674784546447,"pid":12140,"hostname":"DESKTOP-II87B4O","msg":"Skipping slash command vmute. Disabled!"}
{"level":20,"time":1674784546449,"pid":12140,"hostname":"DESKTOP-II87B4O","msg":"Skipping slash command vunmute. Disabled!"}
{"level":20,"time":1674784546450,"pid":12140,"hostname":"DESKTOP-II87B4O","msg":"Skipping command role. Disabled!"}
{"level":20,"time":1674784546452,"pid":12140,"hostname":"DESKTOP-II87B4O","msg":"Skipping command purge. Disabled!"}
{"level":20,"time":1674784546453,"pid":12140,"hostname":"DESKTOP-II87B4O","msg":"Skipping command voice. Disabled!"}
{"level":20,"time":1674784546479,"pid":12140,"hostname":"DESKTOP-II87B4O","msg":"Skipping slash command blacklist. Disabled!"}
{"level":20,"time":1674784546480,"pid":12140,"hostname":"DESKTOP-II87B4O","msg":"Skipping slash command emit. Disabled!"}
{"level":20,"time":1674784546481,"pid":12140,"hostname":"DESKTOP-II87B4O","msg":"Skipping slash command eval. Disabled!"}
{"level":20,"time":1674784546481,"pid":12140,"hostname":"DESKTOP-II87B4O","msg":"Skipping slash command leaveserver. Disabled!"}
{"level":20,"time":1674784546482,"pid":12140,"hostname":"DESKTOP-II87B4O","msg":"Skipping slash command listservers. Disabled!"}
{"level":30,"time":1674784546514,"pid":12140,"hostname":"DESKTOP-II87B4O","msg":"Loaded 114 commands"}
{"level":30,"time":1674784546514,"pid":12140,"hostname":"DESKTOP-II87B4O","msg":"Loaded 99 slash commands"}
{"level":30,"time":1674784546514,"pid":12140,"hostname":"DESKTOP-II87B4O","msg":"Loading contexts..."}
{"level":30,"time":1674784546516,"pid":12140,"hostname":"DESKTOP-II87B4O","msg":"Loaded 0 USER contexts"}
{"level":30,"time":1674784546516,"pid":12140,"hostname":"DESKTOP-II87B4O","msg":"Loaded 0 MESSAGE contexts"}
{"level":30,"time":1674784546516,"pid":12140,"hostname":"DESKTOP-II87B4O","msg":"Loading events..."}
{"level":30,"time":1674784546637,"pid":12140,"hostname":"DESKTOP-II87B4O","msg":"Loaded 26 events. Success (26) Failed (0)"}
{"level":30,"time":1674784546638,"pid":12140,"hostname":"DESKTOP-II87B4O","msg":"Connecting to MongoDb..."}
{"level":30,"time":1674784546655,"pid":12140,"hostname":"DESKTOP-II87B4O","msg":"Downtime alerts started on 25999"}
{"level":30,"time":1674784547863,"pid":12140,"hostname":"DESKTOP-II87B4O","msg":"Mongoose: Database connection established"}
{"level":30,"time":1674784547863,"pid":12140,"hostname":"DESKTOP-II87B4O","msg":"Launching dashboard"}
{"level":30,"time":1674784547904,"pid":12140,"hostname":"DESKTOP-II87B4O","msg":"Connecting to MongoDb..."}
{"level":30,"time":1674784547905,"pid":12140,"hostname":"DESKTOP-II87B4O","msg":"Mongoose: Database connection established"}
{"level":30,"time":1674784547924,"pid":12140,"hostname":"DESKTOP-II87B4O","msg":"Lightning dashboard is listening on port 8080"}
{"level":30,"time":1674784553915,"pid":12140,"hostname":"DESKTOP-II87B4O","msg":"Logged in as Elon's Testing Bot#6842! (1024458057188659293)"}
{"level":20,"time":1674784553917,"pid":12140,"hostname":"DESKTOP-II87B4O","msg":"Node \"Lightning Node 1\" debug: connection: creating websocket..."}
{"level":20,"time":1674784553919,"pid":12140,"hostname":"DESKTOP-II87B4O","msg":"Node \"Lightning Node 2\" debug: connection: creating websocket..."}
{"level":30,"time":1674784553920,"pid":12140,"hostname":"DESKTOP-II87B4O","msg":"Music Manager initialized"}
{"level":20,"time":1674784554326,"pid":12140,"hostname":"DESKTOP-II87B4O","msg":"Node \"Lightning Node 2\" connected"}
{"level":20,"time":1674784554326,"pid":12140,"hostname":"DESKTOP-II87B4O","msg":"Node \"Lightning Node 2\" debug: connection: connected in 406ms"}
{"level":20,"time":1674784554327,"pid":12140,"hostname":"DESKTOP-II87B4O","msg":"Node \"Lightning Node 2\" debug: connection: lavaclient <<< ready: {\"resumed\":false,\"sessionId\":\"0s1x7294c2obmizm\",\"op\":\"ready\"}"}
{"level":20,"time":1674784554327,"pid":12140,"hostname":"DESKTOP-II87B4O","msg":"Node \"Lightning Node 2\" debug: connection: lavaclient <<< stats: {\"players\":0,\"playingPlayers\":0,\"uptime\":174424919,\"memory\":{\"free\":38007048,\"used\":68636408,\"allocated\":106643456,\"reservable\":285868032},\"cpu\":{\"cores\":2,\"systemLoad\":0.026551609691337536,\"lavalinkLoad\":0.0},\"op\":\"stats\"}"}
{"level":20,"time":1674784554346,"pid":12140,"hostname":"DESKTOP-II87B4O","msg":"Node \"Lightning Node 1\" connected"}
{"level":20,"time":1674784554346,"pid":12140,"hostname":"DESKTOP-II87B4O","msg":"Node \"Lightning Node 1\" debug: connection: connected in 427ms"}
{"level":20,"time":1674784554346,"pid":12140,"hostname":"DESKTOP-II87B4O","msg":"Node \"Lightning Node 1\" debug: connection: lavaclient <<< ready: {\"resumed\":false,\"sessionId\":\"1wvsr1owwme9s1t8\",\"op\":\"ready\"}"}
{"level":30,"time":1674784554359,"pid":12140,"hostname":"DESKTOP-II87B4O","msg":"Successfully registered interactions"}
{"level":20,"time":1674784554364,"pid":12140,"hostname":"DESKTOP-II87B4O","msg":"Node \"Lightning Node 1\" debug: connection: lavaclient <<< stats: {\"players\":1,\"playingPlayers\":0,\"uptime\":173816333,\"memory\":{\"free\":35647040,\"used\":66982336,\"allocated\":102629376,\"reservable\":139919360},\"cpu\":{\"cores\":2,\"systemLoad\":0.026785714285714284,\"lavalinkLoad\":3.275681341719078E-4},\"op\":\"stats\"}"}
{"level":30,"time":1674784554456,"pid":12140,"hostname":"DESKTOP-II87B4O","msg":"Total Clusters: 1"}
{"level":30,"time":1674784554456,"pid":12140,"hostname":"DESKTOP-II87B4O","msg":"Connected to cluster 0"}
{"level":30,"time":1674784554456,"pid":12140,"hostname":"DESKTOP-II87B4O","msg":"Total Shards: 2"}
{"level":30,"time":1674784554463,"pid":12140,"hostname":"DESKTOP-II87B4O","msg":"3 total guilds"}
{"level":20,"time":1674784614343,"pid":12140,"hostname":"DESKTOP-II87B4O","msg":"Node \"Lightning Node 2\" debug: connection: lavaclient <<< stats: {\"players\":0,\"playingPlayers\":0,\"uptime\":174484919,\"memory\":{\"free\":33693920,\"used\":72949536,\"allocated\":106643456,\"reservable\":285868032},\"cpu\":{\"cores\":2,\"systemLoad\":0.03950863213811421,\"lavalinkLoad\":0.0},\"op\":\"stats\"}"}
{"level":20,"time":1674784614361,"pid":12140,"hostname":"DESKTOP-II87B4O","msg":"Node \"Lightning Node 1\" debug: connection: lavaclient <<< stats: {\"players\":1,\"playingPlayers\":0,\"uptime\":173876333,\"memory\":{\"free\":31578216,\"used\":71051160,\"allocated\":102629376,\"reservable\":139919360},\"cpu\":{\"cores\":2,\"systemLoad\":0.03935185185185185,\"lavalinkLoad\":0.0},\"op\":\"stats\"}"}
{"level":20,"time":1674784674343,"pid":12140,"hostname":"DESKTOP-II87B4O","msg":"Node \"Lightning Node 2\" debug: connection: lavaclient <<< stats: {\"players\":0,\"playingPlayers\":0,\"uptime\":174544919,\"memory\":{\"free\":29509464,\"used\":77133992,\"allocated\":106643456,\"reservable\":285868032},\"cpu\":{\"cores\":2,\"systemLoad\":0.027547295054762694,\"lavalinkLoad\":0.0},\"op\":\"stats\"}"}
{"level":20,"time":1674784674363,"pid":12140,"hostname":"DESKTOP-II87B4O","msg":"Node \"Lightning Node 1\" debug: connection: lavaclient <<< stats: {\"players\":1,\"playingPlayers\":0,\"uptime\":173936333,\"memory\":{\"free\":27579808,\"used\":75049568,\"allocated\":102629376,\"reservable\":139919360},\"cpu\":{\"cores\":2,\"systemLoad\":0.02743801652892562,\"lavalinkLoad\":0.0},\"op\":\"stats\"}"}
{"level":20,"time":1674784734344,"pid":12140,"hostname":"DESKTOP-II87B4O","msg":"Node \"Lightning Node 2\" debug: connection: lavaclient <<< stats: {\"players\":0,\"playingPlayers\":0,\"uptime\":174604919,\"memory\":{\"free\":54490744,\"used\":52152712,\"allocated\":106643456,\"reservable\":285868032},\"cpu\":{\"cores\":2,\"systemLoad\":0.024625623960066557,\"lavalinkLoad\":0.0},\"op\":\"stats\"}"}
{"level":20,"time":1674784734364,"pid":12140,"hostname":"DESKTOP-II87B4O","msg":"Node \"Lightning Node 1\" debug: connection: lavaclient <<< stats: {\"players\":1,\"playingPlayers\":0,\"uptime\":173996333,\"memory\":{\"free\":23659192,\"used\":78970184,\"allocated\":102629376,\"reservable\":139919360},\"cpu\":{\"cores\":2,\"systemLoad\":0.024527676499834273,\"lavalinkLoad\":0.0},\"op\":\"stats\"}"}
{"level":20,"time":1674784794345,"pid":12140,"hostname":"DESKTOP-II87B4O","msg":"Node \"Lightning Node 2\" debug: connection: lavaclient <<< stats: {\"players\":0,\"playingPlayers\":0,\"uptime\":174664919,\"memory\":{\"free\":50201368,\"used\":56442088,\"allocated\":106643456,\"reservable\":285868032},\"cpu\":{\"cores\":2,\"systemLoad\":0.027860696517412936,\"lavalinkLoad\":0.0},\"op\":\"stats\"}"}
{"level":20,"time":1674784794365,"pid":12140,"hostname":"DESKTOP-II87B4O","msg":"Node \"Lightning Node 1\" debug: connection: lavaclient <<< stats: {\"players\":1,\"playingPlayers\":0,\"uptime\":174056333,\"memory\":{\"free\":19576680,\"used\":83052696,\"allocated\":102629376,\"reservable\":139919360},\"cpu\":{\"cores\":2,\"systemLoad\":0.02775941837409121,\"lavalinkLoad\":0.0},\"op\":\"stats\"}"}
{"level":20,"time":1674784854347,"pid":12140,"hostname":"DESKTOP-II87B4O","msg":"Node \"Lightning Node 2\" debug: connection: lavaclient <<< stats: {\"players\":0,\"playingPlayers\":0,\"uptime\":174724919,\"memory\":{\"free\":45935624,\"used\":60707832,\"allocated\":106643456,\"reservable\":285868032},\"cpu\":{\"cores\":2,\"systemLoad\":0.034151193633952255,\"lavalinkLoad\":0.0},\"op\":\"stats\"}"}
{"level":20,"time":1674784854367,"pid":12140,"hostname":"DESKTOP-II87B4O","msg":"Node \"Lightning Node 1\" debug: connection: lavaclient <<< stats: {\"players\":1,\"playingPlayers\":0,\"uptime\":174116333,\"memory\":{\"free\":43636176,\"used\":58993200,\"allocated\":102629376,\"reservable\":139919360},\"cpu\":{\"cores\":2,\"systemLoad\":0.03402708952758507,\"lavalinkLoad\":3.275681341719078E-4},\"op\":\"stats\"}"}
{"level":20,"time":1674784914350,"pid":12140,"hostname":"DESKTOP-II87B4O","msg":"Node \"Lightning Node 2\" debug: connection: lavaclient <<< stats: {\"players\":0,\"playingPlayers\":0,\"uptime\":174784919,\"memory\":{\"free\":41727344,\"used\":64916112,\"allocated\":106643456,\"reservable\":285868032},\"cpu\":{\"cores\":2,\"systemLoad\":0.06405575838035181,\"lavalinkLoad\":0.0},\"op\":\"stats\"}"}
{"level":20,"time":1674784914368,"pid":12140,"hostname":"DESKTOP-II87B4O","msg":"Node \"Lightning Node 1\" debug: connection: lavaclient <<< stats: {\"players\":1,\"playingPlayers\":0,\"uptime\":174176333,\"memory\":{\"free\":39584984,\"used\":63044392,\"allocated\":102629376,\"reservable\":139919360},\"cpu\":{\"cores\":2,\"systemLoad\":0.06378056840713814,\"lavalinkLoad\":0.0},\"op\":\"stats\"}"}
{"level":20,"time":1674784974351,"pid":12140,"hostname":"DESKTOP-II87B4O","msg":"Node \"Lightning Node 2\" debug: connection: lavaclient <<< stats: {\"players\":0,\"playingPlayers\":0,\"uptime\":174844919,\"memory\":{\"free\":37512344,\"used\":69131112,\"allocated\":106643456,\"reservable\":285868032},\"cpu\":{\"cores\":2,\"systemLoad\":0.028192371475953566,\"lavalinkLoad\":3.288608260983952E-4},\"op\":\"stats\"}"}
{"level":20,"time":1674784974371,"pid":12140,"hostname":"DESKTOP-II87B4O","msg":"Node \"Lightning Node 1\" debug: connection: lavaclient <<< stats: {\"players\":1,\"playingPlayers\":0,\"uptime\":174236333,\"memory\":{\"free\":35589496,\"used\":67039880,\"allocated\":102629376,\"reservable\":139919360},\"cpu\":{\"cores\":2,\"systemLoad\":0.028750826173165895,\"lavalinkLoad\":3.275681341719078E-4},\"op\":\"stats\"}"}
{"level":20,"time":1674785034353,"pid":12140,"hostname":"DESKTOP-II87B4O","msg":"Node \"Lightning Node 2\" debug: connection: lavaclient <<< stats: {\"players\":0,\"playingPlayers\":0,\"uptime\":174904919,\"memory\":{\"free\":33266000,\"used\":73377456,\"allocated\":106643456,\"reservable\":285868032},\"cpu\":{\"cores\":2,\"systemLoad\":0.02526595744680851,\"lavalinkLoad\":0.0},\"op\":\"stats\"}"}
{"level":20,"time":1674785034371,"pid":12140,"hostname":"DESKTOP-II87B4O","msg":"Node \"Lightning Node 1\" debug: connection: lavaclient <<< stats: {\"players\":1,\"playingPlayers\":0,\"uptime\":174296333,\"memory\":{\"free\":31569032,\"used\":71060344,\"allocated\":102629376,\"reservable\":139919360},\"cpu\":{\"cores\":2,\"systemLoad\":0.025810721376571807,\"lavalinkLoad\":3.275681341719078E-4},\"op\":\"stats\"}"}
{"level":20,"time":1674785094355,"pid":12140,"hostname":"DESKTOP-II87B4O","msg":"Node \"Lightning Node 2\" debug: connection: lavaclient <<< stats: {\"players\":0,\"playingPlayers\":0,\"uptime\":174964919,\"memory\":{\"free\":29147016,\"used\":77496440,\"allocated\":106643456,\"reservable\":285868032},\"cpu\":{\"cores\":2,\"systemLoad\":0.027510772290354656,\"lavalinkLoad\":3.288608260983952E-4},\"op\":\"stats\"}"}
{"level":20,"time":1674785094372,"pid":12140,"hostname":"DESKTOP-II87B4O","msg":"Node \"Lightning Node 1\" debug: connection: lavaclient <<< stats: {\"players\":1,\"playingPlayers\":0,\"uptime\":174356333,\"memory\":{\"free\":27473984,\"used\":75155392,\"allocated\":102629376,\"reservable\":139919360},\"cpu\":{\"cores\":2,\"systemLoad\":0.027731924727632883,\"lavalinkLoad\":3.275681341719078E-4},\"op\":\"stats\"}"}
{"level":20,"time":1674785154353,"pid":12140,"hostname":"DESKTOP-II87B4O","msg":"Node \"Lightning Node 2\" debug: connection: lavaclient <<< stats: {\"players\":0,\"playingPlayers\":0,\"uptime\":175024919,\"memory\":{\"free\":54250576,\"used\":52392880,\"allocated\":106643456,\"reservable\":285868032},\"cpu\":{\"cores\":2,\"systemLoad\":0.04738237243207422,\"lavalinkLoad\":0.0},\"op\":\"stats\"}"}
{"level":20,"time":1674785154377,"pid":12140,"hostname":"DESKTOP-II87B4O","msg":"Node \"Lightning Node 1\" debug: connection: lavaclient <<< stats: {\"players\":1,\"playingPlayers\":0,\"uptime\":174416333,\"memory\":{\"free\":23478056,\"used\":79151320,\"allocated\":102629376,\"reservable\":139919360},\"cpu\":{\"cores\":2,\"systemLoad\":0.04721030042918455,\"lavalinkLoad\":0.0},\"op\":\"stats\"}"}
{"level":20,"time":1674785214366,"pid":12140,"hostname":"DESKTOP-II87B4O","msg":"Node \"Lightning Node 2\" debug: connection: lavaclient <<< stats: {\"players\":0,\"playingPlayers\":0,\"uptime\":175084919,\"memory\":{\"free\":49977672,\"used\":56665784,\"allocated\":106643456,\"reservable\":285868032},\"cpu\":{\"cores\":2,\"systemLoad\":0.049485220856858185,\"lavalinkLoad\":0.0},\"op\":\"stats\"}"}
{"level":20,"time":1674785214383,"pid":12140,"hostname":"DESKTOP-II87B4O","msg":"Node \"Lightning Node 1\" debug: connection: lavaclient <<< stats: {\"players\":1,\"playingPlayers\":0,\"uptime\":174476333,\"memory\":{\"free\":19398200,\"used\":83231176,\"allocated\":102629376,\"reservable\":139919360},\"cpu\":{\"cores\":2,\"systemLoad\":0.049288785974197814,\"lavalinkLoad\":0.0},\"op\":\"stats\"}"}
{"level":20,"time":1674785274358,"pid":12140,"hostname":"DESKTOP-II87B4O","msg":"Node \"Lightning Node 2\" debug: connection: lavaclient <<< stats: {\"players\":0,\"playingPlayers\":0,\"uptime\":175144919,\"memory\":{\"free\":45581872,\"used\":61061584,\"allocated\":106643456,\"reservable\":285868032},\"cpu\":{\"cores\":2,\"systemLoad\":0.03154050464807437,\"lavalinkLoad\":0.0},\"op\":\"stats\"}"}
{"level":20,"time":1674785274376,"pid":12140,"hostname":"DESKTOP-II87B4O","msg":"Node \"Lightning Node 1\" debug: connection: lavaclient <<< stats: {\"players\":1,\"playingPlayers\":0,\"uptime\":174536333,\"memory\":{\"free\":43664712,\"used\":58964664,\"allocated\":102629376,\"reservable\":139919360},\"cpu\":{\"cores\":2,\"systemLoad\":0.03141534391534392,\"lavalinkLoad\":0.0},\"op\":\"stats\"}"}
{"level":20,"time":1674785334358,"pid":12140,"hostname":"DESKTOP-II87B4O","msg":"Node \"Lightning Node 2\" debug: connection: lavaclient <<< stats: {\"players\":0,\"playingPlayers\":0,\"uptime\":175204919,\"memory\":{\"free\":41401064,\"used\":65242392,\"allocated\":106643456,\"reservable\":285868032},\"cpu\":{\"cores\":2,\"systemLoad\":0.03316749585406302,\"lavalinkLoad\":0.0},\"op\":\"stats\"}"}
{"level":20,"time":1674785334377,"pid":12140,"hostname":"DESKTOP-II87B4O","msg":"Node \"Lightning Node 1\" debug: connection: lavaclient <<< stats: {\"players\":1,\"playingPlayers\":0,\"uptime\":174596333,\"memory\":{\"free\":39531656,\"used\":63097720,\"allocated\":102629376,\"reservable\":139919360},\"cpu\":{\"cores\":2,\"systemLoad\":0.03303600925008259,\"lavalinkLoad\":0.0},\"op\":\"stats\"}"}
{"level":20,"time":1674785394362,"pid":12140,"hostname":"DESKTOP-II87B4O","msg":"Node \"Lightning Node 2\" debug: connection: lavaclient <<< stats: {\"players\":0,\"playingPlayers\":0,\"uptime\":175264919,\"memory\":{\"free\":37168776,\"used\":69474680,\"allocated\":106643456,\"reservable\":285868032},\"cpu\":{\"cores\":2,\"systemLoad\":0.02621971457019582,\"lavalinkLoad\":0.0},\"op\":\"stats\"}"}
{"level":20,"time":1674785394380,"pid":12140,"hostname":"DESKTOP-II87B4O","msg":"Node \"Lightning Node 1\" debug: connection: lavaclient <<< stats: {\"players\":1,\"playingPlayers\":0,\"uptime\":174656333,\"memory\":{\"free\":35542064,\"used\":67087312,\"allocated\":102629376,\"reservable\":139919360},\"cpu\":{\"cores\":2,\"systemLoad\":0.026124338624338623,\"lavalinkLoad\":0.0},\"op\":\"stats\"}"}
{"level":20,"time":1674785454361,"pid":12140,"hostname":"DESKTOP-II87B4O","msg":"Node \"Lightning Node 2\" debug: connection: lavaclient <<< stats: {\"players\":0,\"playingPlayers\":0,\"uptime\":175324919,\"memory\":{\"free\":32978808,\"used\":73664648,\"allocated\":106643456,\"reservable\":285868032},\"cpu\":{\"cores\":2,\"systemLoad\":0.043132050431320505,\"lavalinkLoad\":0.0},\"op\":\"stats\"}"}
{"level":20,"time":1674785454381,"pid":12140,"hostname":"DESKTOP-II87B4O","msg":"Node \"Lightning Node 1\" debug: connection: lavaclient <<< stats: {\"players\":1,\"playingPlayers\":0,\"uptime\":174716333,\"memory\":{\"free\":31442080,\"used\":71187296,\"allocated\":102629376,\"reservable\":139919360},\"cpu\":{\"cores\":2,\"systemLoad\":0.04327717211760819,\"lavalinkLoad\":0.0},\"op\":\"stats\"}"}
{"level":20,"time":1674785514363,"pid":12140,"hostname":"DESKTOP-II87B4O","msg":"Node \"Lightning Node 2\" debug: connection: lavaclient <<< stats: {\"players\":0,\"playingPlayers\":0,\"uptime\":175384919,\"memory\":{\"free\":28630184,\"used\":78013272,\"allocated\":106643456,\"reservable\":285868032},\"cpu\":{\"cores\":2,\"systemLoad\":0.044444444444444446,\"lavalinkLoad\":0.0},\"op\":\"stats\"}"}
{"level":20,"time":1674785514381,"pid":12140,"hostname":"DESKTOP-II87B4O","msg":"Node \"Lightning Node 1\" debug: connection: lavaclient <<< stats: {\"players\":1,\"playingPlayers\":0,\"uptime\":174776333,\"memory\":{\"free\":27429664,\"used\":75199712,\"allocated\":102629376,\"reservable\":139919360},\"cpu\":{\"cores\":2,\"systemLoad\":0.044282881692002646,\"lavalinkLoad\":0.0},\"op\":\"stats\"}"}
{"level":20,"time":1674785574364,"pid":12140,"hostname":"DESKTOP-II87B4O","msg":"Node \"Lightning Node 2\" debug: connection: lavaclient <<< stats: {\"players\":0,\"playingPlayers\":0,\"uptime\":175444919,\"memory\":{\"free\":53687704,\"used\":52955752,\"allocated\":106643456,\"reservable\":285868032},\"cpu\":{\"cores\":2,\"systemLoad\":0.04284290933244769,\"lavalinkLoad\":0.0},\"op\":\"stats\"}"}
{"level":20,"time":1674785574383,"pid":12140,"hostname":"DESKTOP-II87B4O","msg":"Node \"Lightning Node 1\" debug: connection: lavaclient <<< stats: {\"players\":1,\"playingPlayers\":0,\"uptime\":174836333,\"memory\":{\"free\":23372568,\"used\":79256808,\"allocated\":102629376,\"reservable\":139919360},\"cpu\":{\"cores\":2,\"systemLoad\":0.042672841548130995,\"lavalinkLoad\":0.0},\"op\":\"stats\"}"}
{"level":20,"time":1674785634365,"pid":12140,"hostname":"DESKTOP-II87B4O","msg":"Node \"Lightning Node 2\" debug: connection: lavaclient <<< stats: {\"players\":0,\"playingPlayers\":0,\"uptime\":175504919,\"memory\":{\"free\":49338368,\"used\":57305088,\"allocated\":106643456,\"reservable\":285868032},\"cpu\":{\"cores\":2,\"systemLoad\":0.05066225165562914,\"lavalinkLoad\":0.0},\"op\":\"stats\"}"}
{"level":20,"time":1674785634385,"pid":12140,"hostname":"DESKTOP-II87B4O","msg":"Node \"Lightning Node 1\" debug: connection: lavaclient <<< stats: {\"players\":1,\"playingPlayers\":0,\"uptime\":174896333,\"memory\":{\"free\":19399456,\"used\":83229920,\"allocated\":102629376,\"reservable\":139919360},\"cpu\":{\"cores\":2,\"systemLoad\":0.05079155672823219,\"lavalinkLoad\":0.0},\"op\":\"stats\"}"}
{"level":20,"time":1674785694366,"pid":12140,"hostname":"DESKTOP-II87B4O","msg":"Node \"Lightning Node 2\" debug: connection: lavaclient <<< stats: {\"players\":0,\"playingPlayers\":0,\"uptime\":175564919,\"memory\":{\"free\":45171016,\"used\":61472440,\"allocated\":106643456,\"reservable\":285868032},\"cpu\":{\"cores\":2,\"systemLoad\":0.032471835652750164,\"lavalinkLoad\":0.0},\"op\":\"stats\"}"}
{"level":20,"time":1674785694389,"pid":12140,"hostname":"DESKTOP-II87B4O","msg":"Node \"Lightning Node 1\" debug: connection: lavaclient <<< stats: {\"players\":1,\"playingPlayers\":0,\"uptime\":174956333,\"memory\":{\"free\":43568336,\"used\":59061040,\"allocated\":102629376,\"reservable\":139919360},\"cpu\":{\"cores\":2,\"systemLoad\":0.03234323432343234,\"lavalinkLoad\":3.275681341719078E-4},\"op\":\"stats\"}"}
{"level":20,"time":1674785754367,"pid":12140,"hostname":"DESKTOP-II87B4O","msg":"Node \"Lightning Node 2\" debug: connection: lavaclient <<< stats: {\"players\":0,\"playingPlayers\":0,\"uptime\":175624919,\"memory\":{\"free\":40844928,\"used\":65798528,\"allocated\":106643456,\"reservable\":285868032},\"cpu\":{\"cores\":2,\"systemLoad\":0.04878858280783273,\"lavalinkLoad\":3.288608260983952E-4},\"op\":\"stats\"}"}
{"level":20,"time":1674785754387,"pid":12140,"hostname":"DESKTOP-II87B4O","msg":"Node \"Lightning Node 1\" debug: connection: lavaclient <<< stats: {\"players\":1,\"playingPlayers\":0,\"uptime\":175016333,\"memory\":{\"free\":39463544,\"used\":63165832,\"allocated\":102629376,\"reservable\":139919360},\"cpu\":{\"cores\":2,\"systemLoad\":0.04861111111111111,\"lavalinkLoad\":0.0},\"op\":\"stats\"}"}
{"level":20,"time":1674785814369,"pid":12140,"hostname":"DESKTOP-II87B4O","msg":"Node \"Lightning Node 2\" debug: connection: lavaclient <<< stats: {\"players\":0,\"playingPlayers\":0,\"uptime\":175684919,\"memory\":{\"free\":36593376,\"used\":70050080,\"allocated\":106643456,\"reservable\":285868032},\"cpu\":{\"cores\":2,\"systemLoad\":0.028846153846153848,\"lavalinkLoad\":0.0},\"op\":\"stats\"}"}
{"level":20,"time":1674785814388,"pid":12140,"hostname":"DESKTOP-II87B4O","msg":"Node \"Lightning Node 1\" debug: connection: lavaclient <<< stats: {\"players\":1,\"playingPlayers\":0,\"uptime\":175076333,\"memory\":{\"free\":35317256,\"used\":67312120,\"allocated\":102629376,\"reservable\":139919360},\"cpu\":{\"cores\":2,\"systemLoad\":0.028731836195508585,\"lavalinkLoad\":0.0},\"op\":\"stats\"}"}
{"level":20,"time":1674785874370,"pid":12140,"hostname":"DESKTOP-II87B4O","msg":"Node \"Lightning Node 2\" debug: connection: lavaclient <<< stats: {\"players\":0,\"playingPlayers\":0,\"uptime\":175744919,\"memory\":{\"free\":32425664,\"used\":74217792,\"allocated\":106643456,\"reservable\":285868032},\"cpu\":{\"cores\":2,\"systemLoad\":0.04782464297575556,\"lavalinkLoad\":0.0},\"op\":\"stats\"}"}
{"level":20,"time":1674785874390,"pid":12140,"hostname":"DESKTOP-II87B4O","msg":"Node \"Lightning Node 1\" debug: connection: lavaclient <<< stats: {\"players\":1,\"playingPlayers\":0,\"uptime\":175136333,\"memory\":{\"free\":31392080,\"used\":71237296,\"allocated\":102629376,\"reservable\":139919360},\"cpu\":{\"cores\":2,\"systemLoad\":0.04763479986768111,\"lavalinkLoad\":0.0},\"op\":\"stats\"}"}
{"level":20,"time":1674785934372,"pid":12140,"hostname":"DESKTOP-II87B4O","msg":"Node \"Lightning Node 2\" debug: connection: lavaclient <<< stats: {\"players\":0,\"playingPlayers\":0,\"uptime\":175804919,\"memory\":{\"free\":28059568,\"used\":78583888,\"allocated\":106643456,\"reservable\":285868032},\"cpu\":{\"cores\":2,\"systemLoad\":0.043926788685524125,\"lavalinkLoad\":0.0},\"op\":\"stats\"}"}
{"level":20,"time":1674785934391,"pid":12140,"hostname":"DESKTOP-II87B4O","msg":"Node \"Lightning Node 1\" debug: connection: lavaclient <<< stats: {\"players\":1,\"playingPlayers\":0,\"uptime\":175196333,\"memory\":{\"free\":27323784,\"used\":75305592,\"allocated\":102629376,\"reservable\":139919360},\"cpu\":{\"cores\":2,\"systemLoad\":0.044068919814446654,\"lavalinkLoad\":0.0},\"op\":\"stats\"}"}
{"level":20,"time":1674785994372,"pid":12140,"hostname":"DESKTOP-II87B4O","msg":"Node \"Lightning Node 2\" debug: connection: lavaclient <<< stats: {\"players\":0,\"playingPlayers\":0,\"uptime\":175864919,\"memory\":{\"free\":53187512,\"used\":53455944,\"allocated\":106643456,\"reservable\":285868032},\"cpu\":{\"cores\":2,\"systemLoad\":0.03920265780730897,\"lavalinkLoad\":0.0},\"op\":\"stats\"}"}
{"level":20,"time":1674785994392,"pid":12140,"hostname":"DESKTOP-II87B4O","msg":"Node \"Lightning Node 1\" debug: connection: lavaclient <<< stats: {\"players\":1,\"playingPlayers\":0,\"uptime\":175256333,\"memory\":{\"free\":23225576,\"used\":79403800,\"allocated\":102629376,\"reservable\":139919360},\"cpu\":{\"cores\":2,\"systemLoad\":0.039046988749172735,\"lavalinkLoad\":3.275681341719078E-4},\"op\":\"stats\"}"}
{"level":20,"time":1674786054374,"pid":12140,"hostname":"DESKTOP-II87B4O","msg":"Node \"Lightning Node 2\" debug: connection: lavaclient <<< stats: {\"players\":0,\"playingPlayers\":0,\"uptime\":175924919,\"memory\":{\"free\":48865560,\"used\":57777896,\"allocated\":106643456,\"reservable\":285868032},\"cpu\":{\"cores\":2,\"systemLoad\":0.04981733643307871,\"lavalinkLoad\":0.0},\"op\":\"stats\"}"}
{"level":20,"time":1674786054396,"pid":12140,"hostname":"DESKTOP-II87B4O","msg":"Node \"Lightning Node 1\" debug: connection: lavaclient <<< stats: {\"players\":1,\"playingPlayers\":0,\"uptime\":175316333,\"memory\":{\"free\":19182832,\"used\":83446544,\"allocated\":102629376,\"reservable\":139919360},\"cpu\":{\"cores\":2,\"systemLoad\":0.04961958319550116,\"lavalinkLoad\":0.0},\"op\":\"stats\"}"}
{"level":20,"time":1674786114375,"pid":12140,"hostname":"DESKTOP-II87B4O","msg":"Node \"Lightning Node 2\" debug: connection: lavaclient <<< stats: {\"players\":0,\"playingPlayers\":0,\"uptime\":175984919,\"memory\":{\"free\":44578072,\"used\":62065384,\"allocated\":106643456,\"reservable\":285868032},\"cpu\":{\"cores\":2,\"systemLoad\":0.056735235567352355,\"lavalinkLoad\":0.0},\"op\":\"stats\"}"}
{"level":20,"time":1674786114395,"pid":12140,"hostname":"DESKTOP-II87B4O","msg":"Node \"Lightning Node 1\" debug: connection: lavaclient <<< stats: {\"players\":1,\"playingPlayers\":0,\"uptime\":175376333,\"memory\":{\"free\":43378496,\"used\":59250880,\"allocated\":102629376,\"reservable\":139919360},\"cpu\":{\"cores\":2,\"systemLoad\":0.0565102445472571,\"lavalinkLoad\":0.0},\"op\":\"stats\"}"}
{"level":20,"time":1674786174379,"pid":12140,"hostname":"DESKTOP-II87B4O","msg":"Node \"Lightning Node 2\" debug: connection: lavaclient <<< stats: {\"players\":0,\"playingPlayers\":0,\"uptime\":176044919,\"memory\":{\"free\":40347296,\"used\":66296160,\"allocated\":106643456,\"reservable\":285868032},\"cpu\":{\"cores\":2,\"systemLoad\":0.054780876494023904,\"lavalinkLoad\":0.0},\"op\":\"stats\"}"}
{"level":20,"time":1674786174403,"pid":12140,"hostname":"DESKTOP-II87B4O","msg":"Node \"Lightning Node 1\" debug: connection: lavaclient <<< stats: {\"players\":1,\"playingPlayers\":0,\"uptime\":175436333,\"memory\":{\"free\":39279976,\"used\":63349400,\"allocated\":102629376,\"reservable\":139919360},\"cpu\":{\"cores\":2,\"systemLoad\":0.054563492063492064,\"lavalinkLoad\":0.0},\"op\":\"stats\"}"}
{"level":20,"time":1674786234384,"pid":12140,"hostname":"DESKTOP-II87B4O","msg":"Node \"Lightning Node 2\" debug: connection: lavaclient <<< stats: {\"players\":0,\"playingPlayers\":0,\"uptime\":176104919,\"memory\":{\"free\":36166320,\"used\":70477136,\"allocated\":106643456,\"reservable\":285868032},\"cpu\":{\"cores\":2,\"systemLoad\":0.0339095744680851,\"lavalinkLoad\":0.0},\"op\":\"stats\"}"}
{"level":20,"time":1674786234399,"pid":12140,"hostname":"DESKTOP-II87B4O","msg":"Node \"Lightning Node 1\" debug: connection: lavaclient <<< stats: {\"players\":1,\"playingPlayers\":0,\"uptime\":175496333,\"memory\":{\"free\":35150304,\"used\":67479072,\"allocated\":102629376,\"reservable\":139919360},\"cpu\":{\"cores\":2,\"systemLoad\":0.03378602186154356,\"lavalinkLoad\":0.0},\"op\":\"stats\"}"}
{"level":20,"time":1674786294379,"pid":12140,"hostname":"DESKTOP-II87B4O","msg":"Node \"Lightning Node 2\" debug: connection: lavaclient <<< stats: {\"players\":0,\"playingPlayers\":0,\"uptime\":176164919,\"memory\":{\"free\":31938048,\"used\":74705408,\"allocated\":106643456,\"reservable\":285868032},\"cpu\":{\"cores\":2,\"systemLoad\":0.03636363636363636,\"lavalinkLoad\":0.0},\"op\":\"stats\"}"}
{"level":20,"time":1674786294399,"pid":12140,"hostname":"DESKTOP-II87B4O","msg":"Node \"Lightning Node 1\" debug: connection: lavaclient <<< stats: {\"players\":1,\"playingPlayers\":0,\"uptime\":175556333,\"memory\":{\"free\":31228416,\"used\":71400960,\"allocated\":102629376,\"reservable\":139919360},\"cpu\":{\"cores\":2,\"systemLoad\":0.03621995390187685,\"lavalinkLoad\":0.0},\"op\":\"stats\"}"}
{"level":20,"time":1674786354382,"pid":12140,"hostname":"DESKTOP-II87B4O","msg":"Node \"Lightning Node 2\" debug: connection: lavaclient <<< stats: {\"players\":0,\"playingPlayers\":0,\"uptime\":176224919,\"memory\":{\"free\":27676360,\"used\":78967096,\"allocated\":106643456,\"reservable\":285868032},\"cpu\":{\"cores\":2,\"systemLoad\":0.025572899368980405,\"lavalinkLoad\":0.0},\"op\":\"stats\"}"}
{"level":20,"time":1674786354400,"pid":12140,"hostname":"DESKTOP-II87B4O","msg":"Node \"Lightning Node 1\" debug: connection: lavaclient <<< stats: {\"players\":1,\"playingPlayers\":0,\"uptime\":175616333,\"memory\":{\"free\":27115024,\"used\":75514352,\"allocated\":102629376,\"reservable\":139919360},\"cpu\":{\"cores\":2,\"systemLoad\":0.02547138604035726,\"lavalinkLoad\":3.275681341719078E-4},\"op\":\"stats\"}"}
{"level":20,"time":1674786414382,"pid":12140,"hostname":"DESKTOP-II87B4O","msg":"Node \"Lightning Node 2\" debug: connection: lavaclient <<< stats: {\"players\":0,\"playingPlayers\":0,\"uptime\":176284919,\"memory\":{\"free\":52761840,\"used\":53881616,\"allocated\":106643456,\"reservable\":285868032},\"cpu\":{\"cores\":2,\"systemLoad\":0.02459288800265869,\"lavalinkLoad\":3.288608260983952E-4},\"op\":\"stats\"}"}
{"level":20,"time":1674786414402,"pid":12140,"hostname":"DESKTOP-II87B4O","msg":"Node \"Lightning Node 1\" debug: connection: lavaclient <<< stats: {\"players\":1,\"playingPlayers\":0,\"uptime\":175676333,\"memory\":{\"free\":23144312,\"used\":79485064,\"allocated\":102629376,\"reservable\":139919360},\"cpu\":{\"cores\":2,\"systemLoad\":0.024826216484607744,\"lavalinkLoad\":3.275681341719078E-4},\"op\":\"stats\"}"}
{"level":20,"time":1674786474383,"pid":12140,"hostname":"DESKTOP-II87B4O","msg":"Node \"Lightning Node 2\" debug: connection: lavaclient <<< stats: {\"players\":0,\"playingPlayers\":0,\"uptime\":176344919,\"memory\":{\"free\":48495992,\"used\":58147464,\"allocated\":106643456,\"reservable\":285868032},\"cpu\":{\"cores\":2,\"systemLoad\":0.019627411842980707,\"lavalinkLoad\":0.0},\"op\":\"stats\"}"}
{"level":20,"time":1674786474404,"pid":12140,"hostname":"DESKTOP-II87B4O","msg":"Node \"Lightning Node 1\" debug: connection: lavaclient <<< stats: {\"players\":1,\"playingPlayers\":0,\"uptime\":175736333,\"memory\":{\"free\":19082984,\"used\":83546392,\"allocated\":102629376,\"reservable\":139919360},\"cpu\":{\"cores\":2,\"systemLoad\":0.01954937044400265,\"lavalinkLoad\":0.0},\"op\":\"stats\"}"}
{"level":20,"time":1674786534385,"pid":12140,"hostname":"DESKTOP-II87B4O","msg":"Node \"Lightning Node 2\" debug: connection: lavaclient <<< stats: {\"players\":0,\"playingPlayers\":0,\"uptime\":176404919,\"memory\":{\"free\":44243448,\"used\":62400008,\"allocated\":106643456,\"reservable\":285868032},\"cpu\":{\"cores\":2,\"systemLoad\":0.018290655138011307,\"lavalinkLoad\":0.0},\"op\":\"stats\"}"}
{"level":20,"time":1674786534406,"pid":12140,"hostname":"DESKTOP-II87B4O","msg":"Node \"Lightning Node 1\" debug: connection: lavaclient <<< stats: {\"players\":1,\"playingPlayers\":0,\"uptime\":175796333,\"memory\":{\"free\":43311624,\"used\":59317752,\"allocated\":102629376,\"reservable\":139919360},\"cpu\":{\"cores\":2,\"systemLoad\":0.0182179529645578,\"lavalinkLoad\":0.0},\"op\":\"stats\"}"}
{"level":20,"time":1674786594386,"pid":12140,"hostname":"DESKTOP-II87B4O","msg":"Node \"Lightning Node 2\" debug: connection: lavaclient <<< stats: {\"players\":0,\"playingPlayers\":0,\"uptime\":176464919,\"memory\":{\"free\":39939072,\"used\":66704384,\"allocated\":106643456,\"reservable\":285868032},\"cpu\":{\"cores\":2,\"systemLoad\":0.017,\"lavalinkLoad\":0.0},\"op\":\"stats\"}"}
{"level":20,"time":1674786594405,"pid":12140,"hostname":"DESKTOP-II87B4O","msg":"Node \"Lightning Node 1\" debug: connection: lavaclient <<< stats: {\"players\":1,\"playingPlayers\":0,\"uptime\":175856333,\"memory\":{\"free\":39211856,\"used\":63417520,\"allocated\":102629376,\"reservable\":139919360},\"cpu\":{\"cores\":2,\"systemLoad\":0.01693789438724676,\"lavalinkLoad\":3.275681341719078E-4},\"op\":\"stats\"}"}
{"level":20,"time":1674786654388,"pid":12140,"hostname":"DESKTOP-II87B4O","msg":"Node \"Lightning Node 2\" debug: connection: lavaclient <<< stats: {\"players\":0,\"playingPlayers\":0,\"uptime\":176524919,\"memory\":{\"free\":35694432,\"used\":70949024,\"allocated\":106643456,\"reservable\":285868032},\"cpu\":{\"cores\":2,\"systemLoad\":0.022591362126245847,\"lavalinkLoad\":0.0},\"op\":\"stats\"}"}
{"level":20,"time":1674786654407,"pid":12140,"hostname":"DESKTOP-II87B4O","msg":"Node \"Lightning Node 1\" debug: connection: lavaclient <<< stats: {\"players\":1,\"playingPlayers\":0,\"uptime\":175916333,\"memory\":{\"free\":35146800,\"used\":67482576,\"allocated\":102629376,\"reservable\":139919360},\"cpu\":{\"cores\":2,\"systemLoad\":0.022501654533421574,\"lavalinkLoad\":3.275681341719078E-4},\"op\":\"stats\"}"}
{"level":20,"time":1674786714389,"pid":12140,"hostname":"DESKTOP-II87B4O","msg":"Node \"Lightning Node 2\" debug: connection: lavaclient <<< stats: {\"players\":0,\"playingPlayers\":0,\"uptime\":176584919,\"memory\":{\"free\":31492016,\"used\":75151440,\"allocated\":106643456,\"reservable\":285868032},\"cpu\":{\"cores\":2,\"systemLoad\":0.01996007984031936,\"lavalinkLoad\":0.0},\"op\":\"stats\"}"}
{"level":20,"time":1674786714409,"pid":12140,"hostname":"DESKTOP-II87B4O","msg":"Node \"Lightning Node 1\" debug: connection: lavaclient <<< stats: {\"players\":1,\"playingPlayers\":0,\"uptime\":175976333,\"memory\":{\"free\":31065664,\"used\":71563712,\"allocated\":102629376,\"reservable\":139919360},\"cpu\":{\"cores\":2,\"systemLoad\":0.019880715705765408,\"lavalinkLoad\":0.0},\"op\":\"stats\"}"}
{"level":20,"time":1674786774391,"pid":12140,"hostname":"DESKTOP-II87B4O","msg":"Node \"Lightning Node 2\" debug: connection: lavaclient <<< stats: {\"players\":0,\"playingPlayers\":0,\"uptime\":176644919,\"memory\":{\"free\":56669616,\"used\":49973840,\"allocated\":106643456,\"reservable\":285868032},\"cpu\":{\"cores\":2,\"systemLoad\":0.024260551678298437,\"lavalinkLoad\":3.288608260983952E-4},\"op\":\"stats\"}"}
{"level":20,"time":1674786774421,"pid":12140,"hostname":"DESKTOP-II87B4O","msg":"Node \"Lightning Node 1\" debug: connection: lavaclient <<< stats: {\"players\":1,\"playingPlayers\":0,\"uptime\":176036333,\"memory\":{\"free\":27012008,\"used\":75617368,\"allocated\":102629376,\"reservable\":139919360},\"cpu\":{\"cores\":2,\"systemLoad\":0.024164184045018206,\"lavalinkLoad\":3.275681341719078E-4},\"op\":\"stats\"}"}
{"level":20,"time":1674786834391,"pid":12140,"hostname":"DESKTOP-II87B4O","msg":"Node \"Lightning Node 2\" debug: connection: lavaclient <<< stats: {\"players\":0,\"playingPlayers\":0,\"uptime\":176704919,\"memory\":{\"free\":52299832,\"used\":54343624,\"allocated\":106643456,\"reservable\":285868032},\"cpu\":{\"cores\":2,\"systemLoad\":0.02489213408562894,\"lavalinkLoad\":0.0},\"op\":\"stats\"}"}
{"level":20,"time":1674786834411,"pid":12140,"hostname":"DESKTOP-II87B4O","msg":"Node \"Lightning Node 1\" debug: connection: lavaclient <<< stats: {\"players\":1,\"playingPlayers\":0,\"uptime\":176096333,\"memory\":{\"free\":23052776,\"used\":79576600,\"allocated\":102629376,\"reservable\":139919360},\"cpu\":{\"cores\":2,\"systemLoad\":0.0248015873015873,\"lavalinkLoad\":3.275681341719078E-4},\"op\":\"stats\"}"}
{"level":20,"time":1674786894398,"pid":12140,"hostname":"DESKTOP-II87B4O","msg":"Node \"Lightning Node 2\" debug: connection: lavaclient <<< stats: {\"players\":0,\"playingPlayers\":0,\"uptime\":176764919,\"memory\":{\"free\":48051080,\"used\":58592376,\"allocated\":106643456,\"reservable\":285868032},\"cpu\":{\"cores\":2,\"systemLoad\":0.021283671433322247,\"lavalinkLoad\":0.0},\"op\":\"stats\"}"}
{"level":20,"time":1674786894413,"pid":12140,"hostname":"DESKTOP-II87B4O","msg":"Node \"Lightning Node 1\" debug: connection: lavaclient <<< stats: {\"players\":1,\"playingPlayers\":0,\"uptime\":176156333,\"memory\":{\"free\":18985496,\"used\":83643880,\"allocated\":102629376,\"reservable\":139919360},\"cpu\":{\"cores\":2,\"systemLoad\":0.022192779065915866,\"lavalinkLoad\":3.275681341719078E-4},\"op\":\"stats\"}"}
{"level":20,"time":1674786954395,"pid":12140,"hostname":"DESKTOP-II87B4O","msg":"Node \"Lightning Node 2\" debug: connection: lavaclient <<< stats: {\"players\":0,\"playingPlayers\":0,\"uptime\":176824919,\"memory\":{\"free\":43763544,\"used\":62879912,\"allocated\":106643456,\"reservable\":285868032},\"cpu\":{\"cores\":2,\"systemLoad\":0.023155805491233875,\"lavalinkLoad\":0.0},\"op\":\"stats\"}"}
{"level":20,"time":1674786954414,"pid":12140,"hostname":"DESKTOP-II87B4O","msg":"Node \"Lightning Node 1\" debug: connection: lavaclient <<< stats: {\"players\":1,\"playingPlayers\":0,\"uptime\":176216333,\"memory\":{\"free\":43189648,\"used\":59439728,\"allocated\":102629376,\"reservable\":139919360},\"cpu\":{\"cores\":2,\"systemLoad\":0.023064250411861616,\"lavalinkLoad\":3.275681341719078E-4},\"op\":\"stats\"}"}
{"level":20,"time":1674787014396,"pid":12140,"hostname":"DESKTOP-II87B4O","msg":"Node \"Lightning Node 2\" debug: connection: lavaclient <<< stats: {\"players\":0,\"playingPlayers\":0,\"uptime\":176884919,\"memory\":{\"free\":39523256,\"used\":67120200,\"allocated\":106643456,\"reservable\":285868032},\"cpu\":{\"cores\":2,\"systemLoad\":0.020584329349269587,\"lavalinkLoad\":0.0},\"op\":\"stats\"}"}
{"level":20,"time":1674787014416,"pid":12140,"hostname":"DESKTOP-II87B4O","msg":"Node \"Lightning Node 1\" debug: connection: lavaclient <<< stats: {\"players\":1,\"playingPlayers\":0,\"uptime\":176276333,\"memory\":{\"free\":39052168,\"used\":63577208,\"allocated\":102629376,\"reservable\":139919360},\"cpu\":{\"cores\":2,\"systemLoad\":0.020509427720807147,\"lavalinkLoad\":0.0},\"op\":\"stats\"}"}
{"level":20,"time":1674787074397,"pid":12140,"hostname":"DESKTOP-II87B4O","msg":"Node \"Lightning Node 2\" debug: connection: lavaclient <<< stats: {\"players\":0,\"playingPlayers\":0,\"uptime\":176944919,\"memory\":{\"free\":35341256,\"used\":71302200,\"allocated\":106643456,\"reservable\":285868032},\"cpu\":{\"cores\":2,\"systemLoad\":0.02091633466135458,\"lavalinkLoad\":0.0},\"op\":\"stats\"}"}
{"level":20,"time":1674787074416,"pid":12140,"hostname":"DESKTOP-II87B4O","msg":"Node \"Lightning Node 1\" debug: connection: lavaclient <<< stats: {\"players\":1,\"playingPlayers\":0,\"uptime\":176336333,\"memory\":{\"free\":34987048,\"used\":67642328,\"allocated\":102629376,\"reservable\":139919360},\"cpu\":{\"cores\":2,\"systemLoad\":0.020833333333333332,\"lavalinkLoad\":3.275681341719078E-4},\"op\":\"stats\"}"}
{"level":20,"time":1674787134398,"pid":12140,"hostname":"DESKTOP-II87B4O","msg":"Node \"Lightning Node 2\" debug: connection: lavaclient <<< stats: {\"players\":0,\"playingPlayers\":0,\"uptime\":177004919,\"memory\":{\"free\":31057456,\"used\":75586000,\"allocated\":106643456,\"reservable\":285868032},\"cpu\":{\"cores\":2,\"systemLoad\":0.02223697311649519,\"lavalinkLoad\":0.0},\"op\":\"stats\"}"}
{"level":20,"time":1674787134422,"pid":12140,"hostname":"DESKTOP-II87B4O","msg":"Node \"Lightning Node 1\" debug: connection: lavaclient <<< stats: {\"players\":1,\"playingPlayers\":0,\"uptime\":176396333,\"memory\":{\"free\":30970384,\"used\":71658992,\"allocated\":102629376,\"reservable\":139919360},\"cpu\":{\"cores\":2,\"systemLoad\":0.022156084656084655,\"lavalinkLoad\":0.0},\"op\":\"stats\"}"}
