{"level":30,"time":1671301200205,"pid":2864,"hostname":"DESKTOP-II87B4O","msg":"Loading commands..."}
{"level":20,"time":1671301200228,"pid":2864,"hostname":"DESKTOP-II87B4O","msg":"Skipping command announce. Disabled!"}
{"level":20,"time":1671301200358,"pid":2864,"hostname":"DESKTOP-II87B4O","msg":"Skipping command roles-menu. Disabled!"}
{"level":20,"time":1671301200519,"pid":2864,"hostname":"DESKTOP-II87B4O","msg":"Skipping command logging. Disabled!"}
{"level":20,"time":1671301200533,"pid":2864,"hostname":"DESKTOP-II87B4O","msg":"Skipping command starboard. Disabled!"}
{"level":20,"time":1671301200537,"pid":2864,"hostname":"DESKTOP-II87B4O","msg":"Skipping command verify. Disabled!"}
{"level":20,"time":1671301200557,"pid":2864,"hostname":"DESKTOP-II87B4O","msg":"Skipping command trick-or-treat. Disabled!"}
{"level":20,"time":1671301200557,"pid":2864,"hostname":"DESKTOP-II87B4O","msg":"Skipping slash command trick-or-treat. Disabled!"}
{"level":20,"time":1671301201547,"pid":2864,"hostname":"DESKTOP-II87B4O","msg":"Skipping command changelog. Disabled!"}
{"level":20,"time":1671301201557,"pid":2864,"hostname":"DESKTOP-II87B4O","msg":"Skipping slash command avatar. Disabled!"}
{"level":20,"time":1671301201559,"pid":2864,"hostname":"DESKTOP-II87B4O","msg":"Skipping slash command botinvite. Disabled!"}
{"level":20,"time":1671301201562,"pid":2864,"hostname":"DESKTOP-II87B4O","msg":"Skipping slash command botstats. Disabled!"}
{"level":20,"time":1671301201565,"pid":2864,"hostname":"DESKTOP-II87B4O","msg":"Skipping slash command channelinfo. Disabled!"}
{"level":20,"time":1671301201567,"pid":2864,"hostname":"DESKTOP-II87B4O","msg":"Skipping slash command emojiinfo. Disabled!"}
{"level":20,"time":1671301201583,"pid":2864,"hostname":"DESKTOP-II87B4O","msg":"Skipping slash command guildinfo. Disabled!"}
{"level":20,"time":1671301201584,"pid":2864,"hostname":"DESKTOP-II87B4O","msg":"Skipping slash command uptime. Disabled!"}
{"level":20,"time":1671301201586,"pid":2864,"hostname":"DESKTOP-II87B4O","msg":"Skipping slash command userinfo. Disabled!"}
{"level":20,"time":1671301201590,"pid":2864,"hostname":"DESKTOP-II87B4O","msg":"Skipping command bot. Disabled!"}
{"level":20,"time":1671301201592,"pid":2864,"hostname":"DESKTOP-II87B4O","msg":"Skipping command info. Disabled!"}
{"level":20,"time":1671301201611,"pid":2864,"hostname":"DESKTOP-II87B4O","msg":"Skipping command channel. Disabled!"}
{"level":20,"time":1671301201616,"pid":2864,"hostname":"DESKTOP-II87B4O","msg":"Skipping slash command deafen. Disabled!"}
{"level":20,"time":1671301201618,"pid":2864,"hostname":"DESKTOP-II87B4O","msg":"Skipping slash command disconnect. Disabled!"}
{"level":20,"time":1671301201620,"pid":2864,"hostname":"DESKTOP-II87B4O","msg":"Skipping slash command move. Disabled!"}
{"level":20,"time":1671301201621,"pid":2864,"hostname":"DESKTOP-II87B4O","msg":"Skipping slash command purge. Disabled!"}
{"level":20,"time":1671301201622,"pid":2864,"hostname":"DESKTOP-II87B4O","msg":"Skipping slash command purgeattach. Disabled!"}
{"level":20,"time":1671301201624,"pid":2864,"hostname":"DESKTOP-II87B4O","msg":"Skipping slash command purgebots. Disabled!"}
{"level":20,"time":1671301201625,"pid":2864,"hostname":"DESKTOP-II87B4O","msg":"Skipping slash command purgelinks. Disabled!"}
{"level":20,"time":1671301201626,"pid":2864,"hostname":"DESKTOP-II87B4O","msg":"Skipping slash command purgetoken. Disabled!"}
{"level":20,"time":1671301201626,"pid":2864,"hostname":"DESKTOP-II87B4O","msg":"Skipping slash command purgeuser. Disabled!"}
{"level":20,"time":1671301201628,"pid":2864,"hostname":"DESKTOP-II87B4O","msg":"Skipping slash command undeafen. Disabled!"}
{"level":20,"time":1671301201630,"pid":2864,"hostname":"DESKTOP-II87B4O","msg":"Skipping slash command vmute. Disabled!"}
{"level":20,"time":1671301201631,"pid":2864,"hostname":"DESKTOP-II87B4O","msg":"Skipping slash command vunmute. Disabled!"}
{"level":20,"time":1671301201633,"pid":2864,"hostname":"DESKTOP-II87B4O","msg":"Skipping command role. Disabled!"}
{"level":20,"time":1671301201635,"pid":2864,"hostname":"DESKTOP-II87B4O","msg":"Skipping command purge. Disabled!"}
{"level":20,"time":1671301201637,"pid":2864,"hostname":"DESKTOP-II87B4O","msg":"Skipping command voice. Disabled!"}
{"level":20,"time":1671301201650,"pid":2864,"hostname":"DESKTOP-II87B4O","msg":"Skipping command blacklist. Disabled!"}
{"level":20,"time":1671301201651,"pid":2864,"hostname":"DESKTOP-II87B4O","msg":"Skipping command emit. Disabled!"}
{"level":20,"time":1671301201651,"pid":2864,"hostname":"DESKTOP-II87B4O","msg":"Skipping slash command emit. Disabled!"}
{"level":20,"time":1671301201652,"pid":2864,"hostname":"DESKTOP-II87B4O","msg":"Skipping slash command eval. Disabled!"}
{"level":20,"time":1671301201652,"pid":2864,"hostname":"DESKTOP-II87B4O","msg":"Skipping slash command leaveserver. Disabled!"}
{"level":20,"time":1671301201653,"pid":2864,"hostname":"DESKTOP-II87B4O","msg":"Skipping slash command listservers. Disabled!"}
{"level":20,"time":1671301201672,"pid":2864,"hostname":"DESKTOP-II87B4O","msg":"Skipping command afk. Disabled!"}
{"level":20,"time":1671301201692,"pid":2864,"hostname":"DESKTOP-II87B4O","msg":"Skipping command removeafk. Disabled!"}
{"level":30,"time":1671301201696,"pid":2864,"hostname":"DESKTOP-II87B4O","msg":"Loaded 96 commands"}
{"level":30,"time":1671301201696,"pid":2864,"hostname":"DESKTOP-II87B4O","msg":"Loaded 88 slash commands"}
{"level":30,"time":1671301201696,"pid":2864,"hostname":"DESKTOP-II87B4O","msg":"Loading contexts..."}
{"level":30,"time":1671301201698,"pid":2864,"hostname":"DESKTOP-II87B4O","msg":"Loaded 0 USER contexts"}
{"level":30,"time":1671301201698,"pid":2864,"hostname":"DESKTOP-II87B4O","msg":"Loaded 0 MESSAGE contexts"}
{"level":30,"time":1671301201698,"pid":2864,"hostname":"DESKTOP-II87B4O","msg":"Loading events..."}
{"level":30,"time":1671301201788,"pid":2864,"hostname":"DESKTOP-II87B4O","msg":"Loaded 25 events. Success (25) Failed (0)"}
{"level":30,"time":1671301201789,"pid":2864,"hostname":"DESKTOP-II87B4O","msg":"Connecting to MongoDb..."}
{"level":30,"time":1671301201811,"pid":2864,"hostname":"DESKTOP-II87B4O","msg":"Downtime alerts started on 25999"}
{"level":30,"time":1671301203557,"pid":2864,"hostname":"DESKTOP-II87B4O","msg":"Mongoose: Database connection established"}
{"level":30,"time":1671301203557,"pid":2864,"hostname":"DESKTOP-II87B4O","msg":"Launching dashboard"}
{"level":30,"time":1671301203651,"pid":2864,"hostname":"DESKTOP-II87B4O","msg":"Lightning dashboard is listening on port 25008"}
{"level":30,"time":1671301210113,"pid":2864,"hostname":"DESKTOP-II87B4O","msg":"Logged in as Elon's Testing Bot#6842! (1024458057188659293)"}
{"level":30,"time":1671301210114,"pid":2864,"hostname":"DESKTOP-II87B4O","msg":"Initializing giveaways manager..."}
{"level":30,"time":1671301210247,"pid":2864,"hostname":"DESKTOP-II87B4O","msg":"Giveaway Manager initialized"}
{"level":30,"time":1671301211285,"pid":2864,"hostname":"DESKTOP-II87B4O","msg":"Successfully registered interactions"}
{"level":30,"time":1671301211397,"pid":2864,"hostname":"DESKTOP-II87B4O","msg":"Total Clusters: 1"}
{"level":30,"time":1671301211397,"pid":2864,"hostname":"DESKTOP-II87B4O","msg":"Connected to cluster 0"}
{"level":30,"time":1671301211397,"pid":2864,"hostname":"DESKTOP-II87B4O","msg":"Total Shards: 2"}
{"level":30,"time":1671301211403,"pid":2864,"hostname":"DESKTOP-II87B4O","msg":"2 total guilds"}
{"level":30,"time":1671301296842,"pid":12280,"hostname":"DESKTOP-II87B4O","msg":"Loading commands..."}
{"level":20,"time":1671301296877,"pid":12280,"hostname":"DESKTOP-II87B4O","msg":"Skipping command announce. Disabled!"}
{"level":20,"time":1671301296986,"pid":12280,"hostname":"DESKTOP-II87B4O","msg":"Skipping command roles-menu. Disabled!"}
{"level":20,"time":1671301297118,"pid":12280,"hostname":"DESKTOP-II87B4O","msg":"Skipping command logging. Disabled!"}
{"level":20,"time":1671301297142,"pid":12280,"hostname":"DESKTOP-II87B4O","msg":"Skipping command starboard. Disabled!"}
{"level":20,"time":1671301297146,"pid":12280,"hostname":"DESKTOP-II87B4O","msg":"Skipping command verify. Disabled!"}
{"level":20,"time":1671301297166,"pid":12280,"hostname":"DESKTOP-II87B4O","msg":"Skipping command trick-or-treat. Disabled!"}
{"level":20,"time":1671301297166,"pid":12280,"hostname":"DESKTOP-II87B4O","msg":"Skipping slash command trick-or-treat. Disabled!"}
{"level":20,"time":1671301297980,"pid":12280,"hostname":"DESKTOP-II87B4O","msg":"Skipping command changelog. Disabled!"}
{"level":20,"time":1671301297992,"pid":12280,"hostname":"DESKTOP-II87B4O","msg":"Skipping slash command avatar. Disabled!"}
{"level":20,"time":1671301297995,"pid":12280,"hostname":"DESKTOP-II87B4O","msg":"Skipping slash command botinvite. Disabled!"}
{"level":20,"time":1671301297998,"pid":12280,"hostname":"DESKTOP-II87B4O","msg":"Skipping slash command botstats. Disabled!"}
{"level":20,"time":1671301298001,"pid":12280,"hostname":"DESKTOP-II87B4O","msg":"Skipping slash command channelinfo. Disabled!"}
{"level":20,"time":1671301298002,"pid":12280,"hostname":"DESKTOP-II87B4O","msg":"Skipping slash command emojiinfo. Disabled!"}
{"level":20,"time":1671301298019,"pid":12280,"hostname":"DESKTOP-II87B4O","msg":"Skipping slash command guildinfo. Disabled!"}
{"level":20,"time":1671301298020,"pid":12280,"hostname":"DESKTOP-II87B4O","msg":"Skipping slash command uptime. Disabled!"}
{"level":20,"time":1671301298025,"pid":12280,"hostname":"DESKTOP-II87B4O","msg":"Skipping slash command userinfo. Disabled!"}
{"level":20,"time":1671301298028,"pid":12280,"hostname":"DESKTOP-II87B4O","msg":"Skipping command bot. Disabled!"}
{"level":20,"time":1671301298030,"pid":12280,"hostname":"DESKTOP-II87B4O","msg":"Skipping command info. Disabled!"}
{"level":20,"time":1671301298051,"pid":12280,"hostname":"DESKTOP-II87B4O","msg":"Skipping command channel. Disabled!"}
{"level":20,"time":1671301298059,"pid":12280,"hostname":"DESKTOP-II87B4O","msg":"Skipping slash command deafen. Disabled!"}
{"level":20,"time":1671301298061,"pid":12280,"hostname":"DESKTOP-II87B4O","msg":"Skipping slash command disconnect. Disabled!"}
{"level":20,"time":1671301298064,"pid":12280,"hostname":"DESKTOP-II87B4O","msg":"Skipping slash command move. Disabled!"}
{"level":20,"time":1671301298065,"pid":12280,"hostname":"DESKTOP-II87B4O","msg":"Skipping slash command purge. Disabled!"}
{"level":20,"time":1671301298066,"pid":12280,"hostname":"DESKTOP-II87B4O","msg":"Skipping slash command purgeattach. Disabled!"}
{"level":20,"time":1671301298066,"pid":12280,"hostname":"DESKTOP-II87B4O","msg":"Skipping slash command purgebots. Disabled!"}
{"level":20,"time":1671301298067,"pid":12280,"hostname":"DESKTOP-II87B4O","msg":"Skipping slash command purgelinks. Disabled!"}
{"level":20,"time":1671301298068,"pid":12280,"hostname":"DESKTOP-II87B4O","msg":"Skipping slash command purgetoken. Disabled!"}
{"level":20,"time":1671301298069,"pid":12280,"hostname":"DESKTOP-II87B4O","msg":"Skipping slash command purgeuser. Disabled!"}
{"level":20,"time":1671301298073,"pid":12280,"hostname":"DESKTOP-II87B4O","msg":"Skipping slash command undeafen. Disabled!"}
{"level":20,"time":1671301298077,"pid":12280,"hostname":"DESKTOP-II87B4O","msg":"Skipping slash command vmute. Disabled!"}
{"level":20,"time":1671301298079,"pid":12280,"hostname":"DESKTOP-II87B4O","msg":"Skipping slash command vunmute. Disabled!"}
{"level":20,"time":1671301298081,"pid":12280,"hostname":"DESKTOP-II87B4O","msg":"Skipping command role. Disabled!"}
{"level":20,"time":1671301298083,"pid":12280,"hostname":"DESKTOP-II87B4O","msg":"Skipping command purge. Disabled!"}
{"level":20,"time":1671301298084,"pid":12280,"hostname":"DESKTOP-II87B4O","msg":"Skipping command voice. Disabled!"}
{"level":20,"time":1671301298100,"pid":12280,"hostname":"DESKTOP-II87B4O","msg":"Skipping command blacklist. Disabled!"}
{"level":20,"time":1671301298102,"pid":12280,"hostname":"DESKTOP-II87B4O","msg":"Skipping command emit. Disabled!"}
{"level":20,"time":1671301298102,"pid":12280,"hostname":"DESKTOP-II87B4O","msg":"Skipping slash command emit. Disabled!"}
{"level":20,"time":1671301298103,"pid":12280,"hostname":"DESKTOP-II87B4O","msg":"Skipping slash command eval. Disabled!"}
{"level":20,"time":1671301298104,"pid":12280,"hostname":"DESKTOP-II87B4O","msg":"Skipping slash command leaveserver. Disabled!"}
{"level":20,"time":1671301298107,"pid":12280,"hostname":"DESKTOP-II87B4O","msg":"Skipping slash command listservers. Disabled!"}
{"level":20,"time":1671301298133,"pid":12280,"hostname":"DESKTOP-II87B4O","msg":"Skipping command afk. Disabled!"}
{"level":20,"time":1671301298152,"pid":12280,"hostname":"DESKTOP-II87B4O","msg":"Skipping command removeafk. Disabled!"}
{"level":30,"time":1671301298159,"pid":12280,"hostname":"DESKTOP-II87B4O","msg":"Loaded 96 commands"}
{"level":30,"time":1671301298159,"pid":12280,"hostname":"DESKTOP-II87B4O","msg":"Loaded 88 slash commands"}
{"level":30,"time":1671301298159,"pid":12280,"hostname":"DESKTOP-II87B4O","msg":"Loading contexts..."}
{"level":30,"time":1671301298161,"pid":12280,"hostname":"DESKTOP-II87B4O","msg":"Loaded 0 USER contexts"}
{"level":30,"time":1671301298162,"pid":12280,"hostname":"DESKTOP-II87B4O","msg":"Loaded 0 MESSAGE contexts"}
{"level":30,"time":1671301298162,"pid":12280,"hostname":"DESKTOP-II87B4O","msg":"Loading events..."}
{"level":30,"time":1671301298270,"pid":12280,"hostname":"DESKTOP-II87B4O","msg":"Loaded 25 events. Success (25) Failed (0)"}
{"level":30,"time":1671301298270,"pid":12280,"hostname":"DESKTOP-II87B4O","msg":"Connecting to MongoDb..."}
{"level":30,"time":1671301298313,"pid":12280,"hostname":"DESKTOP-II87B4O","msg":"Downtime alerts started on 25999"}
{"level":30,"time":1671301300423,"pid":12280,"hostname":"DESKTOP-II87B4O","msg":"Mongoose: Database connection established"}
{"level":30,"time":1671301300423,"pid":12280,"hostname":"DESKTOP-II87B4O","msg":"Launching dashboard"}
{"level":30,"time":1671301300515,"pid":12280,"hostname":"DESKTOP-II87B4O","msg":"Lightning dashboard is listening on port 8080"}
{"level":30,"time":1671301307099,"pid":12280,"hostname":"DESKTOP-II87B4O","msg":"Logged in as Elon's Testing Bot#6842! (1024458057188659293)"}
{"level":30,"time":1671301307100,"pid":12280,"hostname":"DESKTOP-II87B4O","msg":"Initializing giveaways manager..."}
{"level":30,"time":1671301307232,"pid":12280,"hostname":"DESKTOP-II87B4O","msg":"Giveaway Manager initialized"}
{"level":30,"time":1671301307759,"pid":12280,"hostname":"DESKTOP-II87B4O","msg":"Successfully registered interactions"}
{"level":30,"time":1671301307863,"pid":12280,"hostname":"DESKTOP-II87B4O","msg":"Total Clusters: 1"}
{"level":30,"time":1671301307863,"pid":12280,"hostname":"DESKTOP-II87B4O","msg":"Connected to cluster 0"}
{"level":30,"time":1671301307863,"pid":12280,"hostname":"DESKTOP-II87B4O","msg":"Total Shards: 2"}
{"level":30,"time":1671301307873,"pid":12280,"hostname":"DESKTOP-II87B4O","msg":"2 total guilds"}
