{"level":30,"time":1674867086375,"pid":8652,"hostname":"DESKTOP-II87B4O","msg":"Loading commands..."}
{"level":20,"time":1674867086412,"pid":8652,"hostname":"DESKTOP-II87B4O","msg":"Skipping command announce. Disabled!"}
{"level":20,"time":1674867086552,"pid":8652,"hostname":"DESKTOP-II87B4O","msg":"Skipping command roles-menu. Disabled!"}
{"level":20,"time":1674867086791,"pid":8652,"hostname":"DESKTOP-II87B4O","msg":"Skipping command trick-or-treat. Disabled!"}
{"level":20,"time":1674867086791,"pid":8652,"hostname":"DESKTOP-II87B4O","msg":"Skipping slash command trick-or-treat. Disabled!"}
{"level":20,"time":1674867087739,"pid":8652,"hostname":"DESKTOP-II87B4O","msg":"Skipping command giveaway. Disabled!"}
{"level":20,"time":1674867087751,"pid":8652,"hostname":"DESKTOP-II87B4O","msg":"Skipping command changelog. Disabled!"}
{"level":20,"time":1674867087762,"pid":8652,"hostname":"DESKTOP-II87B4O","msg":"Skipping slash command avatar. Disabled!"}
{"level":20,"time":1674867087764,"pid":8652,"hostname":"DESKTOP-II87B4O","msg":"Skipping slash command botinvite. Disabled!"}
{"level":20,"time":1674867087767,"pid":8652,"hostname":"DESKTOP-II87B4O","msg":"Skipping slash command botstats. Disabled!"}
{"level":20,"time":1674867087771,"pid":8652,"hostname":"DESKTOP-II87B4O","msg":"Skipping slash command channelinfo. Disabled!"}
{"level":20,"time":1674867087772,"pid":8652,"hostname":"DESKTOP-II87B4O","msg":"Skipping slash command emojiinfo. Disabled!"}
{"level":20,"time":1674867087792,"pid":8652,"hostname":"DESKTOP-II87B4O","msg":"Skipping slash command guildinfo. Disabled!"}
{"level":20,"time":1674867087793,"pid":8652,"hostname":"DESKTOP-II87B4O","msg":"Skipping slash command uptime. Disabled!"}
{"level":20,"time":1674867087796,"pid":8652,"hostname":"DESKTOP-II87B4O","msg":"Skipping slash command userinfo. Disabled!"}
{"level":20,"time":1674867087802,"pid":8652,"hostname":"DESKTOP-II87B4O","msg":"Skipping command bot. Disabled!"}
{"level":20,"time":1674867087804,"pid":8652,"hostname":"DESKTOP-II87B4O","msg":"Skipping command info. Disabled!"}
{"level":20,"time":1674867087834,"pid":8652,"hostname":"DESKTOP-II87B4O","msg":"Skipping command channel. Disabled!"}
{"level":20,"time":1674867087840,"pid":8652,"hostname":"DESKTOP-II87B4O","msg":"Skipping slash command deafen. Disabled!"}
{"level":20,"time":1674867087843,"pid":8652,"hostname":"DESKTOP-II87B4O","msg":"Skipping slash command disconnect. Disabled!"}
{"level":20,"time":1674867087850,"pid":8652,"hostname":"DESKTOP-II87B4O","msg":"Skipping slash command move. Disabled!"}
{"level":20,"time":1674867087852,"pid":8652,"hostname":"DESKTOP-II87B4O","msg":"Skipping slash command purge. Disabled!"}
{"level":20,"time":1674867087854,"pid":8652,"hostname":"DESKTOP-II87B4O","msg":"Skipping slash command purgeattach. Disabled!"}
{"level":20,"time":1674867087856,"pid":8652,"hostname":"DESKTOP-II87B4O","msg":"Skipping slash command purgebots. Disabled!"}
{"level":20,"time":1674867087858,"pid":8652,"hostname":"DESKTOP-II87B4O","msg":"Skipping slash command purgelinks. Disabled!"}
{"level":20,"time":1674867087860,"pid":8652,"hostname":"DESKTOP-II87B4O","msg":"Skipping slash command purgetoken. Disabled!"}
{"level":20,"time":1674867087863,"pid":8652,"hostname":"DESKTOP-II87B4O","msg":"Skipping slash command purgeuser. Disabled!"}
{"level":20,"time":1674867087870,"pid":8652,"hostname":"DESKTOP-II87B4O","msg":"Skipping slash command undeafen. Disabled!"}
{"level":20,"time":1674867087874,"pid":8652,"hostname":"DESKTOP-II87B4O","msg":"Skipping slash command vmute. Disabled!"}
{"level":20,"time":1674867087878,"pid":8652,"hostname":"DESKTOP-II87B4O","msg":"Skipping slash command vunmute. Disabled!"}
{"level":20,"time":1674867087883,"pid":8652,"hostname":"DESKTOP-II87B4O","msg":"Skipping command role. Disabled!"}
{"level":20,"time":1674867087885,"pid":8652,"hostname":"DESKTOP-II87B4O","msg":"Skipping command purge. Disabled!"}
{"level":20,"time":1674867087888,"pid":8652,"hostname":"DESKTOP-II87B4O","msg":"Skipping command voice. Disabled!"}
{"level":20,"time":1674867087929,"pid":8652,"hostname":"DESKTOP-II87B4O","msg":"Skipping slash command blacklist. Disabled!"}
{"level":20,"time":1674867087931,"pid":8652,"hostname":"DESKTOP-II87B4O","msg":"Skipping slash command emit. Disabled!"}
{"level":20,"time":1674867087932,"pid":8652,"hostname":"DESKTOP-II87B4O","msg":"Skipping slash command eval. Disabled!"}
{"level":20,"time":1674867087933,"pid":8652,"hostname":"DESKTOP-II87B4O","msg":"Skipping slash command leaveserver. Disabled!"}
{"level":20,"time":1674867087935,"pid":8652,"hostname":"DESKTOP-II87B4O","msg":"Skipping slash command listservers. Disabled!"}
{"level":30,"time":1674867087988,"pid":8652,"hostname":"DESKTOP-II87B4O","msg":"Loaded 114 commands"}
{"level":30,"time":1674867087988,"pid":8652,"hostname":"DESKTOP-II87B4O","msg":"Loaded 99 slash commands"}
{"level":30,"time":1674867087988,"pid":8652,"hostname":"DESKTOP-II87B4O","msg":"Loading contexts..."}
{"level":30,"time":1674867087990,"pid":8652,"hostname":"DESKTOP-II87B4O","msg":"Loaded 0 USER contexts"}
{"level":30,"time":1674867087990,"pid":8652,"hostname":"DESKTOP-II87B4O","msg":"Loaded 0 MESSAGE contexts"}
{"level":30,"time":1674867087991,"pid":8652,"hostname":"DESKTOP-II87B4O","msg":"Loading events..."}
{"level":30,"time":1674867088207,"pid":8652,"hostname":"DESKTOP-II87B4O","msg":"Loaded 26 events. Success (26) Failed (0)"}
{"level":30,"time":1674867088207,"pid":8652,"hostname":"DESKTOP-II87B4O","msg":"Connecting to MongoDb..."}
{"level":30,"time":1674867088229,"pid":8652,"hostname":"DESKTOP-II87B4O","msg":"Downtime alerts started on 25999"}
{"level":30,"time":1674867089503,"pid":8652,"hostname":"DESKTOP-II87B4O","msg":"Mongoose: Database connection established"}
{"level":30,"time":1674867089503,"pid":8652,"hostname":"DESKTOP-II87B4O","msg":"Launching dashboard"}
{"level":30,"time":1674867089573,"pid":8652,"hostname":"DESKTOP-II87B4O","msg":"Connecting to MongoDb..."}
{"level":30,"time":1674867089573,"pid":8652,"hostname":"DESKTOP-II87B4O","msg":"Mongoose: Database connection established"}
{"level":30,"time":1674867089597,"pid":8652,"hostname":"DESKTOP-II87B4O","msg":"Lightning dashboard is listening on port 8080"}
{"level":30,"time":1674868039715,"pid":2744,"hostname":"DESKTOP-II87B4O","msg":"Loading commands..."}
{"level":20,"time":1674868039741,"pid":2744,"hostname":"DESKTOP-II87B4O","msg":"Skipping command announce. Disabled!"}
{"level":20,"time":1674868039843,"pid":2744,"hostname":"DESKTOP-II87B4O","msg":"Skipping command roles-menu. Disabled!"}
{"level":20,"time":1674868039982,"pid":2744,"hostname":"DESKTOP-II87B4O","msg":"Skipping command trick-or-treat. Disabled!"}
{"level":20,"time":1674868039982,"pid":2744,"hostname":"DESKTOP-II87B4O","msg":"Skipping slash command trick-or-treat. Disabled!"}
{"level":20,"time":1674868040705,"pid":2744,"hostname":"DESKTOP-II87B4O","msg":"Skipping command giveaway. Disabled!"}
{"level":20,"time":1674868040714,"pid":2744,"hostname":"DESKTOP-II87B4O","msg":"Skipping command changelog. Disabled!"}
{"level":20,"time":1674868040723,"pid":2744,"hostname":"DESKTOP-II87B4O","msg":"Skipping slash command avatar. Disabled!"}
{"level":20,"time":1674868040724,"pid":2744,"hostname":"DESKTOP-II87B4O","msg":"Skipping slash command botinvite. Disabled!"}
{"level":20,"time":1674868040727,"pid":2744,"hostname":"DESKTOP-II87B4O","msg":"Skipping slash command botstats. Disabled!"}
{"level":20,"time":1674868040730,"pid":2744,"hostname":"DESKTOP-II87B4O","msg":"Skipping slash command channelinfo. Disabled!"}
{"level":20,"time":1674868040731,"pid":2744,"hostname":"DESKTOP-II87B4O","msg":"Skipping slash command emojiinfo. Disabled!"}
{"level":20,"time":1674868040745,"pid":2744,"hostname":"DESKTOP-II87B4O","msg":"Skipping slash command guildinfo. Disabled!"}
{"level":20,"time":1674868040746,"pid":2744,"hostname":"DESKTOP-II87B4O","msg":"Skipping slash command uptime. Disabled!"}
{"level":20,"time":1674868040748,"pid":2744,"hostname":"DESKTOP-II87B4O","msg":"Skipping slash command userinfo. Disabled!"}
{"level":20,"time":1674868040753,"pid":2744,"hostname":"DESKTOP-II87B4O","msg":"Skipping command bot. Disabled!"}
{"level":20,"time":1674868040756,"pid":2744,"hostname":"DESKTOP-II87B4O","msg":"Skipping command info. Disabled!"}
{"level":20,"time":1674868040773,"pid":2744,"hostname":"DESKTOP-II87B4O","msg":"Skipping command channel. Disabled!"}
{"level":20,"time":1674868040777,"pid":2744,"hostname":"DESKTOP-II87B4O","msg":"Skipping slash command deafen. Disabled!"}
{"level":20,"time":1674868040779,"pid":2744,"hostname":"DESKTOP-II87B4O","msg":"Skipping slash command disconnect. Disabled!"}
{"level":20,"time":1674868040781,"pid":2744,"hostname":"DESKTOP-II87B4O","msg":"Skipping slash command move. Disabled!"}
{"level":20,"time":1674868040782,"pid":2744,"hostname":"DESKTOP-II87B4O","msg":"Skipping slash command purge. Disabled!"}
{"level":20,"time":1674868040783,"pid":2744,"hostname":"DESKTOP-II87B4O","msg":"Skipping slash command purgeattach. Disabled!"}
{"level":20,"time":1674868040788,"pid":2744,"hostname":"DESKTOP-II87B4O","msg":"Skipping slash command purgebots. Disabled!"}
{"level":20,"time":1674868040790,"pid":2744,"hostname":"DESKTOP-II87B4O","msg":"Skipping slash command purgelinks. Disabled!"}
{"level":20,"time":1674868040791,"pid":2744,"hostname":"DESKTOP-II87B4O","msg":"Skipping slash command purgetoken. Disabled!"}
{"level":20,"time":1674868040792,"pid":2744,"hostname":"DESKTOP-II87B4O","msg":"Skipping slash command purgeuser. Disabled!"}
{"level":20,"time":1674868040794,"pid":2744,"hostname":"DESKTOP-II87B4O","msg":"Skipping slash command undeafen. Disabled!"}
{"level":20,"time":1674868040796,"pid":2744,"hostname":"DESKTOP-II87B4O","msg":"Skipping slash command vmute. Disabled!"}
{"level":20,"time":1674868040797,"pid":2744,"hostname":"DESKTOP-II87B4O","msg":"Skipping slash command vunmute. Disabled!"}
{"level":20,"time":1674868040799,"pid":2744,"hostname":"DESKTOP-II87B4O","msg":"Skipping command role. Disabled!"}
{"level":20,"time":1674868040801,"pid":2744,"hostname":"DESKTOP-II87B4O","msg":"Skipping command purge. Disabled!"}
{"level":20,"time":1674868040803,"pid":2744,"hostname":"DESKTOP-II87B4O","msg":"Skipping command voice. Disabled!"}
{"level":20,"time":1674868040841,"pid":2744,"hostname":"DESKTOP-II87B4O","msg":"Skipping slash command blacklist. Disabled!"}
{"level":20,"time":1674868040842,"pid":2744,"hostname":"DESKTOP-II87B4O","msg":"Skipping slash command emit. Disabled!"}
{"level":20,"time":1674868040843,"pid":2744,"hostname":"DESKTOP-II87B4O","msg":"Skipping slash command eval. Disabled!"}
{"level":20,"time":1674868040844,"pid":2744,"hostname":"DESKTOP-II87B4O","msg":"Skipping slash command leaveserver. Disabled!"}
{"level":20,"time":1674868040845,"pid":2744,"hostname":"DESKTOP-II87B4O","msg":"Skipping slash command listservers. Disabled!"}
{"level":30,"time":1674868040889,"pid":2744,"hostname":"DESKTOP-II87B4O","msg":"Loaded 114 commands"}
{"level":30,"time":1674868040889,"pid":2744,"hostname":"DESKTOP-II87B4O","msg":"Loaded 99 slash commands"}
{"level":30,"time":1674868040890,"pid":2744,"hostname":"DESKTOP-II87B4O","msg":"Loading contexts..."}
{"level":30,"time":1674868040892,"pid":2744,"hostname":"DESKTOP-II87B4O","msg":"Loaded 0 USER contexts"}
{"level":30,"time":1674868040892,"pid":2744,"hostname":"DESKTOP-II87B4O","msg":"Loaded 0 MESSAGE contexts"}
{"level":30,"time":1674868040892,"pid":2744,"hostname":"DESKTOP-II87B4O","msg":"Loading events..."}
{"level":30,"time":1674868041042,"pid":2744,"hostname":"DESKTOP-II87B4O","msg":"Loaded 26 events. Success (26) Failed (0)"}
{"level":30,"time":1674868041042,"pid":2744,"hostname":"DESKTOP-II87B4O","msg":"Connecting to MongoDb..."}
{"level":30,"time":1674868041060,"pid":2744,"hostname":"DESKTOP-II87B4O","msg":"Downtime alerts started on 25999"}
{"level":30,"time":1674868042379,"pid":2744,"hostname":"DESKTOP-II87B4O","msg":"Mongoose: Database connection established"}
{"level":30,"time":1674868042380,"pid":2744,"hostname":"DESKTOP-II87B4O","msg":"Launching dashboard"}
{"level":30,"time":1674868042453,"pid":2744,"hostname":"DESKTOP-II87B4O","msg":"Connecting to MongoDb..."}
{"level":30,"time":1674868042453,"pid":2744,"hostname":"DESKTOP-II87B4O","msg":"Mongoose: Database connection established"}
{"level":30,"time":1674868042477,"pid":2744,"hostname":"DESKTOP-II87B4O","msg":"Lightning dashboard is listening on port 8080"}
{"level":30,"time":1674868048293,"pid":2744,"hostname":"DESKTOP-II87B4O","msg":"Logged in as Elon's Testing Bot#6842! (1024458057188659293)"}
{"level":20,"time":1674868048294,"pid":2744,"hostname":"DESKTOP-II87B4O","msg":"Node \"Lightning Node 1\" debug: connection: creating websocket..."}
{"level":20,"time":1674868048296,"pid":2744,"hostname":"DESKTOP-II87B4O","msg":"Node \"Lightning Node 2\" debug: connection: creating websocket..."}
{"level":30,"time":1674868048296,"pid":2744,"hostname":"DESKTOP-II87B4O","msg":"Music Manager initialized"}
{"level":20,"time":1674868048712,"pid":2744,"hostname":"DESKTOP-II87B4O","msg":"Node \"Lightning Node 2\" connected"}
{"level":20,"time":1674868048712,"pid":2744,"hostname":"DESKTOP-II87B4O","msg":"Node \"Lightning Node 2\" debug: connection: connected in 416ms"}
{"level":20,"time":1674868048717,"pid":2744,"hostname":"DESKTOP-II87B4O","msg":"Node \"Lightning Node 2\" debug: connection: lavaclient <<< ready: {\"resumed\":false,\"sessionId\":\"nis2au61wo0s64j6\",\"op\":\"ready\"}"}
{"level":20,"time":1674868048718,"pid":2744,"hostname":"DESKTOP-II87B4O","msg":"Node \"Lightning Node 2\" debug: connection: lavaclient <<< stats: {\"players\":0,\"playingPlayers\":0,\"uptime\":257918584,\"memory\":{\"free\":47743112,\"used\":58900344,\"allocated\":106643456,\"reservable\":285868032},\"cpu\":{\"cores\":2,\"systemLoad\":0.034782608695652174,\"lavalinkLoad\":5.067396371744198E-4},\"op\":\"stats\"}"}
{"level":20,"time":1674868048718,"pid":2744,"hostname":"DESKTOP-II87B4O","msg":"Node \"Lightning Node 1\" connected"}
{"level":20,"time":1674868048718,"pid":2744,"hostname":"DESKTOP-II87B4O","msg":"Node \"Lightning Node 1\" debug: connection: connected in 422ms"}
{"level":20,"time":1674868048719,"pid":2744,"hostname":"DESKTOP-II87B4O","msg":"Node \"Lightning Node 1\" debug: connection: lavaclient <<< ready: {\"resumed\":false,\"sessionId\":\"2n7jo9ei0tvtrtgy\",\"op\":\"ready\"}"}
{"level":20,"time":1674868048719,"pid":2744,"hostname":"DESKTOP-II87B4O","msg":"Node \"Lightning Node 1\" debug: connection: lavaclient <<< stats: {\"players\":1,\"playingPlayers\":0,\"uptime\":257309995,\"memory\":{\"free\":19859224,\"used\":82770152,\"allocated\":102629376,\"reservable\":139919360},\"cpu\":{\"cores\":2,\"systemLoad\":0.0354682316917581,\"lavalinkLoad\":5.056634304207119E-4},\"op\":\"stats\"}"}
{"level":30,"time":1674868049485,"pid":2744,"hostname":"DESKTOP-II87B4O","msg":"Successfully registered interactions"}
{"level":30,"time":1674868049586,"pid":2744,"hostname":"DESKTOP-II87B4O","msg":"Total Clusters: 1"}
{"level":30,"time":1674868049586,"pid":2744,"hostname":"DESKTOP-II87B4O","msg":"Connected to cluster 0"}
{"level":30,"time":1674868049586,"pid":2744,"hostname":"DESKTOP-II87B4O","msg":"Total Shards: 2"}
{"level":30,"time":1674868049593,"pid":2744,"hostname":"DESKTOP-II87B4O","msg":"3 total guilds"}
{"level":20,"time":1674868108715,"pid":2744,"hostname":"DESKTOP-II87B4O","msg":"Node \"Lightning Node 2\" debug: connection: lavaclient <<< stats: {\"players\":0,\"playingPlayers\":0,\"uptime\":257978582,\"memory\":{\"free\":43291592,\"used\":63351864,\"allocated\":106643456,\"reservable\":285868032},\"cpu\":{\"cores\":2,\"systemLoad\":0.04725415070242656,\"lavalinkLoad\":2.535239833688267E-4},\"op\":\"stats\"}"}
{"level":20,"time":1674868108721,"pid":2744,"hostname":"DESKTOP-II87B4O","msg":"Node \"Lightning Node 1\" debug: connection: lavaclient <<< stats: {\"players\":1,\"playingPlayers\":0,\"uptime\":257369995,\"memory\":{\"free\":43746688,\"used\":58882688,\"allocated\":102629376,\"reservable\":139919360},\"cpu\":{\"cores\":2,\"systemLoad\":0.04710975299210593,\"lavalinkLoad\":2.5275502982509353E-4},\"op\":\"stats\"}"}
{"level":20,"time":1674868168716,"pid":2744,"hostname":"DESKTOP-II87B4O","msg":"Node \"Lightning Node 2\" debug: connection: lavaclient <<< stats: {\"players\":0,\"playingPlayers\":0,\"uptime\":258038582,\"memory\":{\"free\":38784512,\"used\":67858944,\"allocated\":106643456,\"reservable\":285868032},\"cpu\":{\"cores\":2,\"systemLoad\":0.032975460122699383,\"lavalinkLoad\":2.535239833688267E-4},\"op\":\"stats\"}"}
{"level":20,"time":1674868168723,"pid":2744,"hostname":"DESKTOP-II87B4O","msg":"Node \"Lightning Node 1\" debug: connection: lavaclient <<< stats: {\"players\":1,\"playingPlayers\":0,\"uptime\":257429995,\"memory\":{\"free\":39498952,\"used\":63130424,\"allocated\":102629376,\"reservable\":139919360},\"cpu\":{\"cores\":2,\"systemLoad\":0.033129459734964326,\"lavalinkLoad\":2.5275502982509353E-4},\"op\":\"stats\"}"}
{"level":20,"time":1674868228728,"pid":2744,"hostname":"DESKTOP-II87B4O","msg":"Node \"Lightning Node 2\" debug: connection: lavaclient <<< stats: {\"players\":0,\"playingPlayers\":0,\"uptime\":258098582,\"memory\":{\"free\":34406216,\"used\":72237240,\"allocated\":106643456,\"reservable\":285868032},\"cpu\":{\"cores\":2,\"systemLoad\":0.04511663675980518,\"lavalinkLoad\":0.0},\"op\":\"stats\"}"}
{"level":20,"time":1674868228728,"pid":2744,"hostname":"DESKTOP-II87B4O","msg":"Node \"Lightning Node 1\" debug: connection: lavaclient <<< stats: {\"players\":1,\"playingPlayers\":0,\"uptime\":257489994,\"memory\":{\"free\":35184936,\"used\":67444440,\"allocated\":102629376,\"reservable\":139919360},\"cpu\":{\"cores\":2,\"systemLoad\":0.044978277536417074,\"lavalinkLoad\":2.5275502982509353E-4},\"op\":\"stats\"}"}
{"level":20,"time":1674868288719,"pid":2744,"hostname":"DESKTOP-II87B4O","msg":"Node \"Lightning Node 2\" debug: connection: lavaclient <<< stats: {\"players\":0,\"playingPlayers\":0,\"uptime\":258158582,\"memory\":{\"free\":29989200,\"used\":76654256,\"allocated\":106643456,\"reservable\":285868032},\"cpu\":{\"cores\":2,\"systemLoad\":0.03403275332650972,\"lavalinkLoad\":0.0},\"op\":\"stats\"}"}
{"level":20,"time":1674868288725,"pid":2744,"hostname":"DESKTOP-II87B4O","msg":"Node \"Lightning Node 1\" debug: connection: lavaclient <<< stats: {\"players\":1,\"playingPlayers\":0,\"uptime\":257549994,\"memory\":{\"free\":30921088,\"used\":71708288,\"allocated\":102629376,\"reservable\":139919360},\"cpu\":{\"cores\":2,\"systemLoad\":0.0341923960193927,\"lavalinkLoad\":2.5275502982509353E-4},\"op\":\"stats\"}"}
{"level":20,"time":1674868348720,"pid":2744,"hostname":"DESKTOP-II87B4O","msg":"Node \"Lightning Node 2\" debug: connection: lavaclient <<< stats: {\"players\":0,\"playingPlayers\":0,\"uptime\":258218582,\"memory\":{\"free\":54799520,\"used\":51843936,\"allocated\":106643456,\"reservable\":285868032},\"cpu\":{\"cores\":2,\"systemLoad\":0.03920061491160646,\"lavalinkLoad\":0.0},\"op\":\"stats\"}"}
{"level":20,"time":1674868348726,"pid":2744,"hostname":"DESKTOP-II87B4O","msg":"Node \"Lightning Node 1\" debug: connection: lavaclient <<< stats: {\"players\":1,\"playingPlayers\":0,\"uptime\":257609994,\"memory\":{\"free\":26715848,\"used\":75913528,\"allocated\":102629376,\"reservable\":139919360},\"cpu\":{\"cores\":2,\"systemLoad\":0.039090444557996935,\"lavalinkLoad\":0.0},\"op\":\"stats\"}"}
{"level":20,"time":1674868408722,"pid":2744,"hostname":"DESKTOP-II87B4O","msg":"Node \"Lightning Node 2\" debug: connection: lavaclient <<< stats: {\"players\":0,\"playingPlayers\":0,\"uptime\":258278582,\"memory\":{\"free\":50318024,\"used\":56325432,\"allocated\":106643456,\"reservable\":285868032},\"cpu\":{\"cores\":2,\"systemLoad\":0.029223276083055628,\"lavalinkLoad\":0.0},\"op\":\"stats\"}"}
{"level":20,"time":1674868408728,"pid":2744,"hostname":"DESKTOP-II87B4O","msg":"Node \"Lightning Node 1\" debug: connection: lavaclient <<< stats: {\"players\":1,\"playingPlayers\":0,\"uptime\":257669994,\"memory\":{\"free\":22577952,\"used\":80051424,\"allocated\":102629376,\"reservable\":139919360},\"cpu\":{\"cores\":2,\"systemLoad\":0.029141104294478526,\"lavalinkLoad\":0.0},\"op\":\"stats\"}"}
{"level":20,"time":1674868468723,"pid":2744,"hostname":"DESKTOP-II87B4O","msg":"Node \"Lightning Node 2\" debug: connection: lavaclient <<< stats: {\"players\":0,\"playingPlayers\":0,\"uptime\":258338582,\"memory\":{\"free\":45829576,\"used\":60813880,\"allocated\":106643456,\"reservable\":285868032},\"cpu\":{\"cores\":2,\"systemLoad\":0.034809316611210644,\"lavalinkLoad\":0.0},\"op\":\"stats\"}"}
{"level":20,"time":1674868468730,"pid":2744,"hostname":"DESKTOP-II87B4O","msg":"Node \"Lightning Node 1\" debug: connection: lavaclient <<< stats: {\"players\":1,\"playingPlayers\":0,\"uptime\":257729994,\"memory\":{\"free\":18335208,\"used\":84294168,\"allocated\":102629376,\"reservable\":139919360},\"cpu\":{\"cores\":2,\"systemLoad\":0.034720449323461834,\"lavalinkLoad\":0.0},\"op\":\"stats\"}"}
{"level":20,"time":1674868528734,"pid":2744,"hostname":"DESKTOP-II87B4O","msg":"Node \"Lightning Node 2\" debug: connection: lavaclient <<< stats: {\"players\":0,\"playingPlayers\":0,\"uptime\":258398582,\"memory\":{\"free\":41464344,\"used\":65179112,\"allocated\":106643456,\"reservable\":285868032},\"cpu\":{\"cores\":2,\"systemLoad\":0.03379416282642089,\"lavalinkLoad\":0.0},\"op\":\"stats\"}"}
{"level":20,"time":1674868528734,"pid":2744,"hostname":"DESKTOP-II87B4O","msg":"Node \"Lightning Node 1\" debug: connection: lavaclient <<< stats: {\"players\":1,\"playingPlayers\":0,\"uptime\":257789994,\"memory\":{\"free\":42186072,\"used\":60443304,\"allocated\":102629376,\"reservable\":139919360},\"cpu\":{\"cores\":2,\"systemLoad\":0.03369925963747766,\"lavalinkLoad\":2.5275502982509353E-4},\"op\":\"stats\"}"}
{"level":20,"time":1674868588725,"pid":2744,"hostname":"DESKTOP-II87B4O","msg":"Node \"Lightning Node 2\" debug: connection: lavaclient <<< stats: {\"players\":0,\"playingPlayers\":0,\"uptime\":258458582,\"memory\":{\"free\":37038832,\"used\":69604624,\"allocated\":106643456,\"reservable\":285868032},\"cpu\":{\"cores\":2,\"systemLoad\":0.02789150460593654,\"lavalinkLoad\":0.0},\"op\":\"stats\"}"}
{"level":20,"time":1674868588732,"pid":2744,"hostname":"DESKTOP-II87B4O","msg":"Node \"Lightning Node 1\" debug: connection: lavaclient <<< stats: {\"players\":1,\"playingPlayers\":0,\"uptime\":257849994,\"memory\":{\"free\":37957176,\"used\":64672200,\"allocated\":102629376,\"reservable\":139919360},\"cpu\":{\"cores\":2,\"systemLoad\":0.028068384792038787,\"lavalinkLoad\":0.0},\"op\":\"stats\"}"}
{"level":20,"time":1674868648727,"pid":2744,"hostname":"DESKTOP-II87B4O","msg":"Node \"Lightning Node 2\" debug: connection: lavaclient <<< stats: {\"players\":0,\"playingPlayers\":0,\"uptime\":258518582,\"memory\":{\"free\":32597496,\"used\":74045960,\"allocated\":106643456,\"reservable\":285868032},\"cpu\":{\"cores\":2,\"systemLoad\":0.05372217958557176,\"lavalinkLoad\":2.535239833688267E-4},\"op\":\"stats\"}"}
{"level":20,"time":1674868648734,"pid":2744,"hostname":"DESKTOP-II87B4O","msg":"Node \"Lightning Node 1\" debug: connection: lavaclient <<< stats: {\"players\":1,\"playingPlayers\":0,\"uptime\":257909994,\"memory\":{\"free\":33830376,\"used\":68799000,\"allocated\":102629376,\"reservable\":139919360},\"cpu\":{\"cores\":2,\"systemLoad\":0.05358509823934677,\"lavalinkLoad\":2.5275502982509353E-4},\"op\":\"stats\"}"}
{"level":20,"time":1674868708728,"pid":2744,"hostname":"DESKTOP-II87B4O","msg":"Node \"Lightning Node 2\" debug: connection: lavaclient <<< stats: {\"players\":0,\"playingPlayers\":0,\"uptime\":258578582,\"memory\":{\"free\":28223472,\"used\":78419984,\"allocated\":106643456,\"reservable\":285868032},\"cpu\":{\"cores\":2,\"systemLoad\":0.03790012804097311,\"lavalinkLoad\":0.0},\"op\":\"stats\"}"}
{"level":20,"time":1674868708737,"pid":2744,"hostname":"DESKTOP-II87B4O","msg":"Node \"Lightning Node 1\" debug: connection: lavaclient <<< stats: {\"players\":1,\"playingPlayers\":0,\"uptime\":257969994,\"memory\":{\"free\":29550648,\"used\":73078728,\"allocated\":102629376,\"reservable\":139919360},\"cpu\":{\"cores\":2,\"systemLoad\":0.03805874840357599,\"lavalinkLoad\":0.0},\"op\":\"stats\"}"}
{"level":20,"time":1674868768730,"pid":2744,"hostname":"DESKTOP-II87B4O","msg":"Node \"Lightning Node 2\" debug: connection: lavaclient <<< stats: {\"players\":0,\"playingPlayers\":0,\"uptime\":258638582,\"memory\":{\"free\":53027688,\"used\":53615768,\"allocated\":106643456,\"reservable\":285868032},\"cpu\":{\"cores\":2,\"systemLoad\":0.04189154459007967,\"lavalinkLoad\":0.0},\"op\":\"stats\"}"}
{"level":20,"time":1674868768736,"pid":2744,"hostname":"DESKTOP-II87B4O","msg":"Node \"Lightning Node 1\" debug: connection: lavaclient <<< stats: {\"players\":1,\"playingPlayers\":0,\"uptime\":258029994,\"memory\":{\"free\":25373944,\"used\":77255432,\"allocated\":102629376,\"reservable\":139919360},\"cpu\":{\"cores\":2,\"systemLoad\":0.04177344951307022,\"lavalinkLoad\":2.5275502982509353E-4},\"op\":\"stats\"}"}
{"level":20,"time":1674868828731,"pid":2744,"hostname":"DESKTOP-II87B4O","msg":"Node \"Lightning Node 2\" debug: connection: lavaclient <<< stats: {\"players\":0,\"playingPlayers\":0,\"uptime\":258698582,\"memory\":{\"free\":48632024,\"used\":58011432,\"allocated\":106643456,\"reservable\":285868032},\"cpu\":{\"cores\":2,\"systemLoad\":0.0340153452685422,\"lavalinkLoad\":0.0},\"op\":\"stats\"}"}
{"level":20,"time":1674868828738,"pid":2744,"hostname":"DESKTOP-II87B4O","msg":"Node \"Lightning Node 1\" debug: connection: lavaclient <<< stats: {\"players\":1,\"playingPlayers\":0,\"uptime\":258089994,\"memory\":{\"free\":21101824,\"used\":81527552,\"allocated\":102629376,\"reservable\":139919360},\"cpu\":{\"cores\":2,\"systemLoad\":0.033919918388166284,\"lavalinkLoad\":2.5275502982509353E-4},\"op\":\"stats\"}"}
{"level":20,"time":1674868888732,"pid":2744,"hostname":"DESKTOP-II87B4O","msg":"Node \"Lightning Node 2\" debug: connection: lavaclient <<< stats: {\"players\":0,\"playingPlayers\":0,\"uptime\":258758582,\"memory\":{\"free\":44191120,\"used\":62452336,\"allocated\":106643456,\"reservable\":285868032},\"cpu\":{\"cores\":2,\"systemLoad\":0.05327868852459016,\"lavalinkLoad\":0.0},\"op\":\"stats\"}"}
{"level":20,"time":1674868888740,"pid":2744,"hostname":"DESKTOP-II87B4O","msg":"Node \"Lightning Node 1\" debug: connection: lavaclient <<< stats: {\"players\":1,\"playingPlayers\":0,\"uptime\":258149994,\"memory\":{\"free\":45217328,\"used\":57412048,\"allocated\":102629376,\"reservable\":139919360},\"cpu\":{\"cores\":2,\"systemLoad\":0.05312899106002554,\"lavalinkLoad\":0.0},\"op\":\"stats\"}"}
{"level":20,"time":1674868948741,"pid":2744,"hostname":"DESKTOP-II87B4O","msg":"Node \"Lightning Node 2\" debug: connection: lavaclient <<< stats: {\"players\":0,\"playingPlayers\":0,\"uptime\":258818582,\"memory\":{\"free\":39866576,\"used\":66776880,\"allocated\":106643456,\"reservable\":285868032},\"cpu\":{\"cores\":2,\"systemLoad\":0.06540623403168115,\"lavalinkLoad\":0.0},\"op\":\"stats\"}"}
{"level":20,"time":1674868948741,"pid":2744,"hostname":"DESKTOP-II87B4O","msg":"Node \"Lightning Node 1\" debug: connection: lavaclient <<< stats: {\"players\":1,\"playingPlayers\":0,\"uptime\":258209994,\"memory\":{\"free\":40823984,\"used\":61805392,\"allocated\":102629376,\"reservable\":139919360},\"cpu\":{\"cores\":2,\"systemLoad\":0.065206316861946,\"lavalinkLoad\":2.5275502982509353E-4},\"op\":\"stats\"}"}
{"level":20,"time":1674869008735,"pid":2744,"hostname":"DESKTOP-II87B4O","msg":"Node \"Lightning Node 2\" debug: connection: lavaclient <<< stats: {\"players\":0,\"playingPlayers\":0,\"uptime\":258878582,\"memory\":{\"free\":35398288,\"used\":71245168,\"allocated\":106643456,\"reservable\":285868032},\"cpu\":{\"cores\":2,\"systemLoad\":0.09481216457960644,\"lavalinkLoad\":2.535239833688267E-4},\"op\":\"stats\"}"}
{"level":20,"time":1674869008741,"pid":2744,"hostname":"DESKTOP-II87B4O","msg":"Node \"Lightning Node 1\" debug: connection: lavaclient <<< stats: {\"players\":1,\"playingPlayers\":0,\"uptime\":258269994,\"memory\":{\"free\":36543992,\"used\":66085384,\"allocated\":102629376,\"reservable\":139919360},\"cpu\":{\"cores\":2,\"systemLoad\":0.09577177789098319,\"lavalinkLoad\":2.5275502982509353E-4},\"op\":\"stats\"}"}
{"level":20,"time":1674869068736,"pid":2744,"hostname":"DESKTOP-II87B4O","msg":"Node \"Lightning Node 2\" debug: connection: lavaclient <<< stats: {\"players\":0,\"playingPlayers\":0,\"uptime\":258938582,\"memory\":{\"free\":31013520,\"used\":75629936,\"allocated\":106643456,\"reservable\":285868032},\"cpu\":{\"cores\":2,\"systemLoad\":0.03279528567768383,\"lavalinkLoad\":0.0},\"op\":\"stats\"}"}
{"level":20,"time":1674869068743,"pid":2744,"hostname":"DESKTOP-II87B4O","msg":"Node \"Lightning Node 1\" debug: connection: lavaclient <<< stats: {\"players\":1,\"playingPlayers\":0,\"uptime\":258329994,\"memory\":{\"free\":32287312,\"used\":70342064,\"allocated\":102629376,\"reservable\":139919360},\"cpu\":{\"cores\":2,\"systemLoad\":0.03269476372924649,\"lavalinkLoad\":0.0},\"op\":\"stats\"}"}
{"level":20,"time":1674869128745,"pid":2744,"hostname":"DESKTOP-II87B4O","msg":"Node \"Lightning Node 2\" debug: connection: lavaclient <<< stats: {\"players\":0,\"playingPlayers\":0,\"uptime\":258998582,\"memory\":{\"free\":56003280,\"used\":50640176,\"allocated\":106643456,\"reservable\":285868032},\"cpu\":{\"cores\":2,\"systemLoad\":0.04708290685772774,\"lavalinkLoad\":0.0},\"op\":\"stats\"}"}
{"level":20,"time":1674869128746,"pid":2744,"hostname":"DESKTOP-II87B4O","msg":"Node \"Lightning Node 1\" debug: connection: lavaclient <<< stats: {\"players\":1,\"playingPlayers\":0,\"uptime\":258389994,\"memory\":{\"free\":28153632,\"used\":74475744,\"allocated\":102629376,\"reservable\":139919360},\"cpu\":{\"cores\":2,\"systemLoad\":0.0469507527430467,\"lavalinkLoad\":2.5275502982509353E-4},\"op\":\"stats\"}"}
{"level":20,"time":1674869188743,"pid":2744,"hostname":"DESKTOP-II87B4O","msg":"Node \"Lightning Node 2\" debug: connection: lavaclient <<< stats: {\"players\":0,\"playingPlayers\":0,\"uptime\":259058582,\"memory\":{\"free\":51307784,\"used\":55335672,\"allocated\":106643456,\"reservable\":285868032},\"cpu\":{\"cores\":2,\"systemLoad\":0.026396719630958482,\"lavalinkLoad\":0.0},\"op\":\"stats\"}"}
{"level":20,"time":1674869188747,"pid":2744,"hostname":"DESKTOP-II87B4O","msg":"Node \"Lightning Node 1\" debug: connection: lavaclient <<< stats: {\"players\":1,\"playingPlayers\":0,\"uptime\":258449994,\"memory\":{\"free\":23984960,\"used\":78644416,\"allocated\":102629376,\"reservable\":139919360},\"cpu\":{\"cores\":2,\"systemLoad\":0.026322514694607717,\"lavalinkLoad\":2.5275502982509353E-4},\"op\":\"stats\"}"}
{"level":20,"time":1674869248741,"pid":2744,"hostname":"DESKTOP-II87B4O","msg":"Node \"Lightning Node 2\" debug: connection: lavaclient <<< stats: {\"players\":0,\"playingPlayers\":0,\"uptime\":259118582,\"memory\":{\"free\":46867152,\"used\":59776304,\"allocated\":106643456,\"reservable\":285868032},\"cpu\":{\"cores\":2,\"systemLoad\":0.04293381037567084,\"lavalinkLoad\":0.0},\"op\":\"stats\"}"}
{"level":20,"time":1674869248747,"pid":2744,"hostname":"DESKTOP-II87B4O","msg":"Node \"Lightning Node 1\" debug: connection: lavaclient <<< stats: {\"players\":1,\"playingPlayers\":0,\"uptime\":258509994,\"memory\":{\"free\":19718608,\"used\":82910768,\"allocated\":102629376,\"reservable\":139919360},\"cpu\":{\"cores\":2,\"systemLoad\":0.043057324840764334,\"lavalinkLoad\":2.5275502982509353E-4},\"op\":\"stats\"}"}
{"level":20,"time":1674869308743,"pid":2744,"hostname":"DESKTOP-II87B4O","msg":"Node \"Lightning Node 2\" debug: connection: lavaclient <<< stats: {\"players\":0,\"playingPlayers\":0,\"uptime\":259178582,\"memory\":{\"free\":42519936,\"used\":64123520,\"allocated\":106643456,\"reservable\":285868032},\"cpu\":{\"cores\":2,\"systemLoad\":0.026100307062436028,\"lavalinkLoad\":0.0},\"op\":\"stats\"}"}
{"level":20,"time":1674869308753,"pid":2744,"hostname":"DESKTOP-II87B4O","msg":"Node \"Lightning Node 1\" debug: connection: lavaclient <<< stats: {\"players\":1,\"playingPlayers\":0,\"uptime\":258569994,\"memory\":{\"free\":43718536,\"used\":58910840,\"allocated\":102629376,\"reservable\":139919360},\"cpu\":{\"cores\":2,\"systemLoad\":0.026027047716254147,\"lavalinkLoad\":2.5275502982509353E-4},\"op\":\"stats\"}"}
{"level":20,"time":1674869368743,"pid":2744,"hostname":"DESKTOP-II87B4O","msg":"Node \"Lightning Node 2\" debug: connection: lavaclient <<< stats: {\"players\":0,\"playingPlayers\":0,\"uptime\":259238582,\"memory\":{\"free\":38156592,\"used\":68486864,\"allocated\":106643456,\"reservable\":285868032},\"cpu\":{\"cores\":2,\"systemLoad\":0.026625704045058884,\"lavalinkLoad\":5.070479667376534E-4},\"op\":\"stats\"}"}
{"level":20,"time":1674869368750,"pid":2744,"hostname":"DESKTOP-II87B4O","msg":"Node \"Lightning Node 1\" debug: connection: lavaclient <<< stats: {\"players\":1,\"playingPlayers\":0,\"uptime\":258629994,\"memory\":{\"free\":39363168,\"used\":63266208,\"allocated\":102629376,\"reservable\":139919360},\"cpu\":{\"cores\":2,\"systemLoad\":0.02655093183558846,\"lavalinkLoad\":0.0},\"op\":\"stats\"}"}
{"level":20,"time":1674869428745,"pid":2744,"hostname":"DESKTOP-II87B4O","msg":"Node \"Lightning Node 2\" debug: connection: lavaclient <<< stats: {\"players\":0,\"playingPlayers\":0,\"uptime\":259298582,\"memory\":{\"free\":33687288,\"used\":72956168,\"allocated\":106643456,\"reservable\":285868032},\"cpu\":{\"cores\":2,\"systemLoad\":0.03379416282642089,\"lavalinkLoad\":0.0},\"op\":\"stats\"}"}
{"level":20,"time":1674869428765,"pid":2744,"hostname":"DESKTOP-II87B4O","msg":"Node \"Lightning Node 1\" debug: connection: lavaclient <<< stats: {\"players\":1,\"playingPlayers\":0,\"uptime\":258689994,\"memory\":{\"free\":35149112,\"used\":67480264,\"allocated\":102629376,\"reservable\":139919360},\"cpu\":{\"cores\":2,\"systemLoad\":0.03369925963747766,\"lavalinkLoad\":2.5275502982509353E-4},\"op\":\"stats\"}"}
{"level":20,"time":1674869488746,"pid":2744,"hostname":"DESKTOP-II87B4O","msg":"Node \"Lightning Node 2\" debug: connection: lavaclient <<< stats: {\"players\":0,\"playingPlayers\":0,\"uptime\":259358582,\"memory\":{\"free\":29288664,\"used\":77354792,\"allocated\":106643456,\"reservable\":285868032},\"cpu\":{\"cores\":2,\"systemLoad\":0.025857654889912953,\"lavalinkLoad\":0.0},\"op\":\"stats\"}"}
{"level":20,"time":1674869488755,"pid":2744,"hostname":"DESKTOP-II87B4O","msg":"Node \"Lightning Node 1\" debug: connection: lavaclient <<< stats: {\"players\":1,\"playingPlayers\":0,\"uptime\":258749994,\"memory\":{\"free\":30962328,\"used\":71667048,\"allocated\":102629376,\"reservable\":139919360},\"cpu\":{\"cores\":2,\"systemLoad\":0.025785039571100333,\"lavalinkLoad\":0.0},\"op\":\"stats\"}"}
{"level":20,"time":1674869548747,"pid":2744,"hostname":"DESKTOP-II87B4O","msg":"Node \"Lightning Node 2\" debug: connection: lavaclient <<< stats: {\"players\":0,\"playingPlayers\":0,\"uptime\":259418582,\"memory\":{\"free\":54117248,\"used\":52526208,\"allocated\":106643456,\"reservable\":285868032},\"cpu\":{\"cores\":2,\"systemLoad\":0.03354673495518566,\"lavalinkLoad\":0.0},\"op\":\"stats\"}"}
{"level":20,"time":1674869548754,"pid":2744,"hostname":"DESKTOP-II87B4O","msg":"Node \"Lightning Node 1\" debug: connection: lavaclient <<< stats: {\"players\":1,\"playingPlayers\":0,\"uptime\":258809994,\"memory\":{\"free\":26765024,\"used\":75864352,\"allocated\":102629376,\"reservable\":139919360},\"cpu\":{\"cores\":2,\"systemLoad\":0.033690658499234305,\"lavalinkLoad\":2.5275502982509353E-4},\"op\":\"stats\"}"}
{"level":20,"time":1674869608749,"pid":2744,"hostname":"DESKTOP-II87B4O","msg":"Node \"Lightning Node 2\" debug: connection: lavaclient <<< stats: {\"players\":0,\"playingPlayers\":0,\"uptime\":259478582,\"memory\":{\"free\":49628824,\"used\":57014632,\"allocated\":106643456,\"reservable\":285868032},\"cpu\":{\"cores\":2,\"systemLoad\":0.02914855535668627,\"lavalinkLoad\":0.0},\"op\":\"stats\"}"}
{"level":20,"time":1674869608755,"pid":2744,"hostname":"DESKTOP-II87B4O","msg":"Node \"Lightning Node 1\" debug: connection: lavaclient <<< stats: {\"players\":1,\"playingPlayers\":0,\"uptime\":258869995,\"memory\":{\"free\":22514208,\"used\":80115168,\"allocated\":102629376,\"reservable\":139919360},\"cpu\":{\"cores\":2,\"systemLoad\":0.029059393321437674,\"lavalinkLoad\":2.5275502982509353E-4},\"op\":\"stats\"}"}
{"level":20,"time":1674869668751,"pid":2744,"hostname":"DESKTOP-II87B4O","msg":"Node \"Lightning Node 2\" debug: connection: lavaclient <<< stats: {\"players\":0,\"playingPlayers\":0,\"uptime\":259538582,\"memory\":{\"free\":45240112,\"used\":61403344,\"allocated\":106643456,\"reservable\":285868032},\"cpu\":{\"cores\":2,\"systemLoad\":0.02660526988999744,\"lavalinkLoad\":0.0},\"op\":\"stats\"}"}
{"level":20,"time":1674869668756,"pid":2744,"hostname":"DESKTOP-II87B4O","msg":"Node \"Lightning Node 1\" debug: connection: lavaclient <<< stats: {\"players\":1,\"playingPlayers\":0,\"uptime\":258929994,\"memory\":{\"free\":18336472,\"used\":84292904,\"allocated\":102629376,\"reservable\":139919360},\"cpu\":{\"cores\":2,\"systemLoad\":0.026530612244897958,\"lavalinkLoad\":2.5275502982509353E-4},\"op\":\"stats\"}"}
{"level":20,"time":1674869728751,"pid":2744,"hostname":"DESKTOP-II87B4O","msg":"Node \"Lightning Node 2\" debug: connection: lavaclient <<< stats: {\"players\":0,\"playingPlayers\":0,\"uptime\":259598582,\"memory\":{\"free\":40765728,\"used\":65877728,\"allocated\":106643456,\"reservable\":285868032},\"cpu\":{\"cores\":2,\"systemLoad\":0.03246421267893661,\"lavalinkLoad\":0.0},\"op\":\"stats\"}"}
{"level":20,"time":1674869728758,"pid":2744,"hostname":"DESKTOP-II87B4O","msg":"Node \"Lightning Node 1\" debug: connection: lavaclient <<< stats: {\"players\":1,\"playingPlayers\":0,\"uptime\":258989994,\"memory\":{\"free\":42276936,\"used\":60352440,\"allocated\":102629376,\"reservable\":139919360},\"cpu\":{\"cores\":2,\"systemLoad\":0.03262809074687739,\"lavalinkLoad\":0.0},\"op\":\"stats\"}"}
{"level":20,"time":1674869788753,"pid":2744,"hostname":"DESKTOP-II87B4O","msg":"Node \"Lightning Node 2\" debug: connection: lavaclient <<< stats: {\"players\":0,\"playingPlayers\":0,\"uptime\":259658582,\"memory\":{\"free\":36374560,\"used\":70268896,\"allocated\":106643456,\"reservable\":285868032},\"cpu\":{\"cores\":2,\"systemLoad\":0.03551354113438937,\"lavalinkLoad\":2.535239833688267E-4},\"op\":\"stats\"}"}
{"level":20,"time":1674869788759,"pid":2744,"hostname":"DESKTOP-II87B4O","msg":"Node \"Lightning Node 1\" debug: connection: lavaclient <<< stats: {\"players\":1,\"playingPlayers\":0,\"uptime\":259049994,\"memory\":{\"free\":37994272,\"used\":64635104,\"allocated\":102629376,\"reservable\":139919360},\"cpu\":{\"cores\":2,\"systemLoad\":0.035696073431922486,\"lavalinkLoad\":2.5275502982509353E-4},\"op\":\"stats\"}"}
{"level":20,"time":1674869848754,"pid":2744,"hostname":"DESKTOP-II87B4O","msg":"Node \"Lightning Node 2\" debug: connection: lavaclient <<< stats: {\"players\":0,\"playingPlayers\":0,\"uptime\":259718582,\"memory\":{\"free\":31998768,\"used\":74644688,\"allocated\":106643456,\"reservable\":285868032},\"cpu\":{\"cores\":2,\"systemLoad\":0.031977487848554614,\"lavalinkLoad\":0.0},\"op\":\"stats\"}"}
{"level":20,"time":1674869848762,"pid":2744,"hostname":"DESKTOP-II87B4O","msg":"Node \"Lightning Node 1\" debug: connection: lavaclient <<< stats: {\"players\":1,\"playingPlayers\":0,\"uptime\":259109994,\"memory\":{\"free\":33828792,\"used\":68800584,\"allocated\":102629376,\"reservable\":139919360},\"cpu\":{\"cores\":2,\"systemLoad\":0.03188775510204082,\"lavalinkLoad\":0.0},\"op\":\"stats\"}"}
{"level":20,"time":1674869908757,"pid":2744,"hostname":"DESKTOP-II87B4O","msg":"Node \"Lightning Node 2\" debug: connection: lavaclient <<< stats: {\"players\":0,\"playingPlayers\":0,\"uptime\":259778582,\"memory\":{\"free\":27559536,\"used\":79083920,\"allocated\":106643456,\"reservable\":285868032},\"cpu\":{\"cores\":2,\"systemLoad\":0.02434025108890597,\"lavalinkLoad\":0.0},\"op\":\"stats\"}"}
{"level":20,"time":1674869908762,"pid":2744,"hostname":"DESKTOP-II87B4O","msg":"Node \"Lightning Node 1\" debug: connection: lavaclient <<< stats: {\"players\":1,\"playingPlayers\":0,\"uptime\":259169994,\"memory\":{\"free\":29666600,\"used\":72962776,\"allocated\":102629376,\"reservable\":139919360},\"cpu\":{\"cores\":2,\"systemLoad\":0.024271844660194174,\"lavalinkLoad\":0.0},\"op\":\"stats\"}"}
{"level":20,"time":1674869968758,"pid":2744,"hostname":"DESKTOP-II87B4O","msg":"Node \"Lightning Node 2\" debug: connection: lavaclient <<< stats: {\"players\":0,\"playingPlayers\":0,\"uptime\":259838582,\"memory\":{\"free\":52307272,\"used\":54336184,\"allocated\":106643456,\"reservable\":285868032},\"cpu\":{\"cores\":2,\"systemLoad\":0.03076134324532171,\"lavalinkLoad\":0.0},\"op\":\"stats\"}"}
{"level":20,"time":1674869968763,"pid":2744,"hostname":"DESKTOP-II87B4O","msg":"Node \"Lightning Node 1\" debug: connection: lavaclient <<< stats: {\"players\":1,\"playingPlayers\":0,\"uptime\":259229994,\"memory\":{\"free\":25364720,\"used\":77264656,\"allocated\":102629376,\"reservable\":139919360},\"cpu\":{\"cores\":2,\"systemLoad\":0.03067484662576687,\"lavalinkLoad\":2.5275502982509353E-4},\"op\":\"stats\"}"}
{"level":20,"time":1674870028758,"pid":2744,"hostname":"DESKTOP-II87B4O","msg":"Node \"Lightning Node 2\" debug: connection: lavaclient <<< stats: {\"players\":0,\"playingPlayers\":0,\"uptime\":259898582,\"memory\":{\"free\":47940200,\"used\":58703256,\"allocated\":106643456,\"reservable\":285868032},\"cpu\":{\"cores\":2,\"systemLoad\":0.03802960694231751,\"lavalinkLoad\":0.0},\"op\":\"stats\"}"}
{"level":20,"time":1674870028765,"pid":2744,"hostname":"DESKTOP-II87B4O","msg":"Node \"Lightning Node 1\" debug: connection: lavaclient <<< stats: {\"players\":1,\"playingPlayers\":0,\"uptime\":259289994,\"memory\":{\"free\":21187856,\"used\":81441520,\"allocated\":102629376,\"reservable\":139919360},\"cpu\":{\"cores\":2,\"systemLoad\":0.038432171035886996,\"lavalinkLoad\":2.5275502982509353E-4},\"op\":\"stats\"}"}
{"level":20,"time":1674870088759,"pid":2744,"hostname":"DESKTOP-II87B4O","msg":"Node \"Lightning Node 2\" debug: connection: lavaclient <<< stats: {\"players\":0,\"playingPlayers\":0,\"uptime\":259958582,\"memory\":{\"free\":43608888,\"used\":63034568,\"allocated\":106643456,\"reservable\":285868032},\"cpu\":{\"cores\":2,\"systemLoad\":0.036116803278688527,\"lavalinkLoad\":2.535239833688267E-4},\"op\":\"stats\"}"}
{"level":20,"time":1674870088780,"pid":2744,"hostname":"DESKTOP-II87B4O","msg":"Node \"Lightning Node 1\" debug: connection: lavaclient <<< stats: {\"players\":1,\"playingPlayers\":0,\"uptime\":259349994,\"memory\":{\"free\":45286328,\"used\":57343048,\"allocated\":102629376,\"reservable\":139919360},\"cpu\":{\"cores\":2,\"systemLoad\":0.03600612870275792,\"lavalinkLoad\":2.5275502982509353E-4},\"op\":\"stats\"}"}
{"level":20,"time":1674870148760,"pid":2744,"hostname":"DESKTOP-II87B4O","msg":"Node \"Lightning Node 2\" debug: connection: lavaclient <<< stats: {\"players\":0,\"playingPlayers\":0,\"uptime\":260018582,\"memory\":{\"free\":39104352,\"used\":67539104,\"allocated\":106643456,\"reservable\":285868032},\"cpu\":{\"cores\":2,\"systemLoad\":0.03529411764705882,\"lavalinkLoad\":0.0},\"op\":\"stats\"}"}
{"level":20,"time":1674870148769,"pid":2744,"hostname":"DESKTOP-II87B4O","msg":"Node \"Lightning Node 1\" debug: connection: lavaclient <<< stats: {\"players\":1,\"playingPlayers\":0,\"uptime\":259409994,\"memory\":{\"free\":40859744,\"used\":61769632,\"allocated\":102629376,\"reservable\":139919360},\"cpu\":{\"cores\":2,\"systemLoad\":0.03518612952575217,\"lavalinkLoad\":2.5275502982509353E-4},\"op\":\"stats\"}"}
{"level":20,"time":1674870208762,"pid":2744,"hostname":"DESKTOP-II87B4O","msg":"Node \"Lightning Node 2\" debug: connection: lavaclient <<< stats: {\"players\":0,\"playingPlayers\":0,\"uptime\":260078582,\"memory\":{\"free\":34714536,\"used\":71928920,\"allocated\":106643456,\"reservable\":285868032},\"cpu\":{\"cores\":2,\"systemLoad\":0.030745580322828592,\"lavalinkLoad\":0.0},\"op\":\"stats\"}"}
{"level":20,"time":1674870208772,"pid":2744,"hostname":"DESKTOP-II87B4O","msg":"Node \"Lightning Node 1\" debug: connection: lavaclient <<< stats: {\"players\":1,\"playingPlayers\":0,\"uptime\":259469994,\"memory\":{\"free\":36688064,\"used\":65941312,\"allocated\":102629376,\"reservable\":139919360},\"cpu\":{\"cores\":2,\"systemLoad\":0.030659172202350538,\"lavalinkLoad\":0.0},\"op\":\"stats\"}"}
{"level":20,"time":1674870268763,"pid":2744,"hostname":"DESKTOP-II87B4O","msg":"Node \"Lightning Node 2\" debug: connection: lavaclient <<< stats: {\"players\":0,\"playingPlayers\":0,\"uptime\":260138582,\"memory\":{\"free\":30384808,\"used\":76258648,\"allocated\":106643456,\"reservable\":285868032},\"cpu\":{\"cores\":2,\"systemLoad\":0.033785513181469155,\"lavalinkLoad\":0.0},\"op\":\"stats\"}"}
{"level":20,"time":1674870268772,"pid":2744,"hostname":"DESKTOP-II87B4O","msg":"Node \"Lightning Node 1\" debug: connection: lavaclient <<< stats: {\"players\":1,\"playingPlayers\":0,\"uptime\":259529994,\"memory\":{\"free\":32512696,\"used\":70116680,\"allocated\":102629376,\"reservable\":139919360},\"cpu\":{\"cores\":2,\"systemLoad\":0.03394589076059214,\"lavalinkLoad\":2.5275502982509353E-4},\"op\":\"stats\"}"}
{"level":20,"time":1674870328764,"pid":2744,"hostname":"DESKTOP-II87B4O","msg":"Node \"Lightning Node 2\" debug: connection: lavaclient <<< stats: {\"players\":0,\"playingPlayers\":0,\"uptime\":260198582,\"memory\":{\"free\":55258680,\"used\":51384776,\"allocated\":106643456,\"reservable\":285868032},\"cpu\":{\"cores\":2,\"systemLoad\":0.02435897435897436,\"lavalinkLoad\":0.0},\"op\":\"stats\"}"}
{"level":20,"time":1674870328771,"pid":2744,"hostname":"DESKTOP-II87B4O","msg":"Node \"Lightning Node 1\" debug: connection: lavaclient <<< stats: {\"players\":1,\"playingPlayers\":0,\"uptime\":259589994,\"memory\":{\"free\":28268896,\"used\":74360480,\"allocated\":102629376,\"reservable\":139919360},\"cpu\":{\"cores\":2,\"systemLoad\":0.024284253578732106,\"lavalinkLoad\":2.5275502982509353E-4},\"op\":\"stats\"}"}
{"level":20,"time":1674870388766,"pid":2744,"hostname":"DESKTOP-II87B4O","msg":"Node \"Lightning Node 2\" debug: connection: lavaclient <<< stats: {\"players\":0,\"playingPlayers\":0,\"uptime\":260258582,\"memory\":{\"free\":50678360,\"used\":55965096,\"allocated\":106643456,\"reservable\":285868032},\"cpu\":{\"cores\":2,\"systemLoad\":0.030427000767067246,\"lavalinkLoad\":2.535239833688267E-4},\"op\":\"stats\"}"}
{"level":20,"time":1674870388772,"pid":2744,"hostname":"DESKTOP-II87B4O","msg":"Node \"Lightning Node 1\" debug: connection: lavaclient <<< stats: {\"players\":1,\"playingPlayers\":0,\"uptime\":259649994,\"memory\":{\"free\":24048144,\"used\":78581232,\"allocated\":102629376,\"reservable\":139919360},\"cpu\":{\"cores\":2,\"systemLoad\":0.030341662417134114,\"lavalinkLoad\":0.0},\"op\":\"stats\"}"}
{"level":20,"time":1674870448767,"pid":2744,"hostname":"DESKTOP-II87B4O","msg":"Node \"Lightning Node 2\" debug: connection: lavaclient <<< stats: {\"players\":0,\"playingPlayers\":0,\"uptime\":260318582,\"memory\":{\"free\":46333264,\"used\":60310192,\"allocated\":106643456,\"reservable\":285868032},\"cpu\":{\"cores\":2,\"systemLoad\":0.037103377686796314,\"lavalinkLoad\":0.0},\"op\":\"stats\"}"}
{"level":20,"time":1674870448773,"pid":2744,"hostname":"DESKTOP-II87B4O","msg":"Node \"Lightning Node 1\" debug: connection: lavaclient <<< stats: {\"players\":1,\"playingPlayers\":0,\"uptime\":259709994,\"memory\":{\"free\":19824384,\"used\":82804992,\"allocated\":102629376,\"reservable\":139919360},\"cpu\":{\"cores\":2,\"systemLoad\":0.037244897959183676,\"lavalinkLoad\":0.0},\"op\":\"stats\"}"}
{"level":20,"time":1674870508768,"pid":2744,"hostname":"DESKTOP-II87B4O","msg":"Node \"Lightning Node 2\" debug: connection: lavaclient <<< stats: {\"players\":0,\"playingPlayers\":0,\"uptime\":260378582,\"memory\":{\"free\":41878808,\"used\":64764648,\"allocated\":106643456,\"reservable\":285868032},\"cpu\":{\"cores\":2,\"systemLoad\":0.03795845088484227,\"lavalinkLoad\":0.0},\"op\":\"stats\"}"}
{"level":20,"time":1674870508786,"pid":2744,"hostname":"DESKTOP-II87B4O","msg":"Node \"Lightning Node 1\" debug: connection: lavaclient <<< stats: {\"players\":1,\"playingPlayers\":0,\"uptime\":259769994,\"memory\":{\"free\":43766200,\"used\":58863176,\"allocated\":102629376,\"reservable\":139919360},\"cpu\":{\"cores\":2,\"systemLoad\":0.038864740475581694,\"lavalinkLoad\":2.5275502982509353E-4},\"op\":\"stats\"}"}
{"level":30,"time":1674871468506,"pid":5124,"hostname":"DESKTOP-II87B4O","msg":"Loading commands..."}
{"level":20,"time":1674871468527,"pid":5124,"hostname":"DESKTOP-II87B4O","msg":"Skipping command announce. Disabled!"}
{"level":20,"time":1674871468601,"pid":5124,"hostname":"DESKTOP-II87B4O","msg":"Skipping command roles-menu. Disabled!"}
{"level":20,"time":1674871468716,"pid":5124,"hostname":"DESKTOP-II87B4O","msg":"Skipping command trick-or-treat. Disabled!"}
{"level":20,"time":1674871468716,"pid":5124,"hostname":"DESKTOP-II87B4O","msg":"Skipping slash command trick-or-treat. Disabled!"}
{"level":20,"time":1674871469297,"pid":5124,"hostname":"DESKTOP-II87B4O","msg":"Skipping command giveaway. Disabled!"}
{"level":20,"time":1674871469305,"pid":5124,"hostname":"DESKTOP-II87B4O","msg":"Skipping command changelog. Disabled!"}
{"level":20,"time":1674871469313,"pid":5124,"hostname":"DESKTOP-II87B4O","msg":"Skipping slash command avatar. Disabled!"}
{"level":20,"time":1674871469314,"pid":5124,"hostname":"DESKTOP-II87B4O","msg":"Skipping slash command botinvite. Disabled!"}
{"level":20,"time":1674871469317,"pid":5124,"hostname":"DESKTOP-II87B4O","msg":"Skipping slash command botstats. Disabled!"}
{"level":20,"time":1674871469320,"pid":5124,"hostname":"DESKTOP-II87B4O","msg":"Skipping slash command channelinfo. Disabled!"}
{"level":20,"time":1674871469322,"pid":5124,"hostname":"DESKTOP-II87B4O","msg":"Skipping slash command emojiinfo. Disabled!"}
{"level":20,"time":1674871469334,"pid":5124,"hostname":"DESKTOP-II87B4O","msg":"Skipping slash command guildinfo. Disabled!"}
{"level":20,"time":1674871469335,"pid":5124,"hostname":"DESKTOP-II87B4O","msg":"Skipping slash command uptime. Disabled!"}
{"level":20,"time":1674871469336,"pid":5124,"hostname":"DESKTOP-II87B4O","msg":"Skipping slash command userinfo. Disabled!"}
{"level":20,"time":1674871469341,"pid":5124,"hostname":"DESKTOP-II87B4O","msg":"Skipping command bot. Disabled!"}
{"level":20,"time":1674871469343,"pid":5124,"hostname":"DESKTOP-II87B4O","msg":"Skipping command info. Disabled!"}
{"level":20,"time":1674871469359,"pid":5124,"hostname":"DESKTOP-II87B4O","msg":"Skipping command channel. Disabled!"}
{"level":20,"time":1674871469362,"pid":5124,"hostname":"DESKTOP-II87B4O","msg":"Skipping slash command deafen. Disabled!"}
{"level":20,"time":1674871469365,"pid":5124,"hostname":"DESKTOP-II87B4O","msg":"Skipping slash command disconnect. Disabled!"}
{"level":20,"time":1674871469367,"pid":5124,"hostname":"DESKTOP-II87B4O","msg":"Skipping slash command move. Disabled!"}
{"level":20,"time":1674871469368,"pid":5124,"hostname":"DESKTOP-II87B4O","msg":"Skipping slash command purge. Disabled!"}
{"level":20,"time":1674871469372,"pid":5124,"hostname":"DESKTOP-II87B4O","msg":"Skipping slash command purgeattach. Disabled!"}
{"level":20,"time":1674871469373,"pid":5124,"hostname":"DESKTOP-II87B4O","msg":"Skipping slash command purgebots. Disabled!"}
{"level":20,"time":1674871469374,"pid":5124,"hostname":"DESKTOP-II87B4O","msg":"Skipping slash command purgelinks. Disabled!"}
{"level":20,"time":1674871469375,"pid":5124,"hostname":"DESKTOP-II87B4O","msg":"Skipping slash command purgetoken. Disabled!"}
{"level":20,"time":1674871469376,"pid":5124,"hostname":"DESKTOP-II87B4O","msg":"Skipping slash command purgeuser. Disabled!"}
{"level":20,"time":1674871469378,"pid":5124,"hostname":"DESKTOP-II87B4O","msg":"Skipping slash command undeafen. Disabled!"}
{"level":20,"time":1674871469379,"pid":5124,"hostname":"DESKTOP-II87B4O","msg":"Skipping slash command vmute. Disabled!"}
{"level":20,"time":1674871469381,"pid":5124,"hostname":"DESKTOP-II87B4O","msg":"Skipping slash command vunmute. Disabled!"}
{"level":20,"time":1674871469383,"pid":5124,"hostname":"DESKTOP-II87B4O","msg":"Skipping command role. Disabled!"}
{"level":20,"time":1674871469385,"pid":5124,"hostname":"DESKTOP-II87B4O","msg":"Skipping command purge. Disabled!"}
{"level":20,"time":1674871469387,"pid":5124,"hostname":"DESKTOP-II87B4O","msg":"Skipping command voice. Disabled!"}
{"level":20,"time":1674871469416,"pid":5124,"hostname":"DESKTOP-II87B4O","msg":"Skipping slash command blacklist. Disabled!"}
{"level":20,"time":1674871469417,"pid":5124,"hostname":"DESKTOP-II87B4O","msg":"Skipping slash command emit. Disabled!"}
{"level":20,"time":1674871469418,"pid":5124,"hostname":"DESKTOP-II87B4O","msg":"Skipping slash command eval. Disabled!"}
{"level":20,"time":1674871469419,"pid":5124,"hostname":"DESKTOP-II87B4O","msg":"Skipping slash command leaveserver. Disabled!"}
{"level":20,"time":1674871469420,"pid":5124,"hostname":"DESKTOP-II87B4O","msg":"Skipping slash command listservers. Disabled!"}
{"level":30,"time":1674871469454,"pid":5124,"hostname":"DESKTOP-II87B4O","msg":"Loaded 114 commands"}
{"level":30,"time":1674871469455,"pid":5124,"hostname":"DESKTOP-II87B4O","msg":"Loaded 99 slash commands"}
{"level":30,"time":1674871469455,"pid":5124,"hostname":"DESKTOP-II87B4O","msg":"Loading contexts..."}
{"level":30,"time":1674871469457,"pid":5124,"hostname":"DESKTOP-II87B4O","msg":"Loaded 0 USER contexts"}
{"level":30,"time":1674871469457,"pid":5124,"hostname":"DESKTOP-II87B4O","msg":"Loaded 0 MESSAGE contexts"}
{"level":30,"time":1674871469457,"pid":5124,"hostname":"DESKTOP-II87B4O","msg":"Loading events..."}
{"level":30,"time":1674871469586,"pid":5124,"hostname":"DESKTOP-II87B4O","msg":"Loaded 26 events. Success (26) Failed (0)"}
{"level":30,"time":1674871469586,"pid":5124,"hostname":"DESKTOP-II87B4O","msg":"Connecting to MongoDb..."}
{"level":30,"time":1674871469604,"pid":5124,"hostname":"DESKTOP-II87B4O","msg":"Downtime alerts started on 25999"}
{"level":30,"time":1674871470992,"pid":5124,"hostname":"DESKTOP-II87B4O","msg":"Mongoose: Database connection established"}
{"level":30,"time":1674871470992,"pid":5124,"hostname":"DESKTOP-II87B4O","msg":"Launching dashboard"}
{"level":30,"time":1674871471034,"pid":5124,"hostname":"DESKTOP-II87B4O","msg":"Connecting to MongoDb..."}
{"level":30,"time":1674871471035,"pid":5124,"hostname":"DESKTOP-II87B4O","msg":"Mongoose: Database connection established"}
{"level":30,"time":1674871471054,"pid":5124,"hostname":"DESKTOP-II87B4O","msg":"Lightning dashboard is listening on port 8080"}
{"level":30,"time":1674871476816,"pid":5124,"hostname":"DESKTOP-II87B4O","msg":"Logged in as Elon's Testing Bot#6842! (1024458057188659293)"}
{"level":20,"time":1674871476817,"pid":5124,"hostname":"DESKTOP-II87B4O","msg":"Node \"Lightning Node 1\" debug: connection: creating websocket..."}
{"level":20,"time":1674871476818,"pid":5124,"hostname":"DESKTOP-II87B4O","msg":"Node \"Lightning Node 2\" debug: connection: creating websocket..."}
{"level":30,"time":1674871476819,"pid":5124,"hostname":"DESKTOP-II87B4O","msg":"Music Manager initialized"}
{"level":20,"time":1674871477230,"pid":5124,"hostname":"DESKTOP-II87B4O","msg":"Node \"Lightning Node 2\" debug: connection: lavaclient <<< ready: {\"resumed\":false,\"sessionId\":\"1sl1rym5jt6iqfxc\",\"op\":\"ready\"}"}
{"level":20,"time":1674871477230,"pid":5124,"hostname":"DESKTOP-II87B4O","msg":"Node \"Lightning Node 2\" debug: connection: lavaclient <<< stats: {\"players\":0,\"playingPlayers\":0,\"uptime\":261347027,\"memory\":{\"free\":28309472,\"used\":78333984,\"allocated\":106643456,\"reservable\":285868032},\"cpu\":{\"cores\":2,\"systemLoad\":0.03434562545191613,\"lavalinkLoad\":3.932672644329086E-4},\"op\":\"stats\"}"}
{"level":20,"time":1674871477230,"pid":5124,"hostname":"DESKTOP-II87B4O","msg":"Node \"Lightning Node 2\" connected"}
{"level":20,"time":1674871477230,"pid":5124,"hostname":"DESKTOP-II87B4O","msg":"Node \"Lightning Node 2\" debug: connection: connected in 411ms"}
{"level":20,"time":1674871477244,"pid":5124,"hostname":"DESKTOP-II87B4O","msg":"Node \"Lightning Node 1\" debug: connection: lavaclient <<< ready: {\"resumed\":false,\"sessionId\":\"ehrtk6gi6sleo3io\",\"op\":\"ready\"}"}
{"level":20,"time":1674871477245,"pid":5124,"hostname":"DESKTOP-II87B4O","msg":"Node \"Lightning Node 1\" debug: connection: lavaclient <<< stats: {\"players\":1,\"playingPlayers\":0,\"uptime\":260738442,\"memory\":{\"free\":30886360,\"used\":71743016,\"allocated\":102629376,\"reservable\":139919360},\"cpu\":{\"cores\":2,\"systemLoad\":0.034532374100719423,\"lavalinkLoad\":3.9142007202129324E-4},\"op\":\"stats\"}"}
{"level":20,"time":1674871477245,"pid":5124,"hostname":"DESKTOP-II87B4O","msg":"Node \"Lightning Node 1\" connected"}
{"level":20,"time":1674871477245,"pid":5124,"hostname":"DESKTOP-II87B4O","msg":"Node \"Lightning Node 1\" debug: connection: connected in 427ms"}
{"level":30,"time":1674871477262,"pid":5124,"hostname":"DESKTOP-II87B4O","msg":"Successfully registered interactions"}
{"level":30,"time":1674871477349,"pid":5124,"hostname":"DESKTOP-II87B4O","msg":"Total Clusters: 1"}
{"level":30,"time":1674871477350,"pid":5124,"hostname":"DESKTOP-II87B4O","msg":"Connected to cluster 0"}
{"level":30,"time":1674871477350,"pid":5124,"hostname":"DESKTOP-II87B4O","msg":"Total Shards: 2"}
{"level":30,"time":1674871477357,"pid":5124,"hostname":"DESKTOP-II87B4O","msg":"3 total guilds"}
{"level":20,"time":1674871537229,"pid":5124,"hostname":"DESKTOP-II87B4O","msg":"Node \"Lightning Node 2\" debug: connection: lavaclient <<< stats: {\"players\":0,\"playingPlayers\":0,\"uptime\":261407027,\"memory\":{\"free\":52845768,\"used\":53797688,\"allocated\":106643456,\"reservable\":285868032},\"cpu\":{\"cores\":2,\"systemLoad\":0.03399638336347197,\"lavalinkLoad\":0.0},\"op\":\"stats\"}"}
{"level":20,"time":1674871537244,"pid":5124,"hostname":"DESKTOP-II87B4O","msg":"Node \"Lightning Node 1\" debug: connection: lavaclient <<< stats: {\"players\":1,\"playingPlayers\":0,\"uptime\":260798442,\"memory\":{\"free\":26532256,\"used\":76097120,\"allocated\":102629376,\"reservable\":139919360},\"cpu\":{\"cores\":2,\"systemLoad\":0.033837293016558675,\"lavalinkLoad\":0.0},\"op\":\"stats\"}"}
{"level":20,"time":1674871597230,"pid":5124,"hostname":"DESKTOP-II87B4O","msg":"Node \"Lightning Node 2\" debug: connection: lavaclient <<< stats: {\"players\":0,\"playingPlayers\":0,\"uptime\":261467027,\"memory\":{\"free\":48261424,\"used\":58382032,\"allocated\":106643456,\"reservable\":285868032},\"cpu\":{\"cores\":2,\"systemLoad\":0.05730866884294523,\"lavalinkLoad\":3.932672644329086E-4},\"op\":\"stats\"}"}
{"level":20,"time":1674871597245,"pid":5124,"hostname":"DESKTOP-II87B4O","msg":"Node \"Lightning Node 1\" debug: connection: lavaclient <<< stats: {\"players\":1,\"playingPlayers\":0,\"uptime\":260858442,\"memory\":{\"free\":22136328,\"used\":80493048,\"allocated\":102629376,\"reservable\":139919360},\"cpu\":{\"cores\":2,\"systemLoad\":0.05703971119133574,\"lavalinkLoad\":0.0},\"op\":\"stats\"}"}
{"level":20,"time":1674871657232,"pid":5124,"hostname":"DESKTOP-II87B4O","msg":"Node \"Lightning Node 2\" debug: connection: lavaclient <<< stats: {\"players\":0,\"playingPlayers\":0,\"uptime\":261527027,\"memory\":{\"free\":43791544,\"used\":62851912,\"allocated\":106643456,\"reservable\":285868032},\"cpu\":{\"cores\":2,\"systemLoad\":0.05278380332610268,\"lavalinkLoad\":0.0},\"op\":\"stats\"}"}
{"level":20,"time":1674871657247,"pid":5124,"hostname":"DESKTOP-II87B4O","msg":"Node \"Lightning Node 1\" debug: connection: lavaclient <<< stats: {\"players\":1,\"playingPlayers\":0,\"uptime\":260918442,\"memory\":{\"free\":17798760,\"used\":84830616,\"allocated\":102629376,\"reservable\":139919360},\"cpu\":{\"cores\":2,\"systemLoad\":0.0525368837711407,\"lavalinkLoad\":0.0},\"op\":\"stats\"}"}
{"level":20,"time":1674871717248,"pid":5124,"hostname":"DESKTOP-II87B4O","msg":"Node \"Lightning Node 2\" debug: connection: lavaclient <<< stats: {\"players\":0,\"playingPlayers\":0,\"uptime\":261587027,\"memory\":{\"free\":39230568,\"used\":67412888,\"allocated\":106643456,\"reservable\":285868032},\"cpu\":{\"cores\":2,\"systemLoad\":0.06462093862815885,\"lavalinkLoad\":0.0},\"op\":\"stats\"}"}
{"level":20,"time":1674871717282,"pid":5124,"hostname":"DESKTOP-II87B4O","msg":"Node \"Lightning Node 1\" debug: connection: lavaclient <<< stats: {\"players\":1,\"playingPlayers\":0,\"uptime\":260978442,\"memory\":{\"free\":41350456,\"used\":61278920,\"allocated\":102629376,\"reservable\":139919360},\"cpu\":{\"cores\":2,\"systemLoad\":0.06535008976660682,\"lavalinkLoad\":3.9142007202129324E-4},\"op\":\"stats\"}"}
{"level":20,"time":1674871777244,"pid":5124,"hostname":"DESKTOP-II87B4O","msg":"Node \"Lightning Node 2\" debug: connection: lavaclient <<< stats: {\"players\":0,\"playingPlayers\":0,\"uptime\":261647027,\"memory\":{\"free\":34535720,\"used\":72107736,\"allocated\":106643456,\"reservable\":285868032},\"cpu\":{\"cores\":2,\"systemLoad\":0.05771324863883848,\"lavalinkLoad\":0.0},\"op\":\"stats\"}"}
{"level":20,"time":1674871777249,"pid":5124,"hostname":"DESKTOP-II87B4O","msg":"Node \"Lightning Node 1\" debug: connection: lavaclient <<< stats: {\"players\":1,\"playingPlayers\":0,\"uptime\":261038442,\"memory\":{\"free\":37025392,\"used\":65603984,\"allocated\":102629376,\"reservable\":139919360},\"cpu\":{\"cores\":2,\"systemLoad\":0.05740072202166065,\"lavalinkLoad\":0.0},\"op\":\"stats\"}"}
{"level":20,"time":1674871835647,"pid":5124,"hostname":"DESKTOP-II87B4O","msg":"Node \"Lightning Node 2\" debug: connection: lavaclient <<< stats: {\"players\":0,\"playingPlayers\":0,\"uptime\":261707027,\"memory\":{\"free\":30110840,\"used\":76532616,\"allocated\":106643456,\"reservable\":285868032},\"cpu\":{\"cores\":2,\"systemLoad\":0.06702898550724638,\"lavalinkLoad\":0.0},\"op\":\"stats\"}"}
{"level":20,"time":1674871835662,"pid":5124,"hostname":"DESKTOP-II87B4O","msg":"Node \"Lightning Node 1\" debug: connection: lavaclient <<< stats: {\"players\":1,\"playingPlayers\":0,\"uptime\":261098442,\"memory\":{\"free\":32707344,\"used\":69922032,\"allocated\":102629376,\"reservable\":139919360},\"cpu\":{\"cores\":2,\"systemLoad\":0.06666666666666667,\"lavalinkLoad\":0.0},\"op\":\"stats\"}"}
{"level":20,"time":1674871895648,"pid":5124,"hostname":"DESKTOP-II87B4O","msg":"Node \"Lightning Node 2\" debug: connection: lavaclient <<< stats: {\"players\":0,\"playingPlayers\":0,\"uptime\":261767027,\"memory\":{\"free\":54881208,\"used\":51762248,\"allocated\":106643456,\"reservable\":285868032},\"cpu\":{\"cores\":2,\"systemLoad\":0.04887762490948588,\"lavalinkLoad\":0.0},\"op\":\"stats\"}"}
{"level":20,"time":1674871895663,"pid":5124,"hostname":"DESKTOP-II87B4O","msg":"Node \"Lightning Node 1\" debug: connection: lavaclient <<< stats: {\"players\":1,\"playingPlayers\":0,\"uptime\":261158442,\"memory\":{\"free\":28220568,\"used\":74408808,\"allocated\":102629376,\"reservable\":139919360},\"cpu\":{\"cores\":2,\"systemLoad\":0.04863112391930836,\"lavalinkLoad\":0.0},\"op\":\"stats\"}"}
{"level":20,"time":1674871955649,"pid":5124,"hostname":"DESKTOP-II87B4O","msg":"Node \"Lightning Node 2\" debug: connection: lavaclient <<< stats: {\"players\":0,\"playingPlayers\":0,\"uptime\":261827027,\"memory\":{\"free\":50202232,\"used\":56441224,\"allocated\":106643456,\"reservable\":285868032},\"cpu\":{\"cores\":2,\"systemLoad\":0.035144927536231885,\"lavalinkLoad\":3.932672644329086E-4},\"op\":\"stats\"}"}
{"level":20,"time":1674871955665,"pid":5124,"hostname":"DESKTOP-II87B4O","msg":"Node \"Lightning Node 1\" debug: connection: lavaclient <<< stats: {\"players\":1,\"playingPlayers\":0,\"uptime\":261218442,\"memory\":{\"free\":23855784,\"used\":78773592,\"allocated\":102629376,\"reservable\":139919360},\"cpu\":{\"cores\":2,\"systemLoad\":0.03495495495495495,\"lavalinkLoad\":0.0},\"op\":\"stats\"}"}
{"level":20,"time":1674872015651,"pid":5124,"hostname":"DESKTOP-II87B4O","msg":"Node \"Lightning Node 2\" debug: connection: lavaclient <<< stats: {\"players\":0,\"playingPlayers\":0,\"uptime\":261887027,\"memory\":{\"free\":45564632,\"used\":61078824,\"allocated\":106643456,\"reservable\":285868032},\"cpu\":{\"cores\":2,\"systemLoad\":0.035830618892508145,\"lavalinkLoad\":0.0},\"op\":\"stats\"}"}
{"level":20,"time":1674872015666,"pid":5124,"hostname":"DESKTOP-II87B4O","msg":"Node \"Lightning Node 1\" debug: connection: lavaclient <<< stats: {\"players\":1,\"playingPlayers\":0,\"uptime\":261278442,\"memory\":{\"free\":19416888,\"used\":83212488,\"allocated\":102629376,\"reservable\":139919360},\"cpu\":{\"cores\":2,\"systemLoad\":0.035649981994958585,\"lavalinkLoad\":0.0},\"op\":\"stats\"}"}
{"level":20,"time":1674872075652,"pid":5124,"hostname":"DESKTOP-II87B4O","msg":"Node \"Lightning Node 2\" debug: connection: lavaclient <<< stats: {\"players\":0,\"playingPlayers\":0,\"uptime\":261947027,\"memory\":{\"free\":41004144,\"used\":65639312,\"allocated\":106643456,\"reservable\":285868032},\"cpu\":{\"cores\":2,\"systemLoad\":0.03474484256243214,\"lavalinkLoad\":0.0},\"op\":\"stats\"}"}
{"level":20,"time":1674872075668,"pid":5124,"hostname":"DESKTOP-II87B4O","msg":"Node \"Lightning Node 1\" debug: connection: lavaclient <<< stats: {\"players\":1,\"playingPlayers\":0,\"uptime\":261338442,\"memory\":{\"free\":43246592,\"used\":59382784,\"allocated\":102629376,\"reservable\":139919360},\"cpu\":{\"cores\":2,\"systemLoad\":0.03456967951026287,\"lavalinkLoad\":0.0},\"op\":\"stats\"}"}
{"level":20,"time":1674872135653,"pid":5124,"hostname":"DESKTOP-II87B4O","msg":"Node \"Lightning Node 2\" debug: connection: lavaclient <<< stats: {\"players\":0,\"playingPlayers\":0,\"uptime\":262007027,\"memory\":{\"free\":36487160,\"used\":70156296,\"allocated\":106643456,\"reservable\":285868032},\"cpu\":{\"cores\":2,\"systemLoad\":0.04657039711191336,\"lavalinkLoad\":0.0},\"op\":\"stats\"}"}
{"level":20,"time":1674872135670,"pid":5124,"hostname":"DESKTOP-II87B4O","msg":"Node \"Lightning Node 1\" debug: connection: lavaclient <<< stats: {\"players\":1,\"playingPlayers\":0,\"uptime\":261398442,\"memory\":{\"free\":38793832,\"used\":63835544,\"allocated\":102629376,\"reservable\":139919360},\"cpu\":{\"cores\":2,\"systemLoad\":0.04633620689655173,\"lavalinkLoad\":3.9142007202129324E-4},\"op\":\"stats\"}"}
{"level":20,"time":1674872195655,"pid":5124,"hostname":"DESKTOP-II87B4O","msg":"Node \"Lightning Node 2\" debug: connection: lavaclient <<< stats: {\"players\":0,\"playingPlayers\":0,\"uptime\":262067027,\"memory\":{\"free\":31830080,\"used\":74813376,\"allocated\":106643456,\"reservable\":285868032},\"cpu\":{\"cores\":2,\"systemLoad\":0.03108059269967474,\"lavalinkLoad\":0.0},\"op\":\"stats\"}"}
{"level":20,"time":1674872195672,"pid":5124,"hostname":"DESKTOP-II87B4O","msg":"Node \"Lightning Node 1\" debug: connection: lavaclient <<< stats: {\"players\":1,\"playingPlayers\":0,\"uptime\":261458442,\"memory\":{\"free\":34441176,\"used\":68188200,\"allocated\":102629376,\"reservable\":139919360},\"cpu\":{\"cores\":2,\"systemLoad\":0.030924128011506652,\"lavalinkLoad\":0.0},\"op\":\"stats\"}"}
{"level":20,"time":1674872255656,"pid":5124,"hostname":"DESKTOP-II87B4O","msg":"Node \"Lightning Node 2\" debug: connection: lavaclient <<< stats: {\"players\":0,\"playingPlayers\":0,\"uptime\":262127027,\"memory\":{\"free\":56714808,\"used\":49928648,\"allocated\":106643456,\"reservable\":285868032},\"cpu\":{\"cores\":2,\"systemLoad\":0.026458861906487857,\"lavalinkLoad\":3.932672644329086E-4},\"op\":\"stats\"}"}
{"level":20,"time":1674872255673,"pid":5124,"hostname":"DESKTOP-II87B4O","msg":"Node \"Lightning Node 1\" debug: connection: lavaclient <<< stats: {\"players\":1,\"playingPlayers\":0,\"uptime\":261518442,\"memory\":{\"free\":30098384,\"used\":72530992,\"allocated\":102629376,\"reservable\":139919360},\"cpu\":{\"cores\":2,\"systemLoad\":0.02631578947368421,\"lavalinkLoad\":0.0},\"op\":\"stats\"}"}
{"level":20,"time":1674872315657,"pid":5124,"hostname":"DESKTOP-II87B4O","msg":"Node \"Lightning Node 2\" debug: connection: lavaclient <<< stats: {\"players\":0,\"playingPlayers\":0,\"uptime\":262187027,\"memory\":{\"free\":51787432,\"used\":54856024,\"allocated\":106643456,\"reservable\":285868032},\"cpu\":{\"cores\":2,\"systemLoad\":0.03837798696596669,\"lavalinkLoad\":0.0},\"op\":\"stats\"}"}
{"level":20,"time":1674872315673,"pid":5124,"hostname":"DESKTOP-II87B4O","msg":"Node \"Lightning Node 1\" debug: connection: lavaclient <<< stats: {\"players\":1,\"playingPlayers\":0,\"uptime\":261578442,\"memory\":{\"free\":25693928,\"used\":76935448,\"allocated\":102629376,\"reservable\":139919360},\"cpu\":{\"cores\":2,\"systemLoad\":0.03818443804034582,\"lavalinkLoad\":0.0},\"op\":\"stats\"}"}
{"level":20,"time":1674872375659,"pid":5124,"hostname":"DESKTOP-II87B4O","msg":"Node \"Lightning Node 2\" debug: connection: lavaclient <<< stats: {\"players\":0,\"playingPlayers\":0,\"uptime\":262247027,\"memory\":{\"free\":47343896,\"used\":59299560,\"allocated\":106643456,\"reservable\":285868032},\"cpu\":{\"cores\":2,\"systemLoad\":0.03104693140794224,\"lavalinkLoad\":0.0},\"op\":\"stats\"}"}
{"level":20,"time":1674872375674,"pid":5124,"hostname":"DESKTOP-II87B4O","msg":"Node \"Lightning Node 1\" debug: connection: lavaclient <<< stats: {\"players\":1,\"playingPlayers\":0,\"uptime\":261638442,\"memory\":{\"free\":21329832,\"used\":81299544,\"allocated\":102629376,\"reservable\":139919360},\"cpu\":{\"cores\":2,\"systemLoad\":0.03123877917414722,\"lavalinkLoad\":3.9142007202129324E-4},\"op\":\"stats\"}"}
{"level":20,"time":1674872435660,"pid":5124,"hostname":"DESKTOP-II87B4O","msg":"Node \"Lightning Node 2\" debug: connection: lavaclient <<< stats: {\"players\":0,\"playingPlayers\":0,\"uptime\":262307027,\"memory\":{\"free\":42708392,\"used\":63935064,\"allocated\":106643456,\"reservable\":285868032},\"cpu\":{\"cores\":2,\"systemLoad\":0.02720348204570185,\"lavalinkLoad\":0.0},\"op\":\"stats\"}"}
{"level":20,"time":1674872435676,"pid":5124,"hostname":"DESKTOP-II87B4O","msg":"Node \"Lightning Node 1\" debug: connection: lavaclient <<< stats: {\"players\":1,\"playingPlayers\":0,\"uptime\":261698442,\"memory\":{\"free\":45289192,\"used\":57340184,\"allocated\":102629376,\"reservable\":139919360},\"cpu\":{\"cores\":2,\"systemLoad\":0.027066041140382534,\"lavalinkLoad\":0.0},\"op\":\"stats\"}"}
{"level":20,"time":1674872495662,"pid":5124,"hostname":"DESKTOP-II87B4O","msg":"Node \"Lightning Node 2\" debug: connection: lavaclient <<< stats: {\"players\":0,\"playingPlayers\":0,\"uptime\":262367027,\"memory\":{\"free\":38132040,\"used\":68511416,\"allocated\":106643456,\"reservable\":285868032},\"cpu\":{\"cores\":2,\"systemLoad\":0.027124773960216998,\"lavalinkLoad\":0.0},\"op\":\"stats\"}"}
{"level":20,"time":1674872495677,"pid":5124,"hostname":"DESKTOP-II87B4O","msg":"Node \"Lightning Node 1\" debug: connection: lavaclient <<< stats: {\"players\":1,\"playingPlayers\":0,\"uptime\":261758442,\"memory\":{\"free\":40602672,\"used\":62026704,\"allocated\":102629376,\"reservable\":139919360},\"cpu\":{\"cores\":2,\"systemLoad\":0.028047464940668825,\"lavalinkLoad\":0.0},\"op\":\"stats\"}"}
{"level":20,"time":1674872555663,"pid":5124,"hostname":"DESKTOP-II87B4O","msg":"Node \"Lightning Node 2\" debug: connection: lavaclient <<< stats: {\"players\":0,\"playingPlayers\":0,\"uptime\":262427027,\"memory\":{\"free\":33370688,\"used\":73272768,\"allocated\":106643456,\"reservable\":285868032},\"cpu\":{\"cores\":2,\"systemLoad\":0.022892441860465115,\"lavalinkLoad\":0.0},\"op\":\"stats\"}"}
{"level":20,"time":1674872555678,"pid":5124,"hostname":"DESKTOP-II87B4O","msg":"Node \"Lightning Node 1\" debug: connection: lavaclient <<< stats: {\"players\":1,\"playingPlayers\":0,\"uptime\":261818442,\"memory\":{\"free\":36280120,\"used\":66349256,\"allocated\":102629376,\"reservable\":139919360},\"cpu\":{\"cores\":2,\"systemLoad\":0.02314647377938517,\"lavalinkLoad\":3.9142007202129324E-4},\"op\":\"stats\"}"}
{"level":20,"time":1674872615664,"pid":5124,"hostname":"DESKTOP-II87B4O","msg":"Node \"Lightning Node 2\" debug: connection: lavaclient <<< stats: {\"players\":0,\"playingPlayers\":0,\"uptime\":262487027,\"memory\":{\"free\":28878952,\"used\":77764504,\"allocated\":106643456,\"reservable\":285868032},\"cpu\":{\"cores\":2,\"systemLoad\":0.0337200870195794,\"lavalinkLoad\":0.0},\"op\":\"stats\"}"}
{"level":20,"time":1674872615680,"pid":5124,"hostname":"DESKTOP-II87B4O","msg":"Node \"Lightning Node 1\" debug: connection: lavaclient <<< stats: {\"players\":1,\"playingPlayers\":0,\"uptime\":261878442,\"memory\":{\"free\":31874928,\"used\":70754448,\"allocated\":102629376,\"reservable\":139919360},\"cpu\":{\"cores\":2,\"systemLoad\":0.03389830508474576,\"lavalinkLoad\":0.0},\"op\":\"stats\"}"}
